Sun Mar 24 2024 10:36:38 GMT+0700 (Indochina Time) : INFO : get product by id 1 was success
Sun Mar 24 2024 10:36:38 GMT+0700 (Indochina Time) : INFO : get product by id 1 was success
Sun Mar 24 2024 12:20:02 GMT+0700 (Indochina Time) : INFO : get product by id 1 was success
Sun Mar 24 2024 16:11:38 GMT+0700 (Indochina Time) : INFO : get transaction by branch id 2 was success
Sun Mar 24 2024 16:11:38 GMT+0700 (Indochina Time) : INFO : get transaction with date 12-12-2023 was success
Sun Mar 24 2024 16:11:39 GMT+0700 (Indochina Time) : INFO : get journals by branch id 2 was success
Sun Mar 24 2024 16:11:39 GMT+0700 (Indochina Time) : ERROR : transaction with id GRC-zRzh-jiO not found
Sun Mar 24 2024 16:11:40 GMT+0700 (Indochina Time) : ERROR : the checked-out product was not found
Sun Mar 24 2024 16:11:40 GMT+0700 (Indochina Time) : ERROR : update transaction with GRC-zRzh-jiO failed
Sun Mar 24 2024 16:11:40 GMT+0700 (Indochina Time) : INFO : update status by midtrans success with transactionId GRC-zRzh-jiO
Sun Mar 24 2024 16:11:40 GMT+0700 (Indochina Time) : INFO : update transaction payment proof success with transaction id GRC-zRzh-jiO
Sun Mar 24 2024 16:11:40 GMT+0700 (Indochina Time) : INFO : update transaction status with id GRC-zRzh-jiO was success
Sun Mar 24 2024 16:11:40 GMT+0700 (Indochina Time) : ERROR : transaction with id GRC-zRzh-jiO not found
Sun Mar 24 2024 16:11:40 GMT+0700 (Indochina Time) : INFO : update transaction status with id GRC-zRzh-jiO was success
Sun Mar 24 2024 16:11:40 GMT+0700 (Indochina Time) : INFO : update status by midtrans success with transactionId GRC-zRzh-jiO
Sun Mar 24 2024 16:11:40 GMT+0700 (Indochina Time) : INFO : update transaction status with id GRC-zRzh-jiO was success
Sun Mar 24 2024 16:11:40 GMT+0700 (Indochina Time) : INFO : update transaction status with id GRC-zRzh-jiO was success
Sun Mar 24 2024 16:11:40 GMT+0700 (Indochina Time) : INFO : update transaction status with id GRC-zRzh-jiO was success
Sun Mar 24 2024 16:11:40 GMT+0700 (Indochina Time) : ERROR : Sorry, we don't have enough in stock for your order
Sun Mar 24 2024 16:11:41 GMT+0700 (Indochina Time) : ERROR : Sorry, we don't have enough in stock for your order
Sun Mar 24 2024 16:11:42 GMT+0700 (Indochina Time) : INFO : get transactions success
Sun Mar 24 2024 16:11:42 GMT+0700 (Indochina Time) : INFO : get branchs by Geolocation success
Sun Mar 24 2024 16:11:42 GMT+0700 (Indochina Time) : INFO : get journals success
Sun Mar 24 2024 16:11:42 GMT+0700 (Indochina Time) : INFO : get transaction with id GRC-zRzh-jiO was success
Sun Mar 24 2024 16:11:43 GMT+0700 (Indochina Time) : INFO : get branchs success
Sun Mar 24 2024 16:11:43 GMT+0700 (Indochina Time) : INFO : get product by id 1 was success
Sun Mar 24 2024 21:29:43 GMT+0700 (Indochina Time) : INFO : get product by id 1 was success
Sun Mar 24 2024 21:29:56 GMT+0700 (Indochina Time) : ERROR : suyatantolearn09@gmail.com not found
Sun Mar 24 2024 21:30:09 GMT+0700 (Indochina Time) : INFO : login success with usernameOrEmail suyantolearn09@gmail.com
Sun Mar 24 2024 21:30:09 GMT+0700 (Indochina Time) : INFO : keep login with email suyantolearn09@gmail.com success
Sun Mar 24 2024 21:31:39 GMT+0700 (Indochina Time) : INFO : keep login with email suyantolearn09@gmail.com success
Sun Mar 24 2024 21:31:40 GMT+0700 (Indochina Time) : INFO : keep login with email suyantolearn09@gmail.com success
Sun Mar 24 2024 21:31:40 GMT+0700 (Indochina Time) : INFO : get product by id 1 was success
Sun Mar 24 2024 21:32:06 GMT+0700 (Indochina Time) : INFO : keep login with email suyantolearn09@gmail.com success
Sun Mar 24 2024 21:32:35 GMT+0700 (Indochina Time) : INFO : get product by id 1 was success
Sun Mar 24 2024 21:32:35 GMT+0700 (Indochina Time) : INFO : keep login with email suyantolearn09@gmail.com success
Sun Mar 24 2024 21:32:45 GMT+0700 (Indochina Time) : INFO : keep login with email suyantolearn09@gmail.com success
Sun Mar 24 2024 21:32:49 GMT+0700 (Indochina Time) : INFO : get product by id 1 was success
Sun Mar 24 2024 21:32:49 GMT+0700 (Indochina Time) : INFO : keep login with email suyantolearn09@gmail.com success
Sun Mar 24 2024 21:33:57 GMT+0700 (Indochina Time) : INFO : get product by id 1 was success
Sun Mar 24 2024 21:33:57 GMT+0700 (Indochina Time) : INFO : keep login with email suyantolearn09@gmail.com success
Sun Mar 24 2024 21:33:57 GMT+0700 (Indochina Time) : INFO : keep login with email suyantolearn09@gmail.com success
Sun Mar 24 2024 21:34:41 GMT+0700 (Indochina Time) : INFO : get product by id 1 was success
Sun Mar 24 2024 21:34:41 GMT+0700 (Indochina Time) : INFO : keep login with email suyantolearn09@gmail.com success
Sun Mar 24 2024 21:34:41 GMT+0700 (Indochina Time) : INFO : keep login with email suyantolearn09@gmail.com success
Sun Mar 24 2024 21:34:47 GMT+0700 (Indochina Time) : INFO : keep login with email suyantolearn09@gmail.com success
Sun Mar 24 2024 21:34:50 GMT+0700 (Indochina Time) : INFO : get product by id 1 was success
Sun Mar 24 2024 21:34:50 GMT+0700 (Indochina Time) : INFO : keep login with email suyantolearn09@gmail.com success
Sun Mar 24 2024 21:34:54 GMT+0700 (Indochina Time) : INFO : get product by id 21 was success
Sun Mar 24 2024 21:34:54 GMT+0700 (Indochina Time) : INFO : keep login with email suyantolearn09@gmail.com success
Sun Mar 24 2024 21:34:54 GMT+0700 (Indochina Time) : INFO : keep login with email suyantolearn09@gmail.com success
Sun Mar 24 2024 21:34:59 GMT+0700 (Indochina Time) : INFO : keep login with email suyantolearn09@gmail.com success
Sun Mar 24 2024 21:35:02 GMT+0700 (Indochina Time) : INFO : get product by id 21 was success
Sun Mar 24 2024 21:35:02 GMT+0700 (Indochina Time) : INFO : keep login with email suyantolearn09@gmail.com success
Sun Mar 24 2024 21:35:04 GMT+0700 (Indochina Time) : INFO : get product by id 2 was success
Sun Mar 24 2024 21:35:04 GMT+0700 (Indochina Time) : INFO : keep login with email suyantolearn09@gmail.com success
Sun Mar 24 2024 21:35:04 GMT+0700 (Indochina Time) : INFO : keep login with email suyantolearn09@gmail.com success
Sun Mar 24 2024 21:35:09 GMT+0700 (Indochina Time) : INFO : keep login with email suyantolearn09@gmail.com success
Sun Mar 24 2024 21:36:38 GMT+0700 (Indochina Time) : INFO : keep login with email suyantolearn09@gmail.com success
Sun Mar 24 2024 21:36:38 GMT+0700 (Indochina Time) : INFO : get customer by id 2 was success
Sun Mar 24 2024 21:36:49 GMT+0700 (Indochina Time) : INFO : get branchs by Geolocation success
Sun Mar 24 2024 21:36:53 GMT+0700 (Indochina Time) : INFO : get branchs by Geolocation success
Sun Mar 24 2024 21:37:34 GMT+0700 (Indochina Time) : INFO : get branchs by Geolocation success
Sun Mar 24 2024 21:38:14 GMT+0700 (Indochina Time) : INFO : keep login with email suyantolearn09@gmail.com success
Sun Mar 24 2024 21:38:15 GMT+0700 (Indochina Time) : INFO : keep login with email suyantolearn09@gmail.com success
Sun Mar 24 2024 21:38:15 GMT+0700 (Indochina Time) : INFO : get customer by id 2 was success
Sun Mar 24 2024 21:38:16 GMT+0700 (Indochina Time) : INFO : keep login with email suyantolearn09@gmail.com success
Sun Mar 24 2024 21:38:18 GMT+0700 (Indochina Time) : INFO : keep login with email suyantolearn09@gmail.com success
Sun Mar 24 2024 21:38:18 GMT+0700 (Indochina Time) : INFO : get customer by id 2 was success
Sun Mar 24 2024 21:38:19 GMT+0700 (Indochina Time) : INFO : get branchs by Geolocation success
Sun Mar 24 2024 21:38:26 GMT+0700 (Indochina Time) : ERROR : Sorry, we don't have enough in stock for your order
Sun Mar 24 2024 21:39:04 GMT+0700 (Indochina Time) : INFO : keep login with email suyantolearn09@gmail.com success
Sun Mar 24 2024 21:39:04 GMT+0700 (Indochina Time) : INFO : keep login with email suyantolearn09@gmail.com success
Sun Mar 24 2024 21:39:05 GMT+0700 (Indochina Time) : INFO : get branchs success
Sun Mar 24 2024 21:39:05 GMT+0700 (Indochina Time) : INFO : get transaction by branch id 0 was success
Sun Mar 24 2024 21:39:20 GMT+0700 (Indochina Time) : ERROR : admin123 invalid
Sun Mar 24 2024 21:39:27 GMT+0700 (Indochina Time) : ERROR : bdui123 invalid
Sun Mar 24 2024 21:39:33 GMT+0700 (Indochina Time) : INFO : login admin success with usernameOrEmail budisuperadmin@mail.com
Sun Mar 24 2024 21:39:34 GMT+0700 (Indochina Time) : INFO : get branchs success
Sun Mar 24 2024 21:39:34 GMT+0700 (Indochina Time) : INFO : keep login admin with email budisuperadmin@mail.com success
Sun Mar 24 2024 21:39:34 GMT+0700 (Indochina Time) : INFO : get transactions success
Sun Mar 24 2024 21:39:34 GMT+0700 (Indochina Time) : INFO : get transactions success
Sun Mar 24 2024 21:40:20 GMT+0700 (Indochina Time) : ERROR : Sorry, we don't have enough in stock for your order
Sun Mar 24 2024 21:40:41 GMT+0700 (Indochina Time) : INFO : keep login with email suyantolearn09@gmail.com success
Sun Mar 24 2024 21:40:42 GMT+0700 (Indochina Time) : INFO : keep login with email suyantolearn09@gmail.com success
Sun Mar 24 2024 21:40:42 GMT+0700 (Indochina Time) : INFO : get customer by id 2 was success
Sun Mar 24 2024 21:40:44 GMT+0700 (Indochina Time) : INFO : get branchs by Geolocation success
Sun Mar 24 2024 21:40:49 GMT+0700 (Indochina Time) : INFO : create transaction with id GRC-EavE-UDM was success
Sun Mar 24 2024 21:40:49 GMT+0700 (Indochina Time) : INFO : get transaction with id GRC-EavE-UDM was success
Sun Mar 24 2024 21:40:49 GMT+0700 (Indochina Time) : INFO : keep login with email suyantolearn09@gmail.com success
Sun Mar 24 2024 21:41:11 GMT+0700 (Indochina Time) : INFO : get branchs success
Sun Mar 24 2024 21:41:11 GMT+0700 (Indochina Time) : INFO : get transaction by branch id 0 was success
Sun Mar 24 2024 21:41:11 GMT+0700 (Indochina Time) : INFO : keep login admin with email budisuperadmin@mail.com success
Sun Mar 24 2024 21:41:11 GMT+0700 (Indochina Time) : INFO : keep login admin with email budisuperadmin@mail.com success
Sun Mar 24 2024 21:41:11 GMT+0700 (Indochina Time) : INFO : get branchs success
Sun Mar 24 2024 21:41:11 GMT+0700 (Indochina Time) : INFO : get transactions success
Sun Mar 24 2024 21:41:17 GMT+0700 (Indochina Time) : INFO : get transaction with id GRC-EavE-UDM was success
Sun Mar 24 2024 21:43:37 GMT+0700 (Indochina Time) : INFO : update transaction payment proof success with transaction id GRC-EavE-UDM
Sun Mar 24 2024 21:43:37 GMT+0700 (Indochina Time) : INFO : get transaction with id GRC-EavE-UDM was success
Sun Mar 24 2024 21:46:31 GMT+0700 (Indochina Time) : INFO : get transaction with date Sun Mar 24 2024 21:46:30 GMT 0700 (Indochina Time) was success
Sun Mar 24 2024 21:46:31 GMT+0700 (Indochina Time) : INFO : get transactions success
Sun Mar 24 2024 21:46:31 GMT+0700 (Indochina Time) : INFO : keep login with email suyantolearn09@gmail.com success
Sun Mar 24 2024 21:46:39 GMT+0700 (Indochina Time) : INFO : get transaction with id GRC-EavE-UDM was success
Sun Mar 24 2024 21:46:39 GMT+0700 (Indochina Time) : INFO : keep login with email suyantolearn09@gmail.com success
Sun Mar 24 2024 21:46:41 GMT+0700 (Indochina Time) : INFO : keep login with email suyantolearn09@gmail.com success
Sun Mar 24 2024 21:46:41 GMT+0700 (Indochina Time) : INFO : get transaction with date Sun Mar 24 2024 21:46:41 GMT 0700 (Indochina Time) was success
Sun Mar 24 2024 21:46:41 GMT+0700 (Indochina Time) : INFO : get transactions success
Sun Mar 24 2024 21:46:42 GMT+0700 (Indochina Time) : INFO : keep login with email suyantolearn09@gmail.com success
Sun Mar 24 2024 21:46:42 GMT+0700 (Indochina Time) : INFO : get transaction with id GRC-Rexc-NfD was success
Sun Mar 24 2024 21:46:44 GMT+0700 (Indochina Time) : INFO : keep login with email suyantolearn09@gmail.com success
Sun Mar 24 2024 21:46:44 GMT+0700 (Indochina Time) : INFO : get transaction with date Sun Mar 24 2024 21:46:44 GMT 0700 (Indochina Time) was success
Sun Mar 24 2024 21:46:44 GMT+0700 (Indochina Time) : INFO : get transactions success
Sun Mar 24 2024 21:47:18 GMT+0700 (Indochina Time) : INFO : get transaction with id GRC-hziA-Q_A was success
Sun Mar 24 2024 21:47:20 GMT+0700 (Indochina Time) : INFO : get transaction with date Thu Mar 21 2024 21:46:44 GMT 0700 (Indochina Time) was success
Sun Mar 24 2024 21:47:23 GMT+0700 (Indochina Time) : INFO : get transaction with date Wed Mar 20 2024 21:46:44 GMT 0700 (Indochina Time) was success
Sun Mar 24 2024 21:47:25 GMT+0700 (Indochina Time) : INFO : get transaction with date Fri Mar 22 2024 21:46:44 GMT 0700 (Indochina Time) was success
Sun Mar 24 2024 21:47:31 GMT+0700 (Indochina Time) : INFO : get transaction with date Thu Mar 21 2024 21:46:44 GMT 0700 (Indochina Time) was success
Sun Mar 24 2024 21:47:34 GMT+0700 (Indochina Time) : INFO : get transaction with date Fri Mar 22 2024 21:46:44 GMT 0700 (Indochina Time) was success
Sun Mar 24 2024 21:47:39 GMT+0700 (Indochina Time) : INFO : get transaction with date Sat Mar 23 2024 21:46:44 GMT 0700 (Indochina Time) was success
Sun Mar 24 2024 21:47:44 GMT+0700 (Indochina Time) : INFO : get transaction with date Fri Mar 22 2024 21:46:44 GMT 0700 (Indochina Time) was success
Sun Mar 24 2024 21:47:51 GMT+0700 (Indochina Time) : INFO : get transaction with date Sat Mar 23 2024 21:46:44 GMT 0700 (Indochina Time) was success
Sun Mar 24 2024 21:47:53 GMT+0700 (Indochina Time) : INFO : get transaction with date Fri Mar 22 2024 21:46:44 GMT 0700 (Indochina Time) was success
Sun Mar 24 2024 21:48:07 GMT+0700 (Indochina Time) : INFO : get transaction with id GRC-Rexc-NfD was success
Sun Mar 24 2024 21:48:07 GMT+0700 (Indochina Time) : INFO : keep login with email suyantolearn09@gmail.com success
Sun Mar 24 2024 21:48:12 GMT+0700 (Indochina Time) : INFO : keep login with email suyantolearn09@gmail.com success
Sun Mar 24 2024 21:48:12 GMT+0700 (Indochina Time) : INFO : get transaction with date Sun Mar 24 2024 21:48:12 GMT 0700 (Indochina Time) was success
Sun Mar 24 2024 21:48:12 GMT+0700 (Indochina Time) : INFO : get transactions success
Sun Mar 24 2024 21:48:12 GMT+0700 (Indochina Time) : INFO : get transaction with id GRC-EavE-UDM was success
Sun Mar 24 2024 21:48:13 GMT+0700 (Indochina Time) : INFO : keep login with email suyantolearn09@gmail.com success
Sun Mar 24 2024 21:48:13 GMT+0700 (Indochina Time) : INFO : keep login with email suyantolearn09@gmail.com success
Sun Mar 24 2024 21:48:13 GMT+0700 (Indochina Time) : INFO : get transaction with id GRC-EavE-UDM was success
Sun Mar 24 2024 21:48:13 GMT+0700 (Indochina Time) : INFO : keep login with email suyantolearn09@gmail.com success
Sun Mar 24 2024 21:48:28 GMT+0700 (Indochina Time) : INFO : get product by id 1 was success
Sun Mar 24 2024 21:48:28 GMT+0700 (Indochina Time) : INFO : keep login with email suyantolearn09@gmail.com success
Sun Mar 24 2024 21:48:28 GMT+0700 (Indochina Time) : INFO : keep login with email suyantolearn09@gmail.com success
Sun Mar 24 2024 21:49:09 GMT+0700 (Indochina Time) : INFO : get product by id 21 was success
Sun Mar 24 2024 21:49:09 GMT+0700 (Indochina Time) : INFO : keep login with email suyantolearn09@gmail.com success
Sun Mar 24 2024 21:49:09 GMT+0700 (Indochina Time) : INFO : keep login with email suyantolearn09@gmail.com success
Sun Mar 24 2024 21:49:12 GMT+0700 (Indochina Time) : INFO : keep login with email suyantolearn09@gmail.com success
Sun Mar 24 2024 21:49:12 GMT+0700 (Indochina Time) : INFO : get product by id 2 was success
Sun Mar 24 2024 21:49:12 GMT+0700 (Indochina Time) : INFO : keep login with email suyantolearn09@gmail.com success
Sun Mar 24 2024 21:49:16 GMT+0700 (Indochina Time) : INFO : keep login with email suyantolearn09@gmail.com success
Sun Mar 24 2024 21:49:36 GMT+0700 (Indochina Time) : INFO : get customer by id 2 was success
Sun Mar 24 2024 21:49:36 GMT+0700 (Indochina Time) : INFO : keep login with email suyantolearn09@gmail.com success
Sun Mar 24 2024 21:49:37 GMT+0700 (Indochina Time) : INFO : get branchs by Geolocation success
Sun Mar 24 2024 21:49:44 GMT+0700 (Indochina Time) : INFO : create transaction with id GRC-I-r3-1fH was success
Sun Mar 24 2024 21:49:45 GMT+0700 (Indochina Time) : INFO : get transaction with id GRC-I-r3-1fH was success
Sun Mar 24 2024 21:49:45 GMT+0700 (Indochina Time) : INFO : keep login with email suyantolearn09@gmail.com success
Sun Mar 24 2024 21:50:18 GMT+0700 (Indochina Time) : INFO : update transaction status with id GRC-I-r3-1fH was success
Sun Mar 24 2024 21:50:18 GMT+0700 (Indochina Time) : INFO : get transaction with id GRC-I-r3-1fH was success
Sun Mar 24 2024 21:51:47 GMT+0700 (Indochina Time) : INFO : keep login with email suyantolearn09@gmail.com success
Sun Mar 24 2024 21:51:47 GMT+0700 (Indochina Time) : INFO : get transaction with date Sun Mar 24 2024 21:51:47 GMT 0700 (Indochina Time) was success
Sun Mar 24 2024 21:51:47 GMT+0700 (Indochina Time) : INFO : get transactions success
Sun Mar 24 2024 21:51:49 GMT+0700 (Indochina Time) : INFO : keep login with email suyantolearn09@gmail.com success
Sun Mar 24 2024 21:51:49 GMT+0700 (Indochina Time) : INFO : get transaction with id GRC-EavE-UDM was success
Sun Mar 24 2024 21:51:58 GMT+0700 (Indochina Time) : INFO : get branchs success
Sun Mar 24 2024 21:51:58 GMT+0700 (Indochina Time) : INFO : get transaction by branch id 0 was success
Sun Mar 24 2024 21:51:58 GMT+0700 (Indochina Time) : INFO : keep login admin with email budisuperadmin@mail.com success
Sun Mar 24 2024 21:51:58 GMT+0700 (Indochina Time) : INFO : keep login admin with email budisuperadmin@mail.com success
Sun Mar 24 2024 21:51:58 GMT+0700 (Indochina Time) : INFO : get branchs success
Sun Mar 24 2024 21:51:58 GMT+0700 (Indochina Time) : INFO : get transactions success
Sun Mar 24 2024 21:52:43 GMT+0700 (Indochina Time) : INFO : get transaction with id GRC-EavE-UDM was success
Sun Mar 24 2024 21:52:46 GMT+0700 (Indochina Time) : INFO : update transaction status with id GRC-EavE-UDM was success
Sun Mar 24 2024 21:52:46 GMT+0700 (Indochina Time) : INFO : get branchs success
Sun Mar 24 2024 21:52:46 GMT+0700 (Indochina Time) : INFO : get transactions success
Sun Mar 24 2024 21:52:48 GMT+0700 (Indochina Time) : INFO : get transaction with id GRC-EavE-UDM was success
Sun Mar 24 2024 21:52:50 GMT+0700 (Indochina Time) : INFO : update transaction status with id GRC-EavE-UDM was success
Sun Mar 24 2024 21:52:50 GMT+0700 (Indochina Time) : INFO : get branchs success
Sun Mar 24 2024 21:52:50 GMT+0700 (Indochina Time) : INFO : get transactions success
Sun Mar 24 2024 21:52:53 GMT+0700 (Indochina Time) : INFO : get transaction with id GRC-EavE-UDM was success
Sun Mar 24 2024 21:52:53 GMT+0700 (Indochina Time) : INFO : keep login with email suyantolearn09@gmail.com success
Sun Mar 24 2024 21:52:53 GMT+0700 (Indochina Time) : INFO : keep login with email suyantolearn09@gmail.com success
Sun Mar 24 2024 21:53:05 GMT+0700 (Indochina Time) : INFO : update transaction status with id GRC-EavE-UDM was success
Sun Mar 24 2024 21:53:05 GMT+0700 (Indochina Time) : INFO : get transaction with id GRC-EavE-UDM was success
Sun Mar 24 2024 21:53:10 GMT+0700 (Indochina Time) : INFO : get branchs success
Sun Mar 24 2024 21:53:10 GMT+0700 (Indochina Time) : INFO : get transaction by branch id 0 was success
Sun Mar 24 2024 21:53:10 GMT+0700 (Indochina Time) : INFO : keep login admin with email budisuperadmin@mail.com success
Sun Mar 24 2024 21:53:11 GMT+0700 (Indochina Time) : INFO : keep login admin with email budisuperadmin@mail.com success
Sun Mar 24 2024 21:53:11 GMT+0700 (Indochina Time) : INFO : get branchs success
Sun Mar 24 2024 21:53:11 GMT+0700 (Indochina Time) : INFO : get transactions success
Sun Mar 24 2024 21:55:27 GMT+0700 (Indochina Time) : INFO : get branchs success
Sun Mar 24 2024 21:55:27 GMT+0700 (Indochina Time) : INFO : get transactions success
Sun Mar 24 2024 21:55:27 GMT+0700 (Indochina Time) : INFO : get transactions success
Sun Mar 24 2024 21:55:28 GMT+0700 (Indochina Time) : INFO : get branchs success
Sun Mar 24 2024 21:55:28 GMT+0700 (Indochina Time) : INFO : get transactions success
Sun Mar 24 2024 21:55:28 GMT+0700 (Indochina Time) : INFO : get transactions success
Sun Mar 24 2024 21:55:37 GMT+0700 (Indochina Time) : INFO : get branchs success
Sun Mar 24 2024 21:55:37 GMT+0700 (Indochina Time) : INFO : get transaction by branch id 1 was success
Sun Mar 24 2024 21:55:40 GMT+0700 (Indochina Time) : INFO : get branchs success
Sun Mar 24 2024 21:55:40 GMT+0700 (Indochina Time) : INFO : get transaction by branch id 2 was success
Sun Mar 24 2024 21:55:41 GMT+0700 (Indochina Time) : INFO : get branchs success
Sun Mar 24 2024 21:55:41 GMT+0700 (Indochina Time) : INFO : get transaction by branch id 3 was success
Sun Mar 24 2024 21:55:48 GMT+0700 (Indochina Time) : INFO : get branchs success
Sun Mar 24 2024 21:55:48 GMT+0700 (Indochina Time) : INFO : get transaction by branch id 1 was success
Sun Mar 24 2024 21:56:13 GMT+0700 (Indochina Time) : ERROR : lemonadmin@mail.com not found
Sun Mar 24 2024 21:56:31 GMT+0700 (Indochina Time) : INFO : login success with usernameOrEmail suyantolearn09@gmail.com
Sun Mar 24 2024 21:56:31 GMT+0700 (Indochina Time) : INFO : keep login with email suyantolearn09@gmail.com success
Sun Mar 24 2024 21:56:34 GMT+0700 (Indochina Time) : INFO : get branchs success
Sun Mar 24 2024 21:56:34 GMT+0700 (Indochina Time) : INFO : get transaction by branch id 1 was success
Sun Mar 24 2024 21:56:44 GMT+0700 (Indochina Time) : ERROR : admin123 invalid
Sun Mar 24 2024 21:56:48 GMT+0700 (Indochina Time) : INFO : login admin success with usernameOrEmail lemonadmin@mail.com
Sun Mar 24 2024 21:56:48 GMT+0700 (Indochina Time) : INFO : get transaction by branch id 2 was success
Sun Mar 24 2024 21:56:48 GMT+0700 (Indochina Time) : INFO : get branchs success
Sun Mar 24 2024 21:56:48 GMT+0700 (Indochina Time) : INFO : keep login admin with email lemonadmin@mail.com success
Sun Mar 24 2024 21:56:55 GMT+0700 (Indochina Time) : INFO : get branchs success
Sun Mar 24 2024 21:56:55 GMT+0700 (Indochina Time) : INFO : get transaction by branch id 0 was success
Sun Mar 24 2024 21:57:00 GMT+0700 (Indochina Time) : ERROR : admin123 invalid
Sun Mar 24 2024 21:57:03 GMT+0700 (Indochina Time) : INFO : login admin success with usernameOrEmail nanaadmin@mail.com
Sun Mar 24 2024 21:57:03 GMT+0700 (Indochina Time) : INFO : get branchs success
Sun Mar 24 2024 21:57:03 GMT+0700 (Indochina Time) : INFO : keep login admin with email nanaadmin@mail.com success
Sun Mar 24 2024 21:57:03 GMT+0700 (Indochina Time) : INFO : get transaction by branch id 1 was success
Sun Mar 24 2024 21:57:07 GMT+0700 (Indochina Time) : INFO : get branchs success
Sun Mar 24 2024 21:57:07 GMT+0700 (Indochina Time) : INFO : get transaction by branch id 1 was success
Sun Mar 24 2024 21:57:10 GMT+0700 (Indochina Time) : INFO : get branchs success
Sun Mar 24 2024 21:57:10 GMT+0700 (Indochina Time) : INFO : get transaction by branch id 1 was success
Sun Mar 24 2024 21:57:13 GMT+0700 (Indochina Time) : INFO : get branchs success
Sun Mar 24 2024 21:57:13 GMT+0700 (Indochina Time) : INFO : get transaction by branch id 1 was success
Sun Mar 24 2024 21:57:15 GMT+0700 (Indochina Time) : INFO : get branchs success
Sun Mar 24 2024 21:57:15 GMT+0700 (Indochina Time) : INFO : get transaction by branch id 1 was success
Sun Mar 24 2024 21:57:51 GMT+0700 (Indochina Time) : INFO : get product by id 1 was success
Sun Mar 24 2024 21:57:51 GMT+0700 (Indochina Time) : INFO : keep login with email suyantolearn09@gmail.com success
Sun Mar 24 2024 21:57:51 GMT+0700 (Indochina Time) : INFO : keep login with email suyantolearn09@gmail.com success
Sun Mar 24 2024 21:57:56 GMT+0700 (Indochina Time) : INFO : keep login with email suyantolearn09@gmail.com success
Sun Mar 24 2024 21:57:57 GMT+0700 (Indochina Time) : INFO : keep login with email suyantolearn09@gmail.com success
Sun Mar 24 2024 21:57:57 GMT+0700 (Indochina Time) : INFO : get customer by id 2 was success
Sun Mar 24 2024 21:57:58 GMT+0700 (Indochina Time) : INFO : get branchs by Geolocation success
Sun Mar 24 2024 21:58:03 GMT+0700 (Indochina Time) : INFO : create transaction with id GRC-jm9E-uTo was success
Sun Mar 24 2024 21:58:03 GMT+0700 (Indochina Time) : INFO : get transaction with id GRC-jm9E-uTo was success
Sun Mar 24 2024 21:58:03 GMT+0700 (Indochina Time) : INFO : keep login with email suyantolearn09@gmail.com success
Sun Mar 24 2024 21:58:18 GMT+0700 (Indochina Time) : INFO : update transaction payment proof success with transaction id GRC-jm9E-uTo
Sun Mar 24 2024 21:58:18 GMT+0700 (Indochina Time) : INFO : get transaction with id GRC-jm9E-uTo was success
Sun Mar 24 2024 21:58:46 GMT+0700 (Indochina Time) : INFO : get branchs success
Sun Mar 24 2024 21:58:46 GMT+0700 (Indochina Time) : INFO : get transaction by branch id 0 was success
Sun Mar 24 2024 21:58:46 GMT+0700 (Indochina Time) : INFO : keep login admin with email nanaadmin@mail.com success
Sun Mar 24 2024 21:58:46 GMT+0700 (Indochina Time) : INFO : keep login admin with email nanaadmin@mail.com success
Sun Mar 24 2024 21:58:46 GMT+0700 (Indochina Time) : INFO : get branchs success
Sun Mar 24 2024 21:58:46 GMT+0700 (Indochina Time) : INFO : get transaction by branch id 1 was success
Sun Mar 24 2024 21:58:55 GMT+0700 (Indochina Time) : INFO : get branchs success
Sun Mar 24 2024 21:58:55 GMT+0700 (Indochina Time) : INFO : get transaction by branch id 0 was success
Sun Mar 24 2024 21:59:03 GMT+0700 (Indochina Time) : INFO : login admin success with usernameOrEmail budisuperadmin@mail.com
Sun Mar 24 2024 21:59:03 GMT+0700 (Indochina Time) : INFO : get branchs success
Sun Mar 24 2024 21:59:03 GMT+0700 (Indochina Time) : INFO : keep login admin with email budisuperadmin@mail.com success
Sun Mar 24 2024 21:59:03 GMT+0700 (Indochina Time) : INFO : get transactions success
Sun Mar 24 2024 21:59:03 GMT+0700 (Indochina Time) : INFO : get transactions success
Sun Mar 24 2024 21:59:06 GMT+0700 (Indochina Time) : INFO : keep login admin with email budisuperadmin@mail.com success
Sun Mar 24 2024 21:59:06 GMT+0700 (Indochina Time) : INFO : get transaction by branch id 0 was success
Sun Mar 24 2024 21:59:06 GMT+0700 (Indochina Time) : INFO : get branchs success
Sun Mar 24 2024 21:59:06 GMT+0700 (Indochina Time) : INFO : keep login admin with email budisuperadmin@mail.com success
Sun Mar 24 2024 21:59:06 GMT+0700 (Indochina Time) : INFO : get branchs success
Sun Mar 24 2024 21:59:06 GMT+0700 (Indochina Time) : INFO : get transactions success
Sun Mar 24 2024 21:59:08 GMT+0700 (Indochina Time) : INFO : get transaction with id GRC-jm9E-uTo was success
Sun Mar 24 2024 21:59:27 GMT+0700 (Indochina Time) : INFO : get transaction with id GRC-jm9E-uTo was success
Sun Mar 24 2024 21:59:30 GMT+0700 (Indochina Time) : INFO : update transaction status with id GRC-jm9E-uTo was success
Sun Mar 24 2024 21:59:30 GMT+0700 (Indochina Time) : INFO : get branchs success
Sun Mar 24 2024 21:59:30 GMT+0700 (Indochina Time) : INFO : get transactions success
Sun Mar 24 2024 21:59:33 GMT+0700 (Indochina Time) : INFO : get transaction with id GRC-jm9E-uTo was success
Sun Mar 24 2024 21:59:33 GMT+0700 (Indochina Time) : INFO : keep login with email suyantolearn09@gmail.com success
Sun Mar 24 2024 21:59:33 GMT+0700 (Indochina Time) : INFO : keep login with email suyantolearn09@gmail.com success
Sun Mar 24 2024 21:59:46 GMT+0700 (Indochina Time) : INFO : update transaction payment proof success with transaction id GRC-jm9E-uTo
Sun Mar 24 2024 21:59:46 GMT+0700 (Indochina Time) : INFO : get transaction with id GRC-jm9E-uTo was success
Sun Mar 24 2024 21:59:49 GMT+0700 (Indochina Time) : INFO : get branchs success
Sun Mar 24 2024 21:59:49 GMT+0700 (Indochina Time) : INFO : get transaction by branch id 0 was success
Sun Mar 24 2024 21:59:49 GMT+0700 (Indochina Time) : INFO : keep login admin with email budisuperadmin@mail.com success
Sun Mar 24 2024 21:59:49 GMT+0700 (Indochina Time) : INFO : keep login admin with email budisuperadmin@mail.com success
Sun Mar 24 2024 21:59:49 GMT+0700 (Indochina Time) : INFO : get branchs success
Sun Mar 24 2024 21:59:49 GMT+0700 (Indochina Time) : INFO : get transactions success
Sun Mar 24 2024 21:59:51 GMT+0700 (Indochina Time) : INFO : get transaction with id GRC-jm9E-uTo was success
Sun Mar 24 2024 21:59:57 GMT+0700 (Indochina Time) : INFO : update transaction status with id GRC-jm9E-uTo was success
Sun Mar 24 2024 21:59:57 GMT+0700 (Indochina Time) : INFO : get branchs success
Sun Mar 24 2024 21:59:57 GMT+0700 (Indochina Time) : INFO : get transactions success
Sun Mar 24 2024 22:00:00 GMT+0700 (Indochina Time) : INFO : get transaction with id GRC-jm9E-uTo was success
Sun Mar 24 2024 22:00:00 GMT+0700 (Indochina Time) : INFO : keep login with email suyantolearn09@gmail.com success
Sun Mar 24 2024 22:00:00 GMT+0700 (Indochina Time) : INFO : keep login with email suyantolearn09@gmail.com success
Sun Mar 24 2024 22:00:08 GMT+0700 (Indochina Time) : INFO : get transaction with id GRC-jm9E-uTo was success
Sun Mar 24 2024 22:00:25 GMT+0700 (Indochina Time) : INFO : update transaction status with id GRC-jm9E-uTo was success
Sun Mar 24 2024 22:00:25 GMT+0700 (Indochina Time) : INFO : get branchs success
Sun Mar 24 2024 22:00:25 GMT+0700 (Indochina Time) : INFO : get transactions success
Sun Mar 24 2024 22:00:30 GMT+0700 (Indochina Time) : INFO : get transaction with id GRC-jm9E-uTo was success
Sun Mar 24 2024 22:00:30 GMT+0700 (Indochina Time) : INFO : keep login with email suyantolearn09@gmail.com success
Sun Mar 24 2024 22:00:31 GMT+0700 (Indochina Time) : INFO : keep login with email suyantolearn09@gmail.com success
Sun Mar 24 2024 22:02:42 GMT+0700 (Indochina Time) : INFO : get product by id 1 was success
Sun Mar 24 2024 22:02:42 GMT+0700 (Indochina Time) : INFO : keep login with email suyantolearn09@gmail.com success
Sun Mar 24 2024 22:02:42 GMT+0700 (Indochina Time) : INFO : keep login with email suyantolearn09@gmail.com success
Sun Mar 24 2024 22:02:46 GMT+0700 (Indochina Time) : INFO : keep login with email suyantolearn09@gmail.com success
Sun Mar 24 2024 22:02:52 GMT+0700 (Indochina Time) : INFO : get customer by id 2 was success
Sun Mar 24 2024 22:02:52 GMT+0700 (Indochina Time) : INFO : keep login with email suyantolearn09@gmail.com success
Sun Mar 24 2024 22:02:54 GMT+0700 (Indochina Time) : INFO : get branchs by Geolocation success
Sun Mar 24 2024 22:02:58 GMT+0700 (Indochina Time) : INFO : create transaction with id GRC--oVP-HpD was success
Sun Mar 24 2024 22:02:58 GMT+0700 (Indochina Time) : INFO : get transaction with id GRC--oVP-HpD was success
Sun Mar 24 2024 22:02:58 GMT+0700 (Indochina Time) : INFO : keep login with email suyantolearn09@gmail.com success
Sun Mar 24 2024 22:05:09 GMT+0700 (Indochina Time) : INFO : update transaction payment proof success with transaction id GRC--oVP-HpD
Sun Mar 24 2024 22:05:09 GMT+0700 (Indochina Time) : INFO : get transaction with id GRC--oVP-HpD was success
Sun Mar 24 2024 22:05:13 GMT+0700 (Indochina Time) : INFO : get branchs success
Sun Mar 24 2024 22:05:13 GMT+0700 (Indochina Time) : INFO : get transaction by branch id 0 was success
Sun Mar 24 2024 22:05:13 GMT+0700 (Indochina Time) : INFO : keep login admin with email budisuperadmin@mail.com success
Sun Mar 24 2024 22:05:13 GMT+0700 (Indochina Time) : INFO : keep login admin with email budisuperadmin@mail.com success
Sun Mar 24 2024 22:05:13 GMT+0700 (Indochina Time) : INFO : get branchs success
Sun Mar 24 2024 22:05:13 GMT+0700 (Indochina Time) : INFO : get transactions success
Sun Mar 24 2024 22:05:15 GMT+0700 (Indochina Time) : INFO : get transaction with id GRC--oVP-HpD was success
Sun Mar 24 2024 22:05:17 GMT+0700 (Indochina Time) : INFO : update transaction status with id GRC--oVP-HpD was success
Sun Mar 24 2024 22:05:17 GMT+0700 (Indochina Time) : INFO : get branchs success
Sun Mar 24 2024 22:05:17 GMT+0700 (Indochina Time) : INFO : get transactions success
Sun Mar 24 2024 22:05:18 GMT+0700 (Indochina Time) : INFO : get transaction with id GRC--oVP-HpD was success
Sun Mar 24 2024 22:05:19 GMT+0700 (Indochina Time) : INFO : update transaction status with id GRC--oVP-HpD was success
Sun Mar 24 2024 22:05:19 GMT+0700 (Indochina Time) : INFO : get branchs success
Sun Mar 24 2024 22:05:19 GMT+0700 (Indochina Time) : INFO : get transactions success
Sun Mar 24 2024 22:05:27 GMT+0700 (Indochina Time) : INFO : get transaction with id GRC--oVP-HpD was success
Sun Mar 24 2024 22:05:27 GMT+0700 (Indochina Time) : INFO : keep login with email suyantolearn09@gmail.com success
Sun Mar 24 2024 22:05:27 GMT+0700 (Indochina Time) : INFO : keep login with email suyantolearn09@gmail.com success
Sun Mar 24 2024 22:05:38 GMT+0700 (Indochina Time) : INFO : update transaction status with id GRC--oVP-HpD was success
Sun Mar 24 2024 22:05:38 GMT+0700 (Indochina Time) : INFO : get transaction with id GRC--oVP-HpD was success
Sun Mar 24 2024 22:06:45 GMT+0700 (Indochina Time) : INFO : get product by id 1 was success
Sun Mar 24 2024 22:06:45 GMT+0700 (Indochina Time) : INFO : keep login with email suyantolearn09@gmail.com success
Sun Mar 24 2024 22:06:45 GMT+0700 (Indochina Time) : INFO : keep login with email suyantolearn09@gmail.com success
Sun Mar 24 2024 22:06:49 GMT+0700 (Indochina Time) : INFO : keep login with email suyantolearn09@gmail.com success
Sun Mar 24 2024 22:06:56 GMT+0700 (Indochina Time) : INFO : get customer by id 2 was success
Sun Mar 24 2024 22:06:56 GMT+0700 (Indochina Time) : INFO : keep login with email suyantolearn09@gmail.com success
Sun Mar 24 2024 22:07:00 GMT+0700 (Indochina Time) : INFO : get branchs by Geolocation success
Sun Mar 24 2024 22:07:05 GMT+0700 (Indochina Time) : INFO : create transaction with id GRC-JmsI-FrY was success
Sun Mar 24 2024 22:07:05 GMT+0700 (Indochina Time) : INFO : get transaction with id GRC-JmsI-FrY was success
Sun Mar 24 2024 22:07:05 GMT+0700 (Indochina Time) : INFO : keep login with email suyantolearn09@gmail.com success
Sun Mar 24 2024 22:07:19 GMT+0700 (Indochina Time) : INFO : update transaction payment proof success with transaction id GRC-JmsI-FrY
Sun Mar 24 2024 22:07:19 GMT+0700 (Indochina Time) : INFO : get transaction with id GRC-JmsI-FrY was success
Sun Mar 24 2024 22:07:27 GMT+0700 (Indochina Time) : INFO : get branchs success
Sun Mar 24 2024 22:07:27 GMT+0700 (Indochina Time) : INFO : get transaction by branch id 0 was success
Sun Mar 24 2024 22:07:27 GMT+0700 (Indochina Time) : INFO : keep login admin with email budisuperadmin@mail.com success
Sun Mar 24 2024 22:07:27 GMT+0700 (Indochina Time) : INFO : keep login admin with email budisuperadmin@mail.com success
Sun Mar 24 2024 22:07:27 GMT+0700 (Indochina Time) : INFO : get transactions success
Sun Mar 24 2024 22:07:27 GMT+0700 (Indochina Time) : INFO : get branchs success
Sun Mar 24 2024 22:07:29 GMT+0700 (Indochina Time) : INFO : get transaction with id GRC-JmsI-FrY was success
Sun Mar 24 2024 22:07:36 GMT+0700 (Indochina Time) : INFO : get transaction with id GRC-JmsI-FrY was success
Sun Mar 24 2024 22:07:37 GMT+0700 (Indochina Time) : INFO : update transaction status with id GRC-JmsI-FrY was success
Sun Mar 24 2024 22:07:37 GMT+0700 (Indochina Time) : INFO : get branchs success
Sun Mar 24 2024 22:07:37 GMT+0700 (Indochina Time) : INFO : get transactions success
Sun Mar 24 2024 22:07:53 GMT+0700 (Indochina Time) : INFO : get transaction with id GRC-JmsI-FrY was success
Sun Mar 24 2024 22:08:31 GMT+0700 (Indochina Time) : INFO : update transaction status with id GRC-JmsI-FrY was success
Sun Mar 24 2024 22:08:31 GMT+0700 (Indochina Time) : INFO : get branchs success
Sun Mar 24 2024 22:08:31 GMT+0700 (Indochina Time) : INFO : get transactions success
Sun Mar 24 2024 22:08:35 GMT+0700 (Indochina Time) : INFO : get transaction with id GRC-JmsI-FrY was success
Sun Mar 24 2024 22:08:35 GMT+0700 (Indochina Time) : INFO : keep login with email suyantolearn09@gmail.com success
Sun Mar 24 2024 22:08:35 GMT+0700 (Indochina Time) : INFO : keep login with email suyantolearn09@gmail.com success
Sun Mar 24 2024 22:10:53 GMT+0700 (Indochina Time) : INFO : get transaction with id GRC-JmsI-FrY was success
Sun Mar 24 2024 22:10:53 GMT+0700 (Indochina Time) : INFO : keep login with email suyantolearn09@gmail.com success
Sun Mar 24 2024 22:10:53 GMT+0700 (Indochina Time) : INFO : keep login with email suyantolearn09@gmail.com success
Sun Mar 24 2024 22:10:58 GMT+0700 (Indochina Time) : INFO : get transaction with date Sun Mar 24 2024 22:10:58 GMT 0700 (Indochina Time) was success
Sun Mar 24 2024 22:10:58 GMT+0700 (Indochina Time) : INFO : get transactions success
Sun Mar 24 2024 22:10:58 GMT+0700 (Indochina Time) : INFO : keep login with email suyantolearn09@gmail.com success
Sun Mar 24 2024 22:11:04 GMT+0700 (Indochina Time) : INFO : get product by id 1 was success
Sun Mar 24 2024 22:11:04 GMT+0700 (Indochina Time) : INFO : keep login with email suyantolearn09@gmail.com success
Sun Mar 24 2024 22:11:04 GMT+0700 (Indochina Time) : INFO : keep login with email suyantolearn09@gmail.com success
Sun Mar 24 2024 22:11:05 GMT+0700 (Indochina Time) : INFO : keep login with email suyantolearn09@gmail.com success
Sun Mar 24 2024 22:11:05 GMT+0700 (Indochina Time) : INFO : get product by id 1 was success
Sun Mar 24 2024 22:11:05 GMT+0700 (Indochina Time) : INFO : keep login with email suyantolearn09@gmail.com success
Sun Mar 24 2024 22:11:12 GMT+0700 (Indochina Time) : INFO : keep login with email suyantolearn09@gmail.com success
Sun Mar 24 2024 22:11:17 GMT+0700 (Indochina Time) : INFO : get product by id 1 was success
Sun Mar 24 2024 22:11:17 GMT+0700 (Indochina Time) : INFO : keep login with email suyantolearn09@gmail.com success
Sun Mar 24 2024 22:11:20 GMT+0700 (Indochina Time) : INFO : keep login with email suyantolearn09@gmail.com success
Sun Mar 24 2024 22:11:21 GMT+0700 (Indochina Time) : INFO : keep login with email suyantolearn09@gmail.com success
Sun Mar 24 2024 22:11:21 GMT+0700 (Indochina Time) : INFO : get product by id 1 was success
Sun Mar 24 2024 22:11:42 GMT+0700 (Indochina Time) : INFO : get product by id 2 was success
Sun Mar 24 2024 22:11:42 GMT+0700 (Indochina Time) : INFO : keep login with email suyantolearn09@gmail.com success
Sun Mar 24 2024 22:11:42 GMT+0700 (Indochina Time) : INFO : keep login with email suyantolearn09@gmail.com success
Sun Mar 24 2024 22:11:45 GMT+0700 (Indochina Time) : INFO : keep login with email suyantolearn09@gmail.com success
Sun Mar 24 2024 22:11:45 GMT+0700 (Indochina Time) : INFO : get product by id 2 was success
Sun Mar 24 2024 22:11:45 GMT+0700 (Indochina Time) : INFO : keep login with email suyantolearn09@gmail.com success
Sun Mar 24 2024 22:11:50 GMT+0700 (Indochina Time) : INFO : keep login with email suyantolearn09@gmail.com success
Sun Mar 24 2024 22:11:56 GMT+0700 (Indochina Time) : INFO : get customer by id 2 was success
Sun Mar 24 2024 22:11:56 GMT+0700 (Indochina Time) : INFO : keep login with email suyantolearn09@gmail.com success
Sun Mar 24 2024 22:12:06 GMT+0700 (Indochina Time) : INFO : get customer by id 0 was success
Sun Mar 24 2024 22:12:06 GMT+0700 (Indochina Time) : INFO : keep login with email suyantolearn09@gmail.com success
Sun Mar 24 2024 22:12:06 GMT+0700 (Indochina Time) : INFO : keep login with email suyantolearn09@gmail.com success
Sun Mar 24 2024 22:12:16 GMT+0700 (Indochina Time) : INFO : get branchs success
Sun Mar 24 2024 22:12:16 GMT+0700 (Indochina Time) : INFO : get transaction by branch id 0 was success
Sun Mar 24 2024 22:12:16 GMT+0700 (Indochina Time) : INFO : keep login admin with email budisuperadmin@mail.com success
Sun Mar 24 2024 22:12:16 GMT+0700 (Indochina Time) : INFO : keep login admin with email budisuperadmin@mail.com success
Sun Mar 24 2024 22:12:16 GMT+0700 (Indochina Time) : INFO : get branchs success
Sun Mar 24 2024 22:12:16 GMT+0700 (Indochina Time) : INFO : get transactions success
Sun Mar 24 2024 22:12:21 GMT+0700 (Indochina Time) : INFO : get branchs success
Sun Mar 24 2024 22:12:21 GMT+0700 (Indochina Time) : INFO : get transaction by branch id 2 was success
Sun Mar 24 2024 22:12:22 GMT+0700 (Indochina Time) : INFO : get branchs success
Sun Mar 24 2024 22:12:22 GMT+0700 (Indochina Time) : INFO : get transaction by branch id 1 was success
Sun Mar 24 2024 22:12:26 GMT+0700 (Indochina Time) : INFO : get branchs success
Sun Mar 24 2024 22:12:26 GMT+0700 (Indochina Time) : INFO : get journals success
Sun Mar 24 2024 22:12:26 GMT+0700 (Indochina Time) : INFO : get journals success
Sun Mar 24 2024 22:12:26 GMT+0700 (Indochina Time) : INFO : keep login admin with email budisuperadmin@mail.com success
Sun Mar 24 2024 22:12:39 GMT+0700 (Indochina Time) : INFO : get branchs success
Sun Mar 24 2024 22:12:39 GMT+0700 (Indochina Time) : INFO : get journals by branch id 0 was success
Sun Mar 24 2024 22:12:39 GMT+0700 (Indochina Time) : INFO : keep login admin with email budisuperadmin@mail.com success
Sun Mar 24 2024 22:12:39 GMT+0700 (Indochina Time) : INFO : keep login admin with email budisuperadmin@mail.com success
Sun Mar 24 2024 22:12:39 GMT+0700 (Indochina Time) : INFO : get branchs success
Sun Mar 24 2024 22:12:39 GMT+0700 (Indochina Time) : INFO : get journals success
Sun Mar 24 2024 22:24:03 GMT+0700 (Indochina Time) : INFO : get transaction with date 12-12-2023 was success
Sun Mar 24 2024 22:24:03 GMT+0700 (Indochina Time) : INFO : get journals by branch id 2 was success
Sun Mar 24 2024 22:24:03 GMT+0700 (Indochina Time) : INFO : get transaction by branch id 2 was success
Sun Mar 24 2024 22:24:04 GMT+0700 (Indochina Time) : ERROR : transaction with id GRC-zRzh-jiO not found
Sun Mar 24 2024 22:24:04 GMT+0700 (Indochina Time) : INFO : update transaction payment proof success with transaction id GRC-zRzh-jiO
Sun Mar 24 2024 22:24:04 GMT+0700 (Indochina Time) : ERROR : the checked-out product was not found
Sun Mar 24 2024 22:24:04 GMT+0700 (Indochina Time) : ERROR : transaction with id GRC-zRzh-jiO not found
Sun Mar 24 2024 22:24:04 GMT+0700 (Indochina Time) : INFO : update status by midtrans success with transactionId GRC-zRzh-jiO
Sun Mar 24 2024 22:24:04 GMT+0700 (Indochina Time) : ERROR : update transaction with GRC-zRzh-jiO failed
Sun Mar 24 2024 22:24:04 GMT+0700 (Indochina Time) : INFO : update transaction status with id GRC-zRzh-jiO was success
Sun Mar 24 2024 22:24:04 GMT+0700 (Indochina Time) : INFO : update status by midtrans success with transactionId GRC-zRzh-jiO
Sun Mar 24 2024 22:24:04 GMT+0700 (Indochina Time) : INFO : update transaction status with id GRC-zRzh-jiO was success
Sun Mar 24 2024 22:24:04 GMT+0700 (Indochina Time) : INFO : update transaction status with id GRC-zRzh-jiO was success
Sun Mar 24 2024 22:24:04 GMT+0700 (Indochina Time) : INFO : update transaction status with id GRC-zRzh-jiO was success
Sun Mar 24 2024 22:24:04 GMT+0700 (Indochina Time) : INFO : update transaction status with id GRC-zRzh-jiO was success
Sun Mar 24 2024 22:24:05 GMT+0700 (Indochina Time) : ERROR : Sorry, we don't have enough in stock for your order
Sun Mar 24 2024 22:24:05 GMT+0700 (Indochina Time) : ERROR : Sorry, we don't have enough in stock for your order
Sun Mar 24 2024 22:24:06 GMT+0700 (Indochina Time) : INFO : get transactions success
Sun Mar 24 2024 22:24:07 GMT+0700 (Indochina Time) : INFO : get branchs by Geolocation success
Sun Mar 24 2024 22:24:07 GMT+0700 (Indochina Time) : INFO : get journals success
Sun Mar 24 2024 22:24:07 GMT+0700 (Indochina Time) : INFO : get transaction with id GRC-zRzh-jiO was success
Sun Mar 24 2024 22:24:07 GMT+0700 (Indochina Time) : INFO : get branchs success
Sun Mar 24 2024 22:24:07 GMT+0700 (Indochina Time) : INFO : get product by id 1 was success
Sun Mar 24 2024 22:47:54 GMT+0700 (Indochina Time) : INFO : keep login with email suyantolearn09@gmail.com success
Sun Mar 24 2024 22:47:54 GMT+0700 (Indochina Time) : INFO : keep login with email suyantolearn09@gmail.com success
Sun Mar 24 2024 22:48:52 GMT+0700 (Indochina Time) : INFO : get product by id 1 was success
Sun Mar 24 2024 22:49:06 GMT+0700 (Indochina Time) : INFO : get product by id 1 was success
Sun Mar 24 2024 22:49:14 GMT+0700 (Indochina Time) : ERROR : budisuperadmin@mail.com not found
Sun Mar 24 2024 22:49:23 GMT+0700 (Indochina Time) : INFO : login success with usernameOrEmail suyantolearn09@gmail.com
Sun Mar 24 2024 22:49:23 GMT+0700 (Indochina Time) : INFO : keep login with email suyantolearn09@gmail.com success
Sun Mar 24 2024 22:49:25 GMT+0700 (Indochina Time) : INFO : keep login with email suyantolearn09@gmail.com success
Sun Mar 24 2024 22:49:26 GMT+0700 (Indochina Time) : INFO : keep login with email suyantolearn09@gmail.com success
Sun Mar 24 2024 22:49:26 GMT+0700 (Indochina Time) : INFO : get product by id 1 was success
Sun Mar 24 2024 22:50:09 GMT+0700 (Indochina Time) : INFO : keep login with email suyantolearn09@gmail.com success
Sun Mar 24 2024 22:50:16 GMT+0700 (Indochina Time) : INFO : get customer by id 2 was success
Sun Mar 24 2024 22:50:16 GMT+0700 (Indochina Time) : INFO : keep login with email suyantolearn09@gmail.com success
Sun Mar 24 2024 22:50:18 GMT+0700 (Indochina Time) : INFO : get branchs by Geolocation success
Sun Mar 24 2024 22:50:21 GMT+0700 (Indochina Time) : INFO : create transaction with id GRC-PPJI-aGz was success
Sun Mar 24 2024 22:50:44 GMT+0700 (Indochina Time) : INFO : get customer by id 2 was success
Sun Mar 24 2024 22:50:44 GMT+0700 (Indochina Time) : INFO : keep login with email suyantolearn09@gmail.com success
Sun Mar 24 2024 22:50:44 GMT+0700 (Indochina Time) : INFO : update status by midtrans success with transactionId GRC-PPJI-aGz
Sun Mar 24 2024 22:50:44 GMT+0700 (Indochina Time) : INFO : keep login with email suyantolearn09@gmail.com success
Sun Mar 24 2024 22:50:50 GMT+0700 (Indochina Time) : INFO : get transaction with id GRC-PPJI-aGz was success
Sun Mar 24 2024 22:50:50 GMT+0700 (Indochina Time) : INFO : keep login with email suyantolearn09@gmail.com success
Sun Mar 24 2024 22:51:08 GMT+0700 (Indochina Time) : INFO : get transaction with id GRC-PPJI-aGz was success
Sun Mar 24 2024 22:51:08 GMT+0700 (Indochina Time) : INFO : keep login with email suyantolearn09@gmail.com success
Sun Mar 24 2024 22:51:08 GMT+0700 (Indochina Time) : INFO : keep login with email suyantolearn09@gmail.com success
Sun Mar 24 2024 22:52:26 GMT+0700 (Indochina Time) : INFO : get transaction by branch id 2 was success
Sun Mar 24 2024 22:52:26 GMT+0700 (Indochina Time) : INFO : get journals by branch id 2 was success
Sun Mar 24 2024 22:52:27 GMT+0700 (Indochina Time) : INFO : get transaction with date 12-12-2023 was success
Sun Mar 24 2024 22:52:27 GMT+0700 (Indochina Time) : INFO : update transaction payment proof success with transaction id GRC-zRzh-jiO
Sun Mar 24 2024 22:52:27 GMT+0700 (Indochina Time) : ERROR : transaction with id GRC-zRzh-jiO not found
Sun Mar 24 2024 22:52:27 GMT+0700 (Indochina Time) : ERROR : the checked-out product was not found
Sun Mar 24 2024 22:52:27 GMT+0700 (Indochina Time) : INFO : update status by midtrans success with transactionId GRC-zRzh-jiO
Sun Mar 24 2024 22:52:27 GMT+0700 (Indochina Time) : ERROR : transaction with id GRC-zRzh-jiO not found
Sun Mar 24 2024 22:52:27 GMT+0700 (Indochina Time) : INFO : update status by midtrans success with transactionId GRC-zRzh-jiO
Sun Mar 24 2024 22:52:27 GMT+0700 (Indochina Time) : ERROR : update transaction with GRC-zRzh-jiO failed
Sun Mar 24 2024 22:52:27 GMT+0700 (Indochina Time) : INFO : update transaction status with id GRC-zRzh-jiO was success
Sun Mar 24 2024 22:52:27 GMT+0700 (Indochina Time) : INFO : update transaction status with id GRC-zRzh-jiO was success
Sun Mar 24 2024 22:52:28 GMT+0700 (Indochina Time) : INFO : update transaction status with id GRC-zRzh-jiO was success
Sun Mar 24 2024 22:52:28 GMT+0700 (Indochina Time) : INFO : update transaction status with id GRC-zRzh-jiO was success
Sun Mar 24 2024 22:52:28 GMT+0700 (Indochina Time) : INFO : update transaction status with id GRC-zRzh-jiO was success
Sun Mar 24 2024 22:52:28 GMT+0700 (Indochina Time) : ERROR : Sorry, we don't have enough in stock for your order
Sun Mar 24 2024 22:52:28 GMT+0700 (Indochina Time) : ERROR : Sorry, we don't have enough in stock for your order
Sun Mar 24 2024 22:52:29 GMT+0700 (Indochina Time) : INFO : get branchs success
Sun Mar 24 2024 22:52:29 GMT+0700 (Indochina Time) : INFO : get journals success
Sun Mar 24 2024 22:52:29 GMT+0700 (Indochina Time) : INFO : get transactions success
Sun Mar 24 2024 22:52:29 GMT+0700 (Indochina Time) : INFO : get transaction with id GRC-zRzh-jiO was success
Sun Mar 24 2024 22:52:29 GMT+0700 (Indochina Time) : INFO : get product by id 1 was success
Sun Mar 24 2024 22:52:29 GMT+0700 (Indochina Time) : INFO : get branchs by Geolocation success
