Wed Mar 20 2024 16:50:36 GMT+0700 (Indochina Time) : INFO : login success with usernameOrEmail suyantolearn09@gmail.com
Wed Mar 20 2024 16:50:36 GMT+0700 (Indochina Time) : INFO : keep login with email suyantolearn09@gmail.com success
Wed Mar 20 2024 16:50:36 GMT+0700 (Indochina Time) : INFO : keep login with email suyantolearn09@gmail.com success
Wed Mar 20 2024 16:50:42 GMT+0700 (Indochina Time) : INFO : keep login with email suyantolearn09@gmail.com success
Wed Mar 20 2024 16:50:42 GMT+0700 (Indochina Time) : INFO : keep login with email suyantolearn09@gmail.com success
Wed Mar 20 2024 16:50:51 GMT+0700 (Indochina Time) : INFO : keep login with email suyantolearn09@gmail.com success
Wed Mar 20 2024 16:50:51 GMT+0700 (Indochina Time) : INFO : get product by id 1 was success
Wed Mar 20 2024 16:50:51 GMT+0700 (Indochina Time) : INFO : keep login with email suyantolearn09@gmail.com success
Wed Mar 20 2024 16:50:51 GMT+0700 (Indochina Time) : INFO : get product by id 1 was success
Wed Mar 20 2024 16:50:51 GMT+0700 (Indochina Time) : INFO : keep login with email suyantolearn09@gmail.com success
Wed Mar 20 2024 16:51:01 GMT+0700 (Indochina Time) : INFO : get product by id 15 was success
Wed Mar 20 2024 16:51:01 GMT+0700 (Indochina Time) : INFO : keep login with email suyantolearn09@gmail.com success
Wed Mar 20 2024 16:51:01 GMT+0700 (Indochina Time) : INFO : get product by id 15 was success
Wed Mar 20 2024 16:51:01 GMT+0700 (Indochina Time) : INFO : keep login with email suyantolearn09@gmail.com success
Wed Mar 20 2024 16:51:01 GMT+0700 (Indochina Time) : INFO : keep login with email suyantolearn09@gmail.com success
Wed Mar 20 2024 16:51:06 GMT+0700 (Indochina Time) : INFO : keep login with email suyantolearn09@gmail.com success
Wed Mar 20 2024 16:51:06 GMT+0700 (Indochina Time) : INFO : keep login with email suyantolearn09@gmail.com success
Wed Mar 20 2024 16:51:10 GMT+0700 (Indochina Time) : INFO : get customer by id 2 was success
Wed Mar 20 2024 16:51:10 GMT+0700 (Indochina Time) : INFO : keep login with email suyantolearn09@gmail.com success
Wed Mar 20 2024 16:51:10 GMT+0700 (Indochina Time) : INFO : keep login with email suyantolearn09@gmail.com success
Wed Mar 20 2024 16:51:10 GMT+0700 (Indochina Time) : INFO : get customer by id 2 was success
Wed Mar 20 2024 16:52:33 GMT+0700 (Indochina Time) : INFO : get customer by id 0 was success
Wed Mar 20 2024 16:52:33 GMT+0700 (Indochina Time) : INFO : get customer by id 0 was success
Wed Mar 20 2024 16:52:33 GMT+0700 (Indochina Time) : INFO : keep login with email suyantolearn09@gmail.com success
Wed Mar 20 2024 16:52:33 GMT+0700 (Indochina Time) : INFO : keep login with email suyantolearn09@gmail.com success
Wed Mar 20 2024 16:52:36 GMT+0700 (Indochina Time) : INFO : keep login with email suyantolearn09@gmail.com success
Wed Mar 20 2024 16:52:36 GMT+0700 (Indochina Time) : INFO : keep login with email suyantolearn09@gmail.com success
Wed Mar 20 2024 16:52:40 GMT+0700 (Indochina Time) : INFO : keep login with email suyantolearn09@gmail.com success
Wed Mar 20 2024 16:52:40 GMT+0700 (Indochina Time) : INFO : keep login with email suyantolearn09@gmail.com success
Wed Mar 20 2024 16:52:42 GMT+0700 (Indochina Time) : INFO : keep login with email suyantolearn09@gmail.com success
Wed Mar 20 2024 16:52:42 GMT+0700 (Indochina Time) : INFO : get customer by id 2 was success
Wed Mar 20 2024 16:52:42 GMT+0700 (Indochina Time) : INFO : keep login with email suyantolearn09@gmail.com success
Wed Mar 20 2024 16:52:42 GMT+0700 (Indochina Time) : INFO : get customer by id 2 was success
Wed Mar 20 2024 16:54:47 GMT+0700 (Indochina Time) : INFO : keep login with email suyantolearn09@gmail.com success
Wed Mar 20 2024 16:54:47 GMT+0700 (Indochina Time) : INFO : keep login with email suyantolearn09@gmail.com success
Wed Mar 20 2024 16:54:50 GMT+0700 (Indochina Time) : INFO : keep login with email suyantolearn09@gmail.com success
Wed Mar 20 2024 16:54:50 GMT+0700 (Indochina Time) : INFO : get customer by id 2 was success
Wed Mar 20 2024 16:54:50 GMT+0700 (Indochina Time) : INFO : keep login with email suyantolearn09@gmail.com success
Wed Mar 20 2024 16:54:50 GMT+0700 (Indochina Time) : INFO : get customer by id 2 was success
Wed Mar 20 2024 16:57:06 GMT+0700 (Indochina Time) : INFO : get branchs by Geolocation success
Wed Mar 20 2024 16:57:09 GMT+0700 (Indochina Time) : INFO : get branchs by Geolocation success
Wed Mar 20 2024 16:57:11 GMT+0700 (Indochina Time) : INFO : get branchs by Geolocation success
Wed Mar 20 2024 16:57:14 GMT+0700 (Indochina Time) : INFO : get branchs by Geolocation success
Wed Mar 20 2024 17:06:15 GMT+0700 (Indochina Time) : INFO : keep login with email suyantolearn09@gmail.com success
Wed Mar 20 2024 17:06:15 GMT+0700 (Indochina Time) : INFO : keep login with email suyantolearn09@gmail.com success
Wed Mar 20 2024 17:06:15 GMT+0700 (Indochina Time) : INFO : keep login with email suyantolearn09@gmail.com success
Wed Mar 20 2024 17:06:52 GMT+0700 (Indochina Time) : INFO : keep login with email suyantolearn09@gmail.com success
Wed Mar 20 2024 17:06:52 GMT+0700 (Indochina Time) : INFO : keep login with email suyantolearn09@gmail.com success
Wed Mar 20 2024 17:06:52 GMT+0700 (Indochina Time) : INFO : keep login with email suyantolearn09@gmail.com success
Wed Mar 20 2024 17:07:26 GMT+0700 (Indochina Time) : INFO : keep login with email suyantolearn09@gmail.com success
Wed Mar 20 2024 17:07:26 GMT+0700 (Indochina Time) : INFO : keep login with email suyantolearn09@gmail.com success
Wed Mar 20 2024 17:07:26 GMT+0700 (Indochina Time) : INFO : keep login with email suyantolearn09@gmail.com success
Wed Mar 20 2024 17:08:05 GMT+0700 (Indochina Time) : INFO : keep login with email suyantolearn09@gmail.com success
Wed Mar 20 2024 17:08:05 GMT+0700 (Indochina Time) : INFO : keep login with email suyantolearn09@gmail.com success
Wed Mar 20 2024 17:08:05 GMT+0700 (Indochina Time) : INFO : keep login with email suyantolearn09@gmail.com success
Wed Mar 20 2024 17:19:39 GMT+0700 (Indochina Time) : INFO : keep login with email suyantolearn09@gmail.com success
Wed Mar 20 2024 17:19:39 GMT+0700 (Indochina Time) : INFO : keep login with email suyantolearn09@gmail.com success
Wed Mar 20 2024 17:19:39 GMT+0700 (Indochina Time) : INFO : keep login with email suyantolearn09@gmail.com success
Wed Mar 20 2024 17:37:09 GMT+0700 (Indochina Time) : INFO : keep login with email suyantolearn09@gmail.com success
Wed Mar 20 2024 17:37:09 GMT+0700 (Indochina Time) : INFO : keep login with email suyantolearn09@gmail.com success
Wed Mar 20 2024 17:37:10 GMT+0700 (Indochina Time) : INFO : keep login with email suyantolearn09@gmail.com success
Wed Mar 20 2024 21:35:31 GMT+0700 (Indochina Time) : INFO : get product by id 9 was success
Wed Mar 20 2024 21:35:31 GMT+0700 (Indochina Time) : INFO : get product by id 9 was success
Wed Mar 20 2024 21:35:40 GMT+0700 (Indochina Time) : INFO : get product by id 9 was success
Wed Mar 20 2024 21:35:40 GMT+0700 (Indochina Time) : INFO : get product by id 9 was success
Wed Mar 20 2024 21:35:43 GMT+0700 (Indochina Time) : INFO : get product by id 8 was success
Wed Mar 20 2024 21:35:43 GMT+0700 (Indochina Time) : INFO : get product by id 8 was success
Wed Mar 20 2024 21:35:45 GMT+0700 (Indochina Time) : INFO : get product by id 5 was success
Wed Mar 20 2024 21:35:45 GMT+0700 (Indochina Time) : INFO : get product by id 5 was success
Wed Mar 20 2024 21:35:55 GMT+0700 (Indochina Time) : INFO : get product by id 4 was success
Wed Mar 20 2024 21:35:55 GMT+0700 (Indochina Time) : INFO : get product by id 4 was success
Wed Mar 20 2024 21:35:57 GMT+0700 (Indochina Time) : INFO : get product by id 5 was success
Wed Mar 20 2024 21:35:58 GMT+0700 (Indochina Time) : INFO : get product by id 5 was success
Wed Mar 20 2024 21:36:02 GMT+0700 (Indochina Time) : INFO : get product by id 8 was success
Wed Mar 20 2024 21:36:02 GMT+0700 (Indochina Time) : INFO : get product by id 8 was success
Wed Mar 20 2024 21:37:17 GMT+0700 (Indochina Time) : INFO : get product by id 1 was success
Wed Mar 20 2024 21:37:17 GMT+0700 (Indochina Time) : INFO : get product by id 1 was success
Wed Mar 20 2024 21:37:22 GMT+0700 (Indochina Time) : INFO : get product by id 6 was success
Wed Mar 20 2024 21:37:22 GMT+0700 (Indochina Time) : INFO : get product by id 6 was success
Wed Mar 20 2024 21:37:34 GMT+0700 (Indochina Time) : INFO : get product by id 5 was success
Wed Mar 20 2024 21:37:34 GMT+0700 (Indochina Time) : INFO : get product by id 5 was success
Wed Mar 20 2024 21:38:10 GMT+0700 (Indochina Time) : INFO : get product by id 15 was success
Wed Mar 20 2024 21:38:10 GMT+0700 (Indochina Time) : INFO : get product by id 15 was success
Wed Mar 20 2024 21:38:46 GMT+0700 (Indochina Time) : INFO : get product by id 6 was success
Wed Mar 20 2024 21:38:46 GMT+0700 (Indochina Time) : INFO : get product by id 6 was success
Wed Mar 20 2024 21:38:50 GMT+0700 (Indochina Time) : INFO : get product by id 15 was success
Wed Mar 20 2024 21:38:50 GMT+0700 (Indochina Time) : INFO : get product by id 15 was success
Wed Mar 20 2024 23:16:06 GMT+0700 (Indochina Time) : INFO : get product by id 16 was success
Wed Mar 20 2024 23:16:06 GMT+0700 (Indochina Time) : INFO : get product by id 16 was success
Wed Mar 20 2024 23:16:11 GMT+0700 (Indochina Time) : INFO : get product by id 15 was success
Wed Mar 20 2024 23:16:11 GMT+0700 (Indochina Time) : INFO : get product by id 15 was success
Wed Mar 20 2024 23:16:14 GMT+0700 (Indochina Time) : INFO : get product by id 14 was success
Wed Mar 20 2024 23:16:14 GMT+0700 (Indochina Time) : INFO : get product by id 14 was success
Wed Mar 20 2024 23:16:24 GMT+0700 (Indochina Time) : INFO : get product by id 9 was success
Wed Mar 20 2024 23:16:24 GMT+0700 (Indochina Time) : INFO : get product by id 9 was success
