Sat Mar 23 2024 07:27:54 GMT+0700 (Indochina Time) : INFO : get product by id 1 was success
Sat Mar 23 2024 07:28:17 GMT+0700 (Indochina Time) : INFO : login success with usernameOrEmail suyantolearn09@gmail.com
Sat Mar 23 2024 07:28:17 GMT+0700 (Indochina Time) : INFO : keep login with email suyantolearn09@gmail.com success
Sat Mar 23 2024 07:28:21 GMT+0700 (Indochina Time) : INFO : keep login with email suyantolearn09@gmail.com success
Sat Mar 23 2024 07:28:26 GMT+0700 (Indochina Time) : INFO : get customer by id 2 was success
Sat Mar 23 2024 07:28:26 GMT+0700 (Indochina Time) : INFO : keep login with email suyantolearn09@gmail.com success
Sat Mar 23 2024 07:28:29 GMT+0700 (Indochina Time) : INFO : get branchs by Geolocation success
Sat Mar 23 2024 07:28:32 GMT+0700 (Indochina Time) : INFO : create transaction with id GRC-qcMO-Snj was success
Sat Mar 23 2024 07:30:35 GMT+0700 (Indochina Time) : INFO : keep login with email suyantolearn09@gmail.com success
Sat Mar 23 2024 07:30:35 GMT+0700 (Indochina Time) : INFO : keep login with email suyantolearn09@gmail.com success
Sat Mar 23 2024 07:30:38 GMT+0700 (Indochina Time) : INFO : keep login with email suyantolearn09@gmail.com success
Sat Mar 23 2024 07:30:38 GMT+0700 (Indochina Time) : INFO : get product by id 1 was success
Sat Mar 23 2024 07:30:38 GMT+0700 (Indochina Time) : INFO : keep login with email suyantolearn09@gmail.com success
Sat Mar 23 2024 07:30:43 GMT+0700 (Indochina Time) : INFO : keep login with email suyantolearn09@gmail.com success
Sat Mar 23 2024 07:30:45 GMT+0700 (Indochina Time) : INFO : get customer by id 2 was success
Sat Mar 23 2024 07:30:45 GMT+0700 (Indochina Time) : INFO : keep login with email suyantolearn09@gmail.com success
Sat Mar 23 2024 07:30:47 GMT+0700 (Indochina Time) : INFO : get branchs by Geolocation success
Sat Mar 23 2024 07:30:50 GMT+0700 (Indochina Time) : INFO : create transaction with id GRC-G7lE-sz9 was success
Sat Mar 23 2024 07:36:16 GMT+0700 (Indochina Time) : INFO : keep login with email suyantolearn09@gmail.com success
Sat Mar 23 2024 07:36:17 GMT+0700 (Indochina Time) : INFO : get customer by id 2 was success
Sat Mar 23 2024 07:36:17 GMT+0700 (Indochina Time) : INFO : keep login with email suyantolearn09@gmail.com success
Sat Mar 23 2024 07:36:20 GMT+0700 (Indochina Time) : INFO : get branchs by Geolocation success
Sat Mar 23 2024 07:36:23 GMT+0700 (Indochina Time) : INFO : create transaction with id GRC-dttL-P5f was success
Sat Mar 23 2024 08:04:35 GMT+0700 (Indochina Time) : INFO : keep login with email suyantolearn09@gmail.com success
Sat Mar 23 2024 08:04:36 GMT+0700 (Indochina Time) : INFO : keep login with email suyantolearn09@gmail.com success
Sat Mar 23 2024 08:04:36 GMT+0700 (Indochina Time) : INFO : get customer by id 2 was success
Sat Mar 23 2024 08:04:38 GMT+0700 (Indochina Time) : INFO : get branchs by Geolocation success
Sat Mar 23 2024 08:04:41 GMT+0700 (Indochina Time) : INFO : create transaction with id GRC-yhn0-ph3 was success
Sat Mar 23 2024 08:10:57 GMT+0700 (Indochina Time) : INFO : keep login with email suyantolearn09@gmail.com success
Sat Mar 23 2024 08:10:59 GMT+0700 (Indochina Time) : INFO : keep login with email suyantolearn09@gmail.com success
Sat Mar 23 2024 08:10:59 GMT+0700 (Indochina Time) : INFO : get customer by id 2 was success
Sat Mar 23 2024 08:11:01 GMT+0700 (Indochina Time) : INFO : get branchs by Geolocation success
Sat Mar 23 2024 08:11:05 GMT+0700 (Indochina Time) : INFO : create transaction with id GRC-tU8Z-vWK was success
Sat Mar 23 2024 08:29:42 GMT+0700 (Indochina Time) : INFO : get transaction by branch id 2 was success
Sat Mar 23 2024 08:29:42 GMT+0700 (Indochina Time) : INFO : get transaction with date 12-12-2023 was success
Sat Mar 23 2024 08:29:43 GMT+0700 (Indochina Time) : INFO : update transaction payment proof success with transaction id GRC-zRzh-jiO
Sat Mar 23 2024 08:29:43 GMT+0700 (Indochina Time) : ERROR : transaction with id GRC-zRzh-jiO not found
Sat Mar 23 2024 08:29:43 GMT+0700 (Indochina Time) : ERROR : the checked-out product was not found
Sat Mar 23 2024 08:29:43 GMT+0700 (Indochina Time) : ERROR : transaction with id GRC-zRzh-jiO not found
Sat Mar 23 2024 08:29:43 GMT+0700 (Indochina Time) : INFO : update status by midtrans success with transactionId GRC-zRzh-jiO
Sat Mar 23 2024 08:29:43 GMT+0700 (Indochina Time) : ERROR : update transaction with GRC-zRzh-jiO failed
Sat Mar 23 2024 08:29:43 GMT+0700 (Indochina Time) : INFO : update status by midtrans success with transactionId GRC-zRzh-jiO
Sat Mar 23 2024 08:29:43 GMT+0700 (Indochina Time) : INFO : update transaction status with id GRC-zRzh-jiO was success
Sat Mar 23 2024 08:29:43 GMT+0700 (Indochina Time) : INFO : update transaction status with id GRC-zRzh-jiO was success
Sat Mar 23 2024 08:29:43 GMT+0700 (Indochina Time) : INFO : update transaction status with id GRC-zRzh-jiO was success
Sat Mar 23 2024 08:29:43 GMT+0700 (Indochina Time) : INFO : update transaction status with id GRC-zRzh-jiO was success
Sat Mar 23 2024 08:29:43 GMT+0700 (Indochina Time) : INFO : update transaction status with id GRC-zRzh-jiO was success
Sat Mar 23 2024 08:29:43 GMT+0700 (Indochina Time) : ERROR : Sorry, we don't have enough in stock for your order
Sat Mar 23 2024 08:29:44 GMT+0700 (Indochina Time) : ERROR : Sorry, we don't have enough in stock for your order
Sat Mar 23 2024 08:29:45 GMT+0700 (Indochina Time) : INFO : get branchs by Geolocation success
Sat Mar 23 2024 08:29:45 GMT+0700 (Indochina Time) : INFO : get transactions success
Sat Mar 23 2024 08:29:45 GMT+0700 (Indochina Time) : INFO : get transaction with id GRC-zRzh-jiO was success
Sat Mar 23 2024 08:29:46 GMT+0700 (Indochina Time) : INFO : get journals by branch id 2 was success
Sat Mar 23 2024 08:29:46 GMT+0700 (Indochina Time) : INFO : get branchs success
Sat Mar 23 2024 08:29:46 GMT+0700 (Indochina Time) : INFO : get product by id 1 was success
Sat Mar 23 2024 08:29:46 GMT+0700 (Indochina Time) : INFO : get journals success
Sat Mar 23 2024 09:12:11 GMT+0700 (Indochina Time) : INFO : get branchs by Geolocation success
Sat Mar 23 2024 09:12:14 GMT+0700 (Indochina Time) : INFO : create transaction with id GRC-HKHf-ZW9 was success
Sat Mar 23 2024 09:22:38 GMT+0700 (Indochina Time) : INFO : get customer by id 2 was success
Sat Mar 23 2024 09:22:40 GMT+0700 (Indochina Time) : INFO : get branchs by Geolocation success
Sat Mar 23 2024 09:22:44 GMT+0700 (Indochina Time) : INFO : create transaction with id GRC-uVpA-5zM was success
Sat Mar 23 2024 09:23:07 GMT+0700 (Indochina Time) : INFO : get product by id 1 was success
Sat Mar 23 2024 09:23:14 GMT+0700 (Indochina Time) : INFO : get customer by id 2 was success
Sat Mar 23 2024 09:23:16 GMT+0700 (Indochina Time) : INFO : get branchs by Geolocation success
Sat Mar 23 2024 09:23:19 GMT+0700 (Indochina Time) : INFO : create transaction with id GRC-EXfw-7e2 was success
Sat Mar 23 2024 09:23:19 GMT+0700 (Indochina Time) : INFO : get transaction with id GRC-EXfw-7e2 was success
Sat Mar 23 2024 09:23:36 GMT+0700 (Indochina Time) : INFO : get product by id 1 was success
Sat Mar 23 2024 09:23:56 GMT+0700 (Indochina Time) : INFO : get customer by id 0 was success
Sat Mar 23 2024 09:25:43 GMT+0700 (Indochina Time) : INFO : login success with usernameOrEmail suyantolearn09@gmail.com
Sat Mar 23 2024 09:25:44 GMT+0700 (Indochina Time) : INFO : keep login with email suyantolearn09@gmail.com success
Sat Mar 23 2024 09:26:01 GMT+0700 (Indochina Time) : INFO : keep login with email suyantolearn09@gmail.com success
Sat Mar 23 2024 09:26:01 GMT+0700 (Indochina Time) : INFO : get product by id 1 was success
Sat Mar 23 2024 09:26:01 GMT+0700 (Indochina Time) : INFO : keep login with email suyantolearn09@gmail.com success
Sat Mar 23 2024 09:29:01 GMT+0700 (Indochina Time) : INFO : keep login with email suyantolearn09@gmail.com success
Sat Mar 23 2024 09:29:02 GMT+0700 (Indochina Time) : INFO : keep login with email suyantolearn09@gmail.com success
Sat Mar 23 2024 09:29:02 GMT+0700 (Indochina Time) : INFO : get customer by id 2 was success
Sat Mar 23 2024 09:29:03 GMT+0700 (Indochina Time) : INFO : get branchs by Geolocation success
Sat Mar 23 2024 09:29:07 GMT+0700 (Indochina Time) : INFO : create transaction with id GRC-SaV6-Xfr was success
Sat Mar 23 2024 09:33:40 GMT+0700 (Indochina Time) : INFO : keep login with email suyantolearn09@gmail.com success
Sat Mar 23 2024 09:34:00 GMT+0700 (Indochina Time) : INFO : login success with usernameOrEmail suyantolearn09@gmail.com
Sat Mar 23 2024 09:34:00 GMT+0700 (Indochina Time) : INFO : keep login with email suyantolearn09@gmail.com success
Sat Mar 23 2024 09:34:09 GMT+0700 (Indochina Time) : INFO : get product by id 1 was success
Sat Mar 23 2024 09:34:09 GMT+0700 (Indochina Time) : INFO : keep login with email suyantolearn09@gmail.com success
Sat Mar 23 2024 09:34:09 GMT+0700 (Indochina Time) : INFO : keep login with email suyantolearn09@gmail.com success
Sat Mar 23 2024 09:34:15 GMT+0700 (Indochina Time) : INFO : keep login with email suyantolearn09@gmail.com success
Sat Mar 23 2024 09:34:17 GMT+0700 (Indochina Time) : INFO : keep login with email suyantolearn09@gmail.com success
Sat Mar 23 2024 09:34:17 GMT+0700 (Indochina Time) : INFO : get customer by id 2 was success
Sat Mar 23 2024 09:34:18 GMT+0700 (Indochina Time) : INFO : get branchs by Geolocation success
Sat Mar 23 2024 09:34:21 GMT+0700 (Indochina Time) : INFO : create transaction with id GRC-ZaWU-jH5 was success
Sat Mar 23 2024 09:42:27 GMT+0700 (Indochina Time) : INFO : keep login with email suyantolearn09@gmail.com success
Sat Mar 23 2024 09:42:27 GMT+0700 (Indochina Time) : INFO : keep login with email suyantolearn09@gmail.com success
Sat Mar 23 2024 09:42:27 GMT+0700 (Indochina Time) : INFO : keep login with email suyantolearn09@gmail.com success
Sat Mar 23 2024 09:42:40 GMT+0700 (Indochina Time) : INFO : get product by id 1 was success
Sat Mar 23 2024 09:42:40 GMT+0700 (Indochina Time) : INFO : get product by id 1 was success
Sat Mar 23 2024 09:45:13 GMT+0700 (Indochina Time) : INFO : get product by id 1 was success
Sat Mar 23 2024 09:45:13 GMT+0700 (Indochina Time) : INFO : get product by id 1 was success
Sat Mar 23 2024 09:47:10 GMT+0700 (Indochina Time) : INFO : get product by id 1 was success
Sat Mar 23 2024 09:47:10 GMT+0700 (Indochina Time) : INFO : get product by id 1 was success
Sat Mar 23 2024 09:47:18 GMT+0700 (Indochina Time) : INFO : get product by id 1 was success
Sat Mar 23 2024 09:47:18 GMT+0700 (Indochina Time) : INFO : get product by id 1 was success
Sat Mar 23 2024 09:47:22 GMT+0700 (Indochina Time) : INFO : get product by id 1 was success
Sat Mar 23 2024 09:47:22 GMT+0700 (Indochina Time) : INFO : get product by id 1 was success
Sat Mar 23 2024 10:55:30 GMT+0700 (Indochina Time) : INFO : login success with usernameOrEmail suyantolearn09@gmail.com
Sat Mar 23 2024 10:55:30 GMT+0700 (Indochina Time) : INFO : keep login with email suyantolearn09@gmail.com success
Sat Mar 23 2024 10:55:34 GMT+0700 (Indochina Time) : INFO : keep login with email suyantolearn09@gmail.com success
Sat Mar 23 2024 10:55:36 GMT+0700 (Indochina Time) : INFO : get product by id 1 was success
Sat Mar 23 2024 10:55:36 GMT+0700 (Indochina Time) : INFO : keep login with email suyantolearn09@gmail.com success
Sat Mar 23 2024 10:55:39 GMT+0700 (Indochina Time) : INFO : keep login with email suyantolearn09@gmail.com success
Sat Mar 23 2024 10:55:44 GMT+0700 (Indochina Time) : INFO : get customer by id 2 was success
Sat Mar 23 2024 10:55:44 GMT+0700 (Indochina Time) : INFO : keep login with email suyantolearn09@gmail.com success
Sat Mar 23 2024 10:55:45 GMT+0700 (Indochina Time) : INFO : get branchs by Geolocation success
Sat Mar 23 2024 10:55:47 GMT+0700 (Indochina Time) : INFO : create transaction with id GRC-kO0J-TdL was success
Sat Mar 23 2024 10:57:15 GMT+0700 (Indochina Time) : INFO : keep login with email suyantolearn09@gmail.com success
Sat Mar 23 2024 10:57:15 GMT+0700 (Indochina Time) : INFO : get product by id 1 was success
Sat Mar 23 2024 10:57:15 GMT+0700 (Indochina Time) : INFO : keep login with email suyantolearn09@gmail.com success
Sat Mar 23 2024 10:57:16 GMT+0700 (Indochina Time) : INFO : get product by id 1 was success
Sat Mar 23 2024 10:57:16 GMT+0700 (Indochina Time) : INFO : keep login with email suyantolearn09@gmail.com success
Sat Mar 23 2024 10:57:24 GMT+0700 (Indochina Time) : INFO : keep login with email suyantolearn09@gmail.com success
Sat Mar 23 2024 10:57:24 GMT+0700 (Indochina Time) : INFO : keep login with email suyantolearn09@gmail.com success
Sat Mar 23 2024 10:57:28 GMT+0700 (Indochina Time) : INFO : keep login with email suyantolearn09@gmail.com success
Sat Mar 23 2024 10:57:28 GMT+0700 (Indochina Time) : INFO : get customer by id 2 was success
Sat Mar 23 2024 10:57:28 GMT+0700 (Indochina Time) : INFO : keep login with email suyantolearn09@gmail.com success
Sat Mar 23 2024 10:57:28 GMT+0700 (Indochina Time) : INFO : get customer by id 2 was success
Sat Mar 23 2024 10:57:29 GMT+0700 (Indochina Time) : INFO : get branchs by Geolocation success
Sat Mar 23 2024 10:57:32 GMT+0700 (Indochina Time) : INFO : create transaction with id GRC-Bmv7-K8v was success
Sat Mar 23 2024 10:57:58 GMT+0700 (Indochina Time) : INFO : update status by midtrans success with transactionId GRC-Bmv7-K8v
Sat Mar 23 2024 10:57:58 GMT+0700 (Indochina Time) : INFO : update status by midtrans success with transactionId GRC-Bmv7-K8v
Sat Mar 23 2024 10:58:12 GMT+0700 (Indochina Time) : INFO : login success with usernameOrEmail suyantolearn09@gmail.com
Sat Mar 23 2024 10:58:25 GMT+0700 (Indochina Time) : INFO : login success with usernameOrEmail suyantolearn09@gmail.com
Sat Mar 23 2024 10:58:36 GMT+0700 (Indochina Time) : INFO : keep login with email suyantolearn09@gmail.com success
Sat Mar 23 2024 10:58:36 GMT+0700 (Indochina Time) : INFO : keep login with email suyantolearn09@gmail.com success
Sat Mar 23 2024 10:58:54 GMT+0700 (Indochina Time) : INFO : keep login with email suyantolearn09@gmail.com success
Sat Mar 23 2024 10:58:54 GMT+0700 (Indochina Time) : INFO : keep login with email suyantolearn09@gmail.com success
Sat Mar 23 2024 10:58:54 GMT+0700 (Indochina Time) : INFO : get transaction with date Sat Mar 23 2024 10:58:53 GMT 0700 (Indochina Time) was success
Sat Mar 23 2024 10:58:54 GMT+0700 (Indochina Time) : INFO : get transactions success
Sat Mar 23 2024 10:58:54 GMT+0700 (Indochina Time) : INFO : get transaction with date Sat Mar 23 2024 10:58:53 GMT 0700 (Indochina Time) was success
Sat Mar 23 2024 10:58:54 GMT+0700 (Indochina Time) : INFO : get transactions success
Sat Mar 23 2024 11:09:47 GMT+0700 (Indochina Time) : INFO : keep login with email suyantolearn09@gmail.com success
Sat Mar 23 2024 11:09:47 GMT+0700 (Indochina Time) : INFO : keep login with email suyantolearn09@gmail.com success
Sat Mar 23 2024 11:09:51 GMT+0700 (Indochina Time) : INFO : keep login with email suyantolearn09@gmail.com success
Sat Mar 23 2024 11:09:51 GMT+0700 (Indochina Time) : INFO : get product by id 1 was success
Sat Mar 23 2024 11:09:51 GMT+0700 (Indochina Time) : INFO : keep login with email suyantolearn09@gmail.com success
Sat Mar 23 2024 11:09:55 GMT+0700 (Indochina Time) : INFO : keep login with email suyantolearn09@gmail.com success
Sat Mar 23 2024 11:09:56 GMT+0700 (Indochina Time) : INFO : keep login with email suyantolearn09@gmail.com success
Sat Mar 23 2024 11:09:56 GMT+0700 (Indochina Time) : INFO : get customer by id 2 was success
Sat Mar 23 2024 11:09:57 GMT+0700 (Indochina Time) : INFO : get branchs by Geolocation success
Sat Mar 23 2024 11:10:00 GMT+0700 (Indochina Time) : INFO : create transaction with id GRC-rq0n-iq- was success
Sat Mar 23 2024 11:13:19 GMT+0700 (Indochina Time) : INFO : get product by id 1 was success
Sat Mar 23 2024 11:13:19 GMT+0700 (Indochina Time) : INFO : keep login with email suyantolearn09@gmail.com success
Sat Mar 23 2024 11:13:19 GMT+0700 (Indochina Time) : INFO : keep login with email suyantolearn09@gmail.com success
Sat Mar 23 2024 11:13:22 GMT+0700 (Indochina Time) : INFO : keep login with email suyantolearn09@gmail.com success
Sat Mar 23 2024 11:13:24 GMT+0700 (Indochina Time) : INFO : keep login with email suyantolearn09@gmail.com success
Sat Mar 23 2024 11:13:24 GMT+0700 (Indochina Time) : INFO : get customer by id 2 was success
Sat Mar 23 2024 11:13:24 GMT+0700 (Indochina Time) : INFO : get branchs by Geolocation success
Sat Mar 23 2024 11:13:28 GMT+0700 (Indochina Time) : INFO : create transaction with id GRC-2jm4-Ott was success
Sat Mar 23 2024 11:14:37 GMT+0700 (Indochina Time) : INFO : get product by id 1 was success
Sat Mar 23 2024 11:14:37 GMT+0700 (Indochina Time) : INFO : keep login with email suyantolearn09@gmail.com success
Sat Mar 23 2024 11:14:37 GMT+0700 (Indochina Time) : INFO : keep login with email suyantolearn09@gmail.com success
Sat Mar 23 2024 11:14:42 GMT+0700 (Indochina Time) : INFO : keep login with email suyantolearn09@gmail.com success
Sat Mar 23 2024 11:14:44 GMT+0700 (Indochina Time) : INFO : keep login with email suyantolearn09@gmail.com success
Sat Mar 23 2024 11:14:44 GMT+0700 (Indochina Time) : INFO : get customer by id 2 was success
Sat Mar 23 2024 11:14:45 GMT+0700 (Indochina Time) : INFO : get branchs by Geolocation success
Sat Mar 23 2024 11:14:47 GMT+0700 (Indochina Time) : INFO : create transaction with id GRC-SlfR-Dod was success
Sat Mar 23 2024 11:15:53 GMT+0700 (Indochina Time) : INFO : get product by id 1 was success
Sat Mar 23 2024 11:15:53 GMT+0700 (Indochina Time) : INFO : keep login with email suyantolearn09@gmail.com success
Sat Mar 23 2024 11:15:53 GMT+0700 (Indochina Time) : INFO : keep login with email suyantolearn09@gmail.com success
Sat Mar 23 2024 11:15:58 GMT+0700 (Indochina Time) : INFO : keep login with email suyantolearn09@gmail.com success
Sat Mar 23 2024 11:16:00 GMT+0700 (Indochina Time) : INFO : keep login with email suyantolearn09@gmail.com success
Sat Mar 23 2024 11:16:00 GMT+0700 (Indochina Time) : INFO : get customer by id 2 was success
Sat Mar 23 2024 11:16:00 GMT+0700 (Indochina Time) : INFO : get branchs by Geolocation success
Sat Mar 23 2024 11:16:07 GMT+0700 (Indochina Time) : INFO : create transaction with id GRC-ysTL-bZ4 was success
Sat Mar 23 2024 11:18:26 GMT+0700 (Indochina Time) : INFO : keep login with email suyantolearn09@gmail.com success
Sat Mar 23 2024 11:18:26 GMT+0700 (Indochina Time) : INFO : keep login with email suyantolearn09@gmail.com success
Sat Mar 23 2024 11:18:29 GMT+0700 (Indochina Time) : INFO : keep login with email suyantolearn09@gmail.com success
Sat Mar 23 2024 11:18:29 GMT+0700 (Indochina Time) : INFO : get product by id 1 was success
Sat Mar 23 2024 11:18:29 GMT+0700 (Indochina Time) : INFO : keep login with email suyantolearn09@gmail.com success
Sat Mar 23 2024 11:18:32 GMT+0700 (Indochina Time) : INFO : keep login with email suyantolearn09@gmail.com success
Sat Mar 23 2024 11:18:34 GMT+0700 (Indochina Time) : INFO : get customer by id 2 was success
Sat Mar 23 2024 11:18:34 GMT+0700 (Indochina Time) : INFO : keep login with email suyantolearn09@gmail.com success
Sat Mar 23 2024 11:18:35 GMT+0700 (Indochina Time) : INFO : get branchs by Geolocation success
Sat Mar 23 2024 11:18:37 GMT+0700 (Indochina Time) : INFO : create transaction with id GRC-VALN-cKh was success
Sat Mar 23 2024 11:25:05 GMT+0700 (Indochina Time) : INFO : keep login with email suyantolearn09@gmail.com success
Sat Mar 23 2024 11:25:05 GMT+0700 (Indochina Time) : INFO : get product by id 1 was success
Sat Mar 23 2024 11:25:05 GMT+0700 (Indochina Time) : INFO : keep login with email suyantolearn09@gmail.com success
Sat Mar 23 2024 11:25:10 GMT+0700 (Indochina Time) : INFO : keep login with email suyantolearn09@gmail.com success
Sat Mar 23 2024 11:25:11 GMT+0700 (Indochina Time) : INFO : get customer by id 2 was success
Sat Mar 23 2024 11:25:11 GMT+0700 (Indochina Time) : INFO : keep login with email suyantolearn09@gmail.com success
Sat Mar 23 2024 11:25:12 GMT+0700 (Indochina Time) : INFO : get branchs by Geolocation success
Sat Mar 23 2024 11:25:28 GMT+0700 (Indochina Time) : INFO : get branchs by Geolocation success
Sat Mar 23 2024 11:25:39 GMT+0700 (Indochina Time) : INFO : create transaction with id GRC-uc0g-NZ2 was success
Sat Mar 23 2024 11:38:39 GMT+0700 (Indochina Time) : INFO : keep login with email suyantolearn09@gmail.com success
Sat Mar 23 2024 11:38:39 GMT+0700 (Indochina Time) : INFO : get product by id 1 was success
Sat Mar 23 2024 11:38:39 GMT+0700 (Indochina Time) : INFO : keep login with email suyantolearn09@gmail.com success
Sat Mar 23 2024 11:38:39 GMT+0700 (Indochina Time) : INFO : get product by id 1 was success
Sat Mar 23 2024 11:38:39 GMT+0700 (Indochina Time) : INFO : keep login with email suyantolearn09@gmail.com success
Sat Mar 23 2024 11:38:46 GMT+0700 (Indochina Time) : INFO : keep login with email suyantolearn09@gmail.com success
Sat Mar 23 2024 11:38:46 GMT+0700 (Indochina Time) : INFO : keep login with email suyantolearn09@gmail.com success
Sat Mar 23 2024 11:38:49 GMT+0700 (Indochina Time) : INFO : keep login with email suyantolearn09@gmail.com success
Sat Mar 23 2024 11:38:49 GMT+0700 (Indochina Time) : INFO : get customer by id 2 was success
Sat Mar 23 2024 11:38:49 GMT+0700 (Indochina Time) : INFO : keep login with email suyantolearn09@gmail.com success
Sat Mar 23 2024 11:38:49 GMT+0700 (Indochina Time) : INFO : get customer by id 2 was success
Sat Mar 23 2024 11:38:50 GMT+0700 (Indochina Time) : INFO : get branchs by Geolocation success
Sat Mar 23 2024 11:38:53 GMT+0700 (Indochina Time) : INFO : create transaction with id GRC-xmJl-uja was success
Sat Mar 23 2024 11:39:17 GMT+0700 (Indochina Time) : INFO : keep login with email suyantolearn09@gmail.com success
Sat Mar 23 2024 11:39:17 GMT+0700 (Indochina Time) : INFO : keep login with email suyantolearn09@gmail.com success
Sat Mar 23 2024 11:39:17 GMT+0700 (Indochina Time) : INFO : update status by midtrans success with transactionId GRC-xmJl-uja
Sat Mar 23 2024 11:39:17 GMT+0700 (Indochina Time) : INFO : update status by midtrans success with transactionId GRC-xmJl-uja
Sat Mar 23 2024 11:39:17 GMT+0700 (Indochina Time) : INFO : keep login with email suyantolearn09@gmail.com success
Sat Mar 23 2024 11:39:17 GMT+0700 (Indochina Time) : INFO : keep login with email suyantolearn09@gmail.com success
Sat Mar 23 2024 11:40:15 GMT+0700 (Indochina Time) : INFO : get customer by id 0 was success
Sat Mar 23 2024 11:40:15 GMT+0700 (Indochina Time) : INFO : keep login with email suyantolearn09@gmail.com success
Sat Mar 23 2024 11:40:22 GMT+0700 (Indochina Time) : INFO : get customer by id 0 was success
Sat Mar 23 2024 11:40:22 GMT+0700 (Indochina Time) : INFO : keep login with email suyantolearn09@gmail.com success
Sat Mar 23 2024 11:40:23 GMT+0700 (Indochina Time) : INFO : keep login with email suyantolearn09@gmail.com success
Sat Mar 23 2024 11:40:23 GMT+0700 (Indochina Time) : INFO : keep login with email suyantolearn09@gmail.com success
Sat Mar 23 2024 11:40:23 GMT+0700 (Indochina Time) : INFO : keep login with email suyantolearn09@gmail.com success
Sat Mar 23 2024 11:40:26 GMT+0700 (Indochina Time) : INFO : keep login with email suyantolearn09@gmail.com success
Sat Mar 23 2024 11:40:26 GMT+0700 (Indochina Time) : INFO : get product by id 1 was success
Sat Mar 23 2024 11:40:26 GMT+0700 (Indochina Time) : INFO : keep login with email suyantolearn09@gmail.com success
Sat Mar 23 2024 11:40:26 GMT+0700 (Indochina Time) : INFO : get product by id 1 was success
Sat Mar 23 2024 11:40:26 GMT+0700 (Indochina Time) : INFO : keep login with email suyantolearn09@gmail.com success
Sat Mar 23 2024 11:40:33 GMT+0700 (Indochina Time) : INFO : keep login with email suyantolearn09@gmail.com success
Sat Mar 23 2024 11:40:33 GMT+0700 (Indochina Time) : INFO : keep login with email suyantolearn09@gmail.com success
Sat Mar 23 2024 11:40:35 GMT+0700 (Indochina Time) : INFO : keep login with email suyantolearn09@gmail.com success
Sat Mar 23 2024 11:40:35 GMT+0700 (Indochina Time) : INFO : get customer by id 2 was success
Sat Mar 23 2024 11:40:35 GMT+0700 (Indochina Time) : INFO : keep login with email suyantolearn09@gmail.com success
Sat Mar 23 2024 11:40:35 GMT+0700 (Indochina Time) : INFO : get customer by id 2 was success
Sat Mar 23 2024 11:40:36 GMT+0700 (Indochina Time) : INFO : get branchs by Geolocation success
Sat Mar 23 2024 11:40:40 GMT+0700 (Indochina Time) : INFO : create transaction with id GRC-YpWU-N9P was success
Sat Mar 23 2024 11:41:02 GMT+0700 (Indochina Time) : INFO : keep login with email suyantolearn09@gmail.com success
Sat Mar 23 2024 11:41:02 GMT+0700 (Indochina Time) : INFO : keep login with email suyantolearn09@gmail.com success
Sat Mar 23 2024 11:41:02 GMT+0700 (Indochina Time) : INFO : update status by midtrans success with transactionId GRC-YpWU-N9P
Sat Mar 23 2024 11:41:02 GMT+0700 (Indochina Time) : INFO : update status by midtrans success with transactionId GRC-YpWU-N9P
Sat Mar 23 2024 11:41:02 GMT+0700 (Indochina Time) : INFO : keep login with email suyantolearn09@gmail.com success
Sat Mar 23 2024 11:41:02 GMT+0700 (Indochina Time) : INFO : keep login with email suyantolearn09@gmail.com success
Sat Mar 23 2024 11:48:02 GMT+0700 (Indochina Time) : INFO : get customer by id 0 was success
Sat Mar 23 2024 11:48:02 GMT+0700 (Indochina Time) : INFO : keep login with email suyantolearn09@gmail.com success
Sat Mar 23 2024 11:48:07 GMT+0700 (Indochina Time) : INFO : keep login with email suyantolearn09@gmail.com success
Sat Mar 23 2024 11:48:07 GMT+0700 (Indochina Time) : INFO : get product by id 1 was success
Sat Mar 23 2024 11:48:07 GMT+0700 (Indochina Time) : INFO : keep login with email suyantolearn09@gmail.com success
Sat Mar 23 2024 11:48:07 GMT+0700 (Indochina Time) : INFO : get product by id 1 was success
Sat Mar 23 2024 11:48:07 GMT+0700 (Indochina Time) : INFO : keep login with email suyantolearn09@gmail.com success
Sat Mar 23 2024 11:48:12 GMT+0700 (Indochina Time) : INFO : keep login with email suyantolearn09@gmail.com success
Sat Mar 23 2024 11:48:12 GMT+0700 (Indochina Time) : INFO : keep login with email suyantolearn09@gmail.com success
Sat Mar 23 2024 11:48:14 GMT+0700 (Indochina Time) : INFO : keep login with email suyantolearn09@gmail.com success
Sat Mar 23 2024 11:48:14 GMT+0700 (Indochina Time) : INFO : get customer by id 2 was success
Sat Mar 23 2024 11:48:14 GMT+0700 (Indochina Time) : INFO : keep login with email suyantolearn09@gmail.com success
Sat Mar 23 2024 11:48:14 GMT+0700 (Indochina Time) : INFO : get customer by id 2 was success
Sat Mar 23 2024 11:48:14 GMT+0700 (Indochina Time) : INFO : get branchs by Geolocation success
Sat Mar 23 2024 11:48:19 GMT+0700 (Indochina Time) : INFO : create transaction with id GRC-1xBf-6I8 was success
Sat Mar 23 2024 11:48:33 GMT+0700 (Indochina Time) : INFO : get customer by id 2 was success
Sat Mar 23 2024 11:48:33 GMT+0700 (Indochina Time) : INFO : get customer by id 2 was success
Sat Mar 23 2024 11:48:41 GMT+0700 (Indochina Time) : INFO : keep login with email suyantolearn09@gmail.com success
Sat Mar 23 2024 11:48:41 GMT+0700 (Indochina Time) : INFO : keep login with email suyantolearn09@gmail.com success
Sat Mar 23 2024 11:48:41 GMT+0700 (Indochina Time) : INFO : update status by midtrans success with transactionId GRC-1xBf-6I8
Sat Mar 23 2024 11:48:41 GMT+0700 (Indochina Time) : INFO : update status by midtrans success with transactionId GRC-1xBf-6I8
Sat Mar 23 2024 11:48:41 GMT+0700 (Indochina Time) : INFO : keep login with email suyantolearn09@gmail.com success
Sat Mar 23 2024 11:48:41 GMT+0700 (Indochina Time) : INFO : keep login with email suyantolearn09@gmail.com success
Sat Mar 23 2024 11:54:36 GMT+0700 (Indochina Time) : INFO : get customer by id 0 was success
Sat Mar 23 2024 11:54:36 GMT+0700 (Indochina Time) : INFO : keep login with email suyantolearn09@gmail.com success
Sat Mar 23 2024 11:54:39 GMT+0700 (Indochina Time) : INFO : keep login with email suyantolearn09@gmail.com success
Sat Mar 23 2024 11:54:39 GMT+0700 (Indochina Time) : INFO : keep login with email suyantolearn09@gmail.com success
Sat Mar 23 2024 11:54:39 GMT+0700 (Indochina Time) : INFO : keep login with email suyantolearn09@gmail.com success
Sat Mar 23 2024 11:54:42 GMT+0700 (Indochina Time) : INFO : keep login with email suyantolearn09@gmail.com success
Sat Mar 23 2024 11:54:42 GMT+0700 (Indochina Time) : INFO : keep login with email suyantolearn09@gmail.com success
Sat Mar 23 2024 11:54:42 GMT+0700 (Indochina Time) : INFO : keep login with email suyantolearn09@gmail.com success
Sat Mar 23 2024 11:54:49 GMT+0700 (Indochina Time) : INFO : get product by id 1 was success
Sat Mar 23 2024 11:54:49 GMT+0700 (Indochina Time) : INFO : keep login with email suyantolearn09@gmail.com success
Sat Mar 23 2024 11:54:49 GMT+0700 (Indochina Time) : INFO : get product by id 1 was success
Sat Mar 23 2024 11:54:49 GMT+0700 (Indochina Time) : INFO : keep login with email suyantolearn09@gmail.com success
Sat Mar 23 2024 11:54:50 GMT+0700 (Indochina Time) : INFO : keep login with email suyantolearn09@gmail.com success
Sat Mar 23 2024 11:54:53 GMT+0700 (Indochina Time) : INFO : keep login with email suyantolearn09@gmail.com success
Sat Mar 23 2024 11:54:53 GMT+0700 (Indochina Time) : INFO : keep login with email suyantolearn09@gmail.com success
Sat Mar 23 2024 11:54:55 GMT+0700 (Indochina Time) : INFO : get customer by id 2 was success
Sat Mar 23 2024 11:54:55 GMT+0700 (Indochina Time) : INFO : keep login with email suyantolearn09@gmail.com success
Sat Mar 23 2024 11:54:55 GMT+0700 (Indochina Time) : INFO : get customer by id 2 was success
Sat Mar 23 2024 11:54:55 GMT+0700 (Indochina Time) : INFO : keep login with email suyantolearn09@gmail.com success
Sat Mar 23 2024 11:54:56 GMT+0700 (Indochina Time) : INFO : get branchs by Geolocation success
Sat Mar 23 2024 11:55:05 GMT+0700 (Indochina Time) : INFO : create transaction with id GRC-fZsn-f09 was success
Sat Mar 23 2024 11:55:24 GMT+0700 (Indochina Time) : INFO : get customer by id 2 was success
Sat Mar 23 2024 11:55:24 GMT+0700 (Indochina Time) : INFO : get customer by id 2 was success
Sat Mar 23 2024 11:55:28 GMT+0700 (Indochina Time) : INFO : keep login with email suyantolearn09@gmail.com success
Sat Mar 23 2024 11:55:28 GMT+0700 (Indochina Time) : INFO : keep login with email suyantolearn09@gmail.com success
Sat Mar 23 2024 11:55:28 GMT+0700 (Indochina Time) : INFO : update status by midtrans success with transactionId GRC-fZsn-f09
Sat Mar 23 2024 11:55:28 GMT+0700 (Indochina Time) : INFO : update status by midtrans success with transactionId GRC-fZsn-f09
Sat Mar 23 2024 11:55:28 GMT+0700 (Indochina Time) : INFO : keep login with email suyantolearn09@gmail.com success
Sat Mar 23 2024 11:55:28 GMT+0700 (Indochina Time) : INFO : keep login with email suyantolearn09@gmail.com success
Sat Mar 23 2024 11:56:47 GMT+0700 (Indochina Time) : INFO : get customer by id 0 was success
Sat Mar 23 2024 11:56:50 GMT+0700 (Indochina Time) : INFO : get product by id 1 was success
Sat Mar 23 2024 11:57:00 GMT+0700 (Indochina Time) : INFO : login success with usernameOrEmail suyantolearn09@gmail.com
Sat Mar 23 2024 11:57:00 GMT+0700 (Indochina Time) : INFO : keep login with email suyantolearn09@gmail.com success
Sat Mar 23 2024 11:57:05 GMT+0700 (Indochina Time) : INFO : keep login with email suyantolearn09@gmail.com success
Sat Mar 23 2024 11:57:05 GMT+0700 (Indochina Time) : INFO : get product by id 2 was success
Sat Mar 23 2024 11:57:05 GMT+0700 (Indochina Time) : INFO : keep login with email suyantolearn09@gmail.com success
Sat Mar 23 2024 11:57:09 GMT+0700 (Indochina Time) : INFO : keep login with email suyantolearn09@gmail.com success
Sat Mar 23 2024 11:57:11 GMT+0700 (Indochina Time) : INFO : get customer by id 2 was success
Sat Mar 23 2024 11:57:11 GMT+0700 (Indochina Time) : INFO : keep login with email suyantolearn09@gmail.com success
Sat Mar 23 2024 11:57:12 GMT+0700 (Indochina Time) : INFO : get branchs by Geolocation success
Sat Mar 23 2024 11:57:14 GMT+0700 (Indochina Time) : INFO : create transaction with id GRC-rizN-zA1 was success
Sat Mar 23 2024 11:57:25 GMT+0700 (Indochina Time) : INFO : get customer by id 2 was success
Sat Mar 23 2024 11:57:26 GMT+0700 (Indochina Time) : INFO : keep login with email suyantolearn09@gmail.com success
Sat Mar 23 2024 11:57:26 GMT+0700 (Indochina Time) : INFO : update status by midtrans success with transactionId GRC-rizN-zA1
Sat Mar 23 2024 11:57:26 GMT+0700 (Indochina Time) : INFO : keep login with email suyantolearn09@gmail.com success
Sat Mar 23 2024 11:57:41 GMT+0700 (Indochina Time) : INFO : get transaction with id GRC-rizN-zA1 was success
Sat Mar 23 2024 11:57:41 GMT+0700 (Indochina Time) : INFO : keep login with email suyantolearn09@gmail.com success
Sat Mar 23 2024 12:06:36 GMT+0700 (Indochina Time) : INFO : get product by id 1 was success
Sat Mar 23 2024 12:06:45 GMT+0700 (Indochina Time) : INFO : login success with usernameOrEmail suyantolearn09@gmail.com
Sat Mar 23 2024 12:06:45 GMT+0700 (Indochina Time) : INFO : keep login with email suyantolearn09@gmail.com success
Sat Mar 23 2024 12:06:50 GMT+0700 (Indochina Time) : INFO : keep login with email suyantolearn09@gmail.com success
Sat Mar 23 2024 12:06:56 GMT+0700 (Indochina Time) : INFO : keep login with email suyantolearn09@gmail.com success
Sat Mar 23 2024 12:06:56 GMT+0700 (Indochina Time) : INFO : keep login with email suyantolearn09@gmail.com success
Sat Mar 23 2024 12:06:57 GMT+0700 (Indochina Time) : INFO : keep login with email suyantolearn09@gmail.com success
Sat Mar 23 2024 12:06:58 GMT+0700 (Indochina Time) : INFO : keep login with email suyantolearn09@gmail.com success
Sat Mar 23 2024 12:06:58 GMT+0700 (Indochina Time) : INFO : get product by id 1 was success
Sat Mar 23 2024 12:07:02 GMT+0700 (Indochina Time) : INFO : keep login with email suyantolearn09@gmail.com success
Sat Mar 23 2024 12:07:04 GMT+0700 (Indochina Time) : INFO : keep login with email suyantolearn09@gmail.com success
Sat Mar 23 2024 12:07:04 GMT+0700 (Indochina Time) : INFO : get customer by id 2 was success
Sat Mar 23 2024 12:07:07 GMT+0700 (Indochina Time) : INFO : get branchs by Geolocation success
Sat Mar 23 2024 12:07:14 GMT+0700 (Indochina Time) : INFO : create transaction with id GRC-aADM-KIU was success
Sat Mar 23 2024 12:07:38 GMT+0700 (Indochina Time) : INFO : get customer by id 2 was success
Sat Mar 23 2024 12:07:39 GMT+0700 (Indochina Time) : INFO : keep login with email suyantolearn09@gmail.com success
Sat Mar 23 2024 12:07:39 GMT+0700 (Indochina Time) : INFO : update status by midtrans success with transactionId GRC-aADM-KIU
Sat Mar 23 2024 12:07:39 GMT+0700 (Indochina Time) : INFO : keep login with email suyantolearn09@gmail.com success
Sat Mar 23 2024 12:07:47 GMT+0700 (Indochina Time) : INFO : get transaction with id GRC-aADM-KIU was success
Sat Mar 23 2024 12:07:47 GMT+0700 (Indochina Time) : INFO : keep login with email suyantolearn09@gmail.com success
Sat Mar 23 2024 12:25:25 GMT+0700 (Indochina Time) : INFO : get product by id 1 was success
Sat Mar 23 2024 12:25:36 GMT+0700 (Indochina Time) : ERROR : admin12 invalid
Sat Mar 23 2024 12:25:38 GMT+0700 (Indochina Time) : INFO : login success with usernameOrEmail suyantolearn09@gmail.com
Sat Mar 23 2024 12:25:38 GMT+0700 (Indochina Time) : INFO : keep login with email suyantolearn09@gmail.com success
Sat Mar 23 2024 12:25:43 GMT+0700 (Indochina Time) : INFO : keep login with email suyantolearn09@gmail.com success
Sat Mar 23 2024 12:25:44 GMT+0700 (Indochina Time) : INFO : get product by id 1 was success
Sat Mar 23 2024 12:25:44 GMT+0700 (Indochina Time) : INFO : keep login with email suyantolearn09@gmail.com success
Sat Mar 23 2024 12:25:50 GMT+0700 (Indochina Time) : INFO : keep login with email suyantolearn09@gmail.com success
Sat Mar 23 2024 12:25:52 GMT+0700 (Indochina Time) : INFO : get customer by id 2 was success
Sat Mar 23 2024 12:25:52 GMT+0700 (Indochina Time) : INFO : keep login with email suyantolearn09@gmail.com success
Sat Mar 23 2024 12:25:52 GMT+0700 (Indochina Time) : INFO : get branchs by Geolocation success
Sat Mar 23 2024 12:26:13 GMT+0700 (Indochina Time) : INFO : create transaction with id GRC-g1YZ-guL was success
Sat Mar 23 2024 12:26:29 GMT+0700 (Indochina Time) : INFO : get customer by id 2 was success
Sat Mar 23 2024 12:26:29 GMT+0700 (Indochina Time) : INFO : keep login with email suyantolearn09@gmail.com success
Sat Mar 23 2024 12:26:29 GMT+0700 (Indochina Time) : INFO : update status by midtrans success with transactionId GRC-g1YZ-guL
Sat Mar 23 2024 12:26:29 GMT+0700 (Indochina Time) : INFO : keep login with email suyantolearn09@gmail.com success
Sat Mar 23 2024 12:26:32 GMT+0700 (Indochina Time) : INFO : keep login with email suyantolearn09@gmail.com success
Sat Mar 23 2024 12:26:32 GMT+0700 (Indochina Time) : INFO : get transaction with id GRC-g1YZ-guL was success
Sat Mar 23 2024 12:26:48 GMT+0700 (Indochina Time) : INFO : get transaction with date Sat Mar 23 2024 12:26:48 GMT 0700 (Indochina Time) was success
Sat Mar 23 2024 12:26:48 GMT+0700 (Indochina Time) : INFO : get transactions success
Sat Mar 23 2024 12:26:48 GMT+0700 (Indochina Time) : INFO : keep login with email suyantolearn09@gmail.com success
Sat Mar 23 2024 12:26:50 GMT+0700 (Indochina Time) : INFO : keep login with email suyantolearn09@gmail.com success
Sat Mar 23 2024 12:26:50 GMT+0700 (Indochina Time) : INFO : get transaction with id GRC-g1YZ-guL was success
Sat Mar 23 2024 12:28:38 GMT+0700 (Indochina Time) : INFO : get product by id 1 was success
Sat Mar 23 2024 12:28:38 GMT+0700 (Indochina Time) : INFO : keep login with email suyantolearn09@gmail.com success
Sat Mar 23 2024 12:28:38 GMT+0700 (Indochina Time) : INFO : keep login with email suyantolearn09@gmail.com success
Sat Mar 23 2024 12:28:44 GMT+0700 (Indochina Time) : INFO : keep login with email suyantolearn09@gmail.com success
Sat Mar 23 2024 12:28:46 GMT+0700 (Indochina Time) : INFO : get customer by id 2 was success
Sat Mar 23 2024 12:28:46 GMT+0700 (Indochina Time) : INFO : keep login with email suyantolearn09@gmail.com success
Sat Mar 23 2024 12:28:47 GMT+0700 (Indochina Time) : INFO : get branchs by Geolocation success
Sat Mar 23 2024 12:28:49 GMT+0700 (Indochina Time) : INFO : get branchs by Geolocation success
Sat Mar 23 2024 12:28:55 GMT+0700 (Indochina Time) : INFO : get branchs by Geolocation success
Sat Mar 23 2024 12:29:35 GMT+0700 (Indochina Time) : INFO : get branchs by Geolocation success
Sat Mar 23 2024 12:29:38 GMT+0700 (Indochina Time) : INFO : get branchs by Geolocation success
Sat Mar 23 2024 12:29:41 GMT+0700 (Indochina Time) : INFO : keep login with email suyantolearn09@gmail.com success
Sat Mar 23 2024 12:29:43 GMT+0700 (Indochina Time) : INFO : keep login with email suyantolearn09@gmail.com success
Sat Mar 23 2024 12:29:43 GMT+0700 (Indochina Time) : INFO : get customer by id 2 was success
Sat Mar 23 2024 12:29:44 GMT+0700 (Indochina Time) : INFO : get branchs by Geolocation success
Sat Mar 23 2024 12:30:11 GMT+0700 (Indochina Time) : INFO : keep login with email suyantolearn09@gmail.com success
Sat Mar 23 2024 12:30:13 GMT+0700 (Indochina Time) : INFO : get customer by id 2 was success
Sat Mar 23 2024 12:30:13 GMT+0700 (Indochina Time) : INFO : keep login with email suyantolearn09@gmail.com success
Sat Mar 23 2024 12:30:14 GMT+0700 (Indochina Time) : INFO : get branchs by Geolocation success
Sat Mar 23 2024 12:30:19 GMT+0700 (Indochina Time) : INFO : get branchs by Geolocation success
Sat Mar 23 2024 12:30:27 GMT+0700 (Indochina Time) : INFO : get branchs by Geolocation success
Sat Mar 23 2024 12:30:29 GMT+0700 (Indochina Time) : INFO : get branchs by Geolocation success
Sat Mar 23 2024 12:35:43 GMT+0700 (Indochina Time) : INFO : keep login with email suyantolearn09@gmail.com success
Sat Mar 23 2024 12:35:43 GMT+0700 (Indochina Time) : INFO : keep login with email suyantolearn09@gmail.com success
Sat Mar 23 2024 12:35:55 GMT+0700 (Indochina Time) : INFO : get product by id 3 was success
Sat Mar 23 2024 12:36:03 GMT+0700 (Indochina Time) : INFO : login success with usernameOrEmail suyantolearn09@gmail.com
Sat Mar 23 2024 12:36:03 GMT+0700 (Indochina Time) : INFO : keep login with email suyantolearn09@gmail.com success
Sat Mar 23 2024 12:36:37 GMT+0700 (Indochina Time) : INFO : keep login with email suyantolearn09@gmail.com success
Sat Mar 23 2024 12:36:38 GMT+0700 (Indochina Time) : INFO : keep login with email suyantolearn09@gmail.com success
Sat Mar 23 2024 12:36:38 GMT+0700 (Indochina Time) : INFO : get customer by id 2 was success
Sat Mar 23 2024 12:36:39 GMT+0700 (Indochina Time) : INFO : get branchs by Geolocation success
Sat Mar 23 2024 12:36:45 GMT+0700 (Indochina Time) : INFO : get branchs by Geolocation success
Sat Mar 23 2024 12:36:49 GMT+0700 (Indochina Time) : INFO : create transaction with id GRC-lCto-mRP was success
Sat Mar 23 2024 12:37:06 GMT+0700 (Indochina Time) : INFO : get customer by id 2 was success
Sat Mar 23 2024 12:37:06 GMT+0700 (Indochina Time) : INFO : keep login with email suyantolearn09@gmail.com success
Sat Mar 23 2024 12:37:06 GMT+0700 (Indochina Time) : INFO : update status by midtrans success with transactionId GRC-lCto-mRP
Sat Mar 23 2024 12:37:06 GMT+0700 (Indochina Time) : INFO : keep login with email suyantolearn09@gmail.com success
Sat Mar 23 2024 12:37:08 GMT+0700 (Indochina Time) : INFO : keep login with email suyantolearn09@gmail.com success
Sat Mar 23 2024 12:37:08 GMT+0700 (Indochina Time) : INFO : get transaction with id GRC-lCto-mRP was success
Sat Mar 23 2024 16:08:19 GMT+0700 (Indochina Time) : INFO : get product by id 1 was success
Sat Mar 23 2024 16:08:38 GMT+0700 (Indochina Time) : INFO : login success with usernameOrEmail suyantolearn09@gmail.com
Sat Mar 23 2024 16:08:38 GMT+0700 (Indochina Time) : INFO : keep login with email suyantolearn09@gmail.com success
Sat Mar 23 2024 16:08:55 GMT+0700 (Indochina Time) : INFO : get product by id 1 was success
Sat Mar 23 2024 16:08:55 GMT+0700 (Indochina Time) : INFO : keep login with email suyantolearn09@gmail.com success
Sat Mar 23 2024 16:08:56 GMT+0700 (Indochina Time) : INFO : keep login with email suyantolearn09@gmail.com success
Sat Mar 23 2024 16:09:16 GMT+0700 (Indochina Time) : INFO : keep login with email suyantolearn09@gmail.com success
Sat Mar 23 2024 16:09:45 GMT+0700 (Indochina Time) : INFO : get product by id 1 was success
Sat Mar 23 2024 16:09:45 GMT+0700 (Indochina Time) : INFO : keep login with email suyantolearn09@gmail.com success
Sat Mar 23 2024 16:09:47 GMT+0700 (Indochina Time) : INFO : keep login with email suyantolearn09@gmail.com success
Sat Mar 23 2024 16:09:47 GMT+0700 (Indochina Time) : INFO : get product by id 1 was success
Sat Mar 23 2024 16:09:47 GMT+0700 (Indochina Time) : INFO : keep login with email suyantolearn09@gmail.com success
Sat Mar 23 2024 16:09:59 GMT+0700 (Indochina Time) : INFO : keep login with email suyantolearn09@gmail.com success
Sat Mar 23 2024 16:10:02 GMT+0700 (Indochina Time) : INFO : keep login with email suyantolearn09@gmail.com success
Sat Mar 23 2024 16:10:02 GMT+0700 (Indochina Time) : INFO : get product by id 1 was success
Sat Mar 23 2024 16:18:03 GMT+0700 (Indochina Time) : INFO : get product by id 1 was success
Sat Mar 23 2024 16:18:03 GMT+0700 (Indochina Time) : INFO : keep login with email suyantolearn09@gmail.com success
Sat Mar 23 2024 16:18:03 GMT+0700 (Indochina Time) : INFO : get product by id 1 was success
Sat Mar 23 2024 16:18:03 GMT+0700 (Indochina Time) : INFO : keep login with email suyantolearn09@gmail.com success
Sat Mar 23 2024 16:18:03 GMT+0700 (Indochina Time) : INFO : keep login with email suyantolearn09@gmail.com success
Sat Mar 23 2024 16:22:19 GMT+0700 (Indochina Time) : INFO : get product by id 1 was success
Sat Mar 23 2024 16:22:19 GMT+0700 (Indochina Time) : INFO : keep login with email suyantolearn09@gmail.com success
Sat Mar 23 2024 16:22:19 GMT+0700 (Indochina Time) : INFO : get product by id 1 was success
Sat Mar 23 2024 16:22:19 GMT+0700 (Indochina Time) : INFO : keep login with email suyantolearn09@gmail.com success
Sat Mar 23 2024 16:22:19 GMT+0700 (Indochina Time) : INFO : keep login with email suyantolearn09@gmail.com success
Sat Mar 23 2024 16:22:27 GMT+0700 (Indochina Time) : INFO : keep login with email suyantolearn09@gmail.com success
Sat Mar 23 2024 16:22:27 GMT+0700 (Indochina Time) : INFO : keep login with email suyantolearn09@gmail.com success
Sat Mar 23 2024 16:22:31 GMT+0700 (Indochina Time) : INFO : keep login with email suyantolearn09@gmail.com success
Sat Mar 23 2024 16:22:31 GMT+0700 (Indochina Time) : INFO : get customer by id 2 was success
Sat Mar 23 2024 16:22:31 GMT+0700 (Indochina Time) : INFO : keep login with email suyantolearn09@gmail.com success
Sat Mar 23 2024 16:22:31 GMT+0700 (Indochina Time) : INFO : get customer by id 2 was success
Sat Mar 23 2024 16:22:33 GMT+0700 (Indochina Time) : INFO : get product by id 1 was success
Sat Mar 23 2024 16:22:33 GMT+0700 (Indochina Time) : INFO : get product by id 1 was success
Sat Mar 23 2024 16:22:33 GMT+0700 (Indochina Time) : INFO : keep login with email suyantolearn09@gmail.com success
Sat Mar 23 2024 16:22:33 GMT+0700 (Indochina Time) : INFO : keep login with email suyantolearn09@gmail.com success
Sat Mar 23 2024 16:22:33 GMT+0700 (Indochina Time) : INFO : keep login with email suyantolearn09@gmail.com success
Sat Mar 23 2024 16:22:33 GMT+0700 (Indochina Time) : INFO : keep login with email suyantolearn09@gmail.com success
Sat Mar 23 2024 16:22:37 GMT+0700 (Indochina Time) : INFO : keep login with email suyantolearn09@gmail.com success
Sat Mar 23 2024 16:22:37 GMT+0700 (Indochina Time) : INFO : keep login with email suyantolearn09@gmail.com success
Sat Mar 23 2024 16:22:40 GMT+0700 (Indochina Time) : INFO : get product by id 1 was success
Sat Mar 23 2024 16:22:40 GMT+0700 (Indochina Time) : INFO : get product by id 1 was success
Sat Mar 23 2024 16:22:40 GMT+0700 (Indochina Time) : INFO : keep login with email suyantolearn09@gmail.com success
Sat Mar 23 2024 16:22:40 GMT+0700 (Indochina Time) : INFO : keep login with email suyantolearn09@gmail.com success
Sat Mar 23 2024 16:24:02 GMT+0700 (Indochina Time) : INFO : keep login with email suyantolearn09@gmail.com success
Sat Mar 23 2024 16:24:02 GMT+0700 (Indochina Time) : INFO : keep login with email suyantolearn09@gmail.com success
Sat Mar 23 2024 16:24:07 GMT+0700 (Indochina Time) : INFO : keep login with email suyantolearn09@gmail.com success
Sat Mar 23 2024 16:24:07 GMT+0700 (Indochina Time) : INFO : keep login with email suyantolearn09@gmail.com success
Sat Mar 23 2024 16:24:07 GMT+0700 (Indochina Time) : INFO : get product by id 1 was success
Sat Mar 23 2024 16:24:07 GMT+0700 (Indochina Time) : INFO : get product by id 1 was success
Sat Mar 23 2024 16:24:07 GMT+0700 (Indochina Time) : INFO : keep login with email suyantolearn09@gmail.com success
Sat Mar 23 2024 16:25:30 GMT+0700 (Indochina Time) : INFO : get product by id 1 was success
Sat Mar 23 2024 16:25:30 GMT+0700 (Indochina Time) : INFO : keep login with email suyantolearn09@gmail.com success
Sat Mar 23 2024 16:25:30 GMT+0700 (Indochina Time) : INFO : get product by id 1 was success
Sat Mar 23 2024 16:25:30 GMT+0700 (Indochina Time) : INFO : keep login with email suyantolearn09@gmail.com success
Sat Mar 23 2024 16:25:30 GMT+0700 (Indochina Time) : INFO : keep login with email suyantolearn09@gmail.com success
Sat Mar 23 2024 16:25:49 GMT+0700 (Indochina Time) : INFO : keep login with email suyantolearn09@gmail.com success
Sat Mar 23 2024 16:25:49 GMT+0700 (Indochina Time) : INFO : keep login with email suyantolearn09@gmail.com success
Sat Mar 23 2024 16:25:51 GMT+0700 (Indochina Time) : INFO : keep login with email suyantolearn09@gmail.com success
Sat Mar 23 2024 16:25:51 GMT+0700 (Indochina Time) : INFO : keep login with email suyantolearn09@gmail.com success
Sat Mar 23 2024 16:25:51 GMT+0700 (Indochina Time) : INFO : get product by id 1 was success
Sat Mar 23 2024 16:25:51 GMT+0700 (Indochina Time) : INFO : get product by id 1 was success
Sat Mar 23 2024 16:25:51 GMT+0700 (Indochina Time) : INFO : keep login with email suyantolearn09@gmail.com success
Sat Mar 23 2024 16:26:12 GMT+0700 (Indochina Time) : INFO : keep login with email suyantolearn09@gmail.com success
Sat Mar 23 2024 16:26:12 GMT+0700 (Indochina Time) : INFO : keep login with email suyantolearn09@gmail.com success
Sat Mar 23 2024 16:26:15 GMT+0700 (Indochina Time) : INFO : keep login with email suyantolearn09@gmail.com success
Sat Mar 23 2024 16:26:15 GMT+0700 (Indochina Time) : INFO : keep login with email suyantolearn09@gmail.com success
Sat Mar 23 2024 16:26:15 GMT+0700 (Indochina Time) : INFO : keep login with email suyantolearn09@gmail.com success
Sat Mar 23 2024 16:26:18 GMT+0700 (Indochina Time) : INFO : keep login with email suyantolearn09@gmail.com success
Sat Mar 23 2024 16:26:18 GMT+0700 (Indochina Time) : INFO : keep login with email suyantolearn09@gmail.com success
Sat Mar 23 2024 16:26:20 GMT+0700 (Indochina Time) : INFO : keep login with email suyantolearn09@gmail.com success
Sat Mar 23 2024 16:26:20 GMT+0700 (Indochina Time) : INFO : keep login with email suyantolearn09@gmail.com success
Sat Mar 23 2024 16:26:20 GMT+0700 (Indochina Time) : INFO : keep login with email suyantolearn09@gmail.com success
Sat Mar 23 2024 16:26:26 GMT+0700 (Indochina Time) : INFO : get product by id 2 was success
Sat Mar 23 2024 16:26:26 GMT+0700 (Indochina Time) : INFO : keep login with email suyantolearn09@gmail.com success
Sat Mar 23 2024 16:26:26 GMT+0700 (Indochina Time) : INFO : get product by id 2 was success
Sat Mar 23 2024 16:26:26 GMT+0700 (Indochina Time) : INFO : keep login with email suyantolearn09@gmail.com success
Sat Mar 23 2024 16:26:26 GMT+0700 (Indochina Time) : INFO : keep login with email suyantolearn09@gmail.com success
Sat Mar 23 2024 16:26:29 GMT+0700 (Indochina Time) : INFO : keep login with email suyantolearn09@gmail.com success
Sat Mar 23 2024 16:26:29 GMT+0700 (Indochina Time) : INFO : keep login with email suyantolearn09@gmail.com success
Sat Mar 23 2024 16:26:29 GMT+0700 (Indochina Time) : INFO : get product by id 1 was success
Sat Mar 23 2024 16:26:29 GMT+0700 (Indochina Time) : INFO : get product by id 1 was success
Sat Mar 23 2024 16:26:29 GMT+0700 (Indochina Time) : INFO : keep login with email suyantolearn09@gmail.com success
Sat Mar 23 2024 16:27:18 GMT+0700 (Indochina Time) : INFO : keep login with email suyantolearn09@gmail.com success
Sat Mar 23 2024 16:27:18 GMT+0700 (Indochina Time) : INFO : keep login with email suyantolearn09@gmail.com success
Sat Mar 23 2024 16:27:22 GMT+0700 (Indochina Time) : INFO : keep login with email suyantolearn09@gmail.com success
Sat Mar 23 2024 16:27:22 GMT+0700 (Indochina Time) : INFO : keep login with email suyantolearn09@gmail.com success
Sat Mar 23 2024 16:27:22 GMT+0700 (Indochina Time) : INFO : get product by id 1 was success
Sat Mar 23 2024 16:27:22 GMT+0700 (Indochina Time) : INFO : get product by id 1 was success
Sat Mar 23 2024 16:27:28 GMT+0700 (Indochina Time) : INFO : keep login with email suyantolearn09@gmail.com success
Sat Mar 23 2024 16:27:28 GMT+0700 (Indochina Time) : INFO : keep login with email suyantolearn09@gmail.com success
Sat Mar 23 2024 16:27:31 GMT+0700 (Indochina Time) : INFO : keep login with email suyantolearn09@gmail.com success
Sat Mar 23 2024 16:27:31 GMT+0700 (Indochina Time) : INFO : get product by id 1 was success
Sat Mar 23 2024 16:27:31 GMT+0700 (Indochina Time) : INFO : keep login with email suyantolearn09@gmail.com success
Sat Mar 23 2024 16:27:31 GMT+0700 (Indochina Time) : INFO : get product by id 1 was success
Sat Mar 23 2024 16:27:34 GMT+0700 (Indochina Time) : INFO : get product by id 1 was success
Sat Mar 23 2024 16:27:34 GMT+0700 (Indochina Time) : INFO : get product by id 1 was success
Sat Mar 23 2024 16:27:34 GMT+0700 (Indochina Time) : INFO : keep login with email suyantolearn09@gmail.com success
Sat Mar 23 2024 16:27:34 GMT+0700 (Indochina Time) : INFO : keep login with email suyantolearn09@gmail.com success
Sat Mar 23 2024 16:27:34 GMT+0700 (Indochina Time) : INFO : keep login with email suyantolearn09@gmail.com success
Sat Mar 23 2024 16:30:49 GMT+0700 (Indochina Time) : INFO : keep login with email suyantolearn09@gmail.com success
Sat Mar 23 2024 16:30:49 GMT+0700 (Indochina Time) : INFO : get product by id 1 was success
Sat Mar 23 2024 16:30:49 GMT+0700 (Indochina Time) : INFO : keep login with email suyantolearn09@gmail.com success
Sat Mar 23 2024 16:30:49 GMT+0700 (Indochina Time) : INFO : get product by id 1 was success
Sat Mar 23 2024 16:30:49 GMT+0700 (Indochina Time) : INFO : keep login with email suyantolearn09@gmail.com success
Sat Mar 23 2024 16:31:21 GMT+0700 (Indochina Time) : INFO : get product by id 1 was success
Sat Mar 23 2024 16:31:21 GMT+0700 (Indochina Time) : INFO : keep login with email suyantolearn09@gmail.com success
Sat Mar 23 2024 16:31:21 GMT+0700 (Indochina Time) : INFO : get product by id 1 was success
Sat Mar 23 2024 16:31:21 GMT+0700 (Indochina Time) : INFO : keep login with email suyantolearn09@gmail.com success
Sat Mar 23 2024 16:31:21 GMT+0700 (Indochina Time) : INFO : keep login with email suyantolearn09@gmail.com success
Sat Mar 23 2024 16:31:25 GMT+0700 (Indochina Time) : INFO : keep login with email suyantolearn09@gmail.com success
Sat Mar 23 2024 16:31:25 GMT+0700 (Indochina Time) : INFO : keep login with email suyantolearn09@gmail.com success
Sat Mar 23 2024 16:31:28 GMT+0700 (Indochina Time) : INFO : get product by id 1 was success
Sat Mar 23 2024 16:31:28 GMT+0700 (Indochina Time) : INFO : get product by id 1 was success
Sat Mar 23 2024 16:31:28 GMT+0700 (Indochina Time) : INFO : keep login with email suyantolearn09@gmail.com success
Sat Mar 23 2024 16:31:28 GMT+0700 (Indochina Time) : INFO : keep login with email suyantolearn09@gmail.com success
Sat Mar 23 2024 16:31:29 GMT+0700 (Indochina Time) : INFO : keep login with email suyantolearn09@gmail.com success
Sat Mar 23 2024 16:31:29 GMT+0700 (Indochina Time) : INFO : get product by id 2 was success
Sat Mar 23 2024 16:31:29 GMT+0700 (Indochina Time) : INFO : keep login with email suyantolearn09@gmail.com success
Sat Mar 23 2024 16:31:29 GMT+0700 (Indochina Time) : INFO : get product by id 2 was success
Sat Mar 23 2024 16:31:29 GMT+0700 (Indochina Time) : INFO : keep login with email suyantolearn09@gmail.com success
Sat Mar 23 2024 16:31:30 GMT+0700 (Indochina Time) : INFO : keep login with email suyantolearn09@gmail.com success
Sat Mar 23 2024 16:31:30 GMT+0700 (Indochina Time) : INFO : get product by id 1 was success
Sat Mar 23 2024 16:31:30 GMT+0700 (Indochina Time) : INFO : keep login with email suyantolearn09@gmail.com success
Sat Mar 23 2024 16:31:30 GMT+0700 (Indochina Time) : INFO : get product by id 1 was success
Sat Mar 23 2024 16:31:30 GMT+0700 (Indochina Time) : INFO : keep login with email suyantolearn09@gmail.com success
Sat Mar 23 2024 16:33:30 GMT+0700 (Indochina Time) : INFO : get product by id 1 was success
Sat Mar 23 2024 16:33:30 GMT+0700 (Indochina Time) : INFO : get product by id 1 was success
Sat Mar 23 2024 16:33:30 GMT+0700 (Indochina Time) : INFO : keep login with email suyantolearn09@gmail.com success
Sat Mar 23 2024 16:33:30 GMT+0700 (Indochina Time) : INFO : keep login with email suyantolearn09@gmail.com success
Sat Mar 23 2024 16:33:30 GMT+0700 (Indochina Time) : INFO : keep login with email suyantolearn09@gmail.com success
Sat Mar 23 2024 16:33:35 GMT+0700 (Indochina Time) : INFO : keep login with email suyantolearn09@gmail.com success
Sat Mar 23 2024 16:33:35 GMT+0700 (Indochina Time) : INFO : get product by id 1 was success
Sat Mar 23 2024 16:33:35 GMT+0700 (Indochina Time) : INFO : keep login with email suyantolearn09@gmail.com success
Sat Mar 23 2024 16:33:35 GMT+0700 (Indochina Time) : INFO : get product by id 1 was success
Sat Mar 23 2024 16:33:35 GMT+0700 (Indochina Time) : INFO : keep login with email suyantolearn09@gmail.com success
Sat Mar 23 2024 17:10:43 GMT+0700 (Indochina Time) : INFO : get product by id 1 was success
Sat Mar 23 2024 17:10:43 GMT+0700 (Indochina Time) : INFO : get product by id 1 was success
Sat Mar 23 2024 17:10:50 GMT+0700 (Indochina Time) : INFO : get transaction with id GRC-lCto-mRP was success
Sat Mar 23 2024 17:10:50 GMT+0700 (Indochina Time) : INFO : get transaction with id GRC-lCto-mRP was success
Sat Mar 23 2024 17:11:50 GMT+0700 (Indochina Time) : INFO : update status by midtrans success with transactionId GRC-lCto-mRP
Sat Mar 23 2024 17:13:19 GMT+0700 (Indochina Time) : INFO : login success with usernameOrEmail suyantolearn09@gmail.com
Sat Mar 23 2024 17:13:19 GMT+0700 (Indochina Time) : INFO : keep login with email suyantolearn09@gmail.com success
Sat Mar 23 2024 17:13:27 GMT+0700 (Indochina Time) : INFO : get product by id 1 was success
Sat Mar 23 2024 17:13:27 GMT+0700 (Indochina Time) : INFO : keep login with email suyantolearn09@gmail.com success
Sat Mar 23 2024 17:13:27 GMT+0700 (Indochina Time) : INFO : keep login with email suyantolearn09@gmail.com success
Sat Mar 23 2024 17:13:38 GMT+0700 (Indochina Time) : INFO : get product by id 2 was success
Sat Mar 23 2024 17:13:38 GMT+0700 (Indochina Time) : INFO : keep login with email suyantolearn09@gmail.com success
Sat Mar 23 2024 17:13:38 GMT+0700 (Indochina Time) : INFO : keep login with email suyantolearn09@gmail.com success
Sat Mar 23 2024 17:13:39 GMT+0700 (Indochina Time) : INFO : get product by id 11 was success
Sat Mar 23 2024 17:13:39 GMT+0700 (Indochina Time) : INFO : keep login with email suyantolearn09@gmail.com success
Sat Mar 23 2024 17:13:39 GMT+0700 (Indochina Time) : INFO : keep login with email suyantolearn09@gmail.com success
Sat Mar 23 2024 17:13:42 GMT+0700 (Indochina Time) : INFO : keep login with email suyantolearn09@gmail.com success
Sat Mar 23 2024 17:13:44 GMT+0700 (Indochina Time) : INFO : keep login with email suyantolearn09@gmail.com success
Sat Mar 23 2024 17:13:44 GMT+0700 (Indochina Time) : INFO : get customer by id 2 was success
Sat Mar 23 2024 17:13:46 GMT+0700 (Indochina Time) : INFO : get branchs by Geolocation success
Sat Mar 23 2024 17:13:51 GMT+0700 (Indochina Time) : INFO : create transaction with id GRC-QLDb-3tE was success
Sat Mar 23 2024 17:14:06 GMT+0700 (Indochina Time) : INFO : get customer by id 2 was success
Sat Mar 23 2024 17:14:06 GMT+0700 (Indochina Time) : INFO : keep login with email suyantolearn09@gmail.com success
Sat Mar 23 2024 17:14:06 GMT+0700 (Indochina Time) : INFO : update status by midtrans success with transactionId GRC-QLDb-3tE
Sat Mar 23 2024 17:14:06 GMT+0700 (Indochina Time) : INFO : keep login with email suyantolearn09@gmail.com success
Sat Mar 23 2024 17:14:09 GMT+0700 (Indochina Time) : INFO : keep login with email suyantolearn09@gmail.com success
Sat Mar 23 2024 17:14:09 GMT+0700 (Indochina Time) : INFO : get transaction with id GRC-QLDb-3tE was success
Sat Mar 23 2024 17:15:18 GMT+0700 (Indochina Time) : INFO : keep login with email suyantolearn09@gmail.com success
Sat Mar 23 2024 17:15:18 GMT+0700 (Indochina Time) : INFO : get product by id 1 was success
Sat Mar 23 2024 17:15:18 GMT+0700 (Indochina Time) : INFO : keep login with email suyantolearn09@gmail.com success
Sat Mar 23 2024 17:15:20 GMT+0700 (Indochina Time) : INFO : get product by id 12 was success
Sat Mar 23 2024 17:15:20 GMT+0700 (Indochina Time) : INFO : keep login with email suyantolearn09@gmail.com success
Sat Mar 23 2024 17:15:20 GMT+0700 (Indochina Time) : INFO : keep login with email suyantolearn09@gmail.com success
Sat Mar 23 2024 17:15:24 GMT+0700 (Indochina Time) : INFO : keep login with email suyantolearn09@gmail.com success
Sat Mar 23 2024 17:15:27 GMT+0700 (Indochina Time) : INFO : keep login with email suyantolearn09@gmail.com success
Sat Mar 23 2024 17:15:27 GMT+0700 (Indochina Time) : INFO : get customer by id 2 was success
Sat Mar 23 2024 17:15:29 GMT+0700 (Indochina Time) : INFO : get branchs by Geolocation success
Sat Mar 23 2024 17:15:33 GMT+0700 (Indochina Time) : INFO : create transaction with id GRC-Z1jD-X0o was success
Sat Mar 23 2024 17:15:46 GMT+0700 (Indochina Time) : INFO : get customer by id 2 was success
Sat Mar 23 2024 17:15:46 GMT+0700 (Indochina Time) : INFO : keep login with email suyantolearn09@gmail.com success
Sat Mar 23 2024 17:15:46 GMT+0700 (Indochina Time) : INFO : update status by midtrans success with transactionId GRC-Z1jD-X0o
Sat Mar 23 2024 17:15:46 GMT+0700 (Indochina Time) : INFO : keep login with email suyantolearn09@gmail.com success
Sat Mar 23 2024 17:15:51 GMT+0700 (Indochina Time) : INFO : get transaction with id GRC-Z1jD-X0o was success
Sat Mar 23 2024 17:15:51 GMT+0700 (Indochina Time) : INFO : keep login with email suyantolearn09@gmail.com success
Sat Mar 23 2024 17:40:41 GMT+0700 (Indochina Time) : INFO : keep login with email suyantolearn09@gmail.com success
Sat Mar 23 2024 17:40:41 GMT+0700 (Indochina Time) : INFO : keep login with email suyantolearn09@gmail.com success
Sat Mar 23 2024 17:40:49 GMT+0700 (Indochina Time) : INFO : get product by id 1 was success
Sat Mar 23 2024 17:43:50 GMT+0700 (Indochina Time) : INFO : get product by id 1 was success
Sat Mar 23 2024 17:44:15 GMT+0700 (Indochina Time) : INFO : get product by id 1 was success
Sat Mar 23 2024 17:48:40 GMT+0700 (Indochina Time) : INFO : get product by id 1 was success
Sat Mar 23 2024 17:48:54 GMT+0700 (Indochina Time) : INFO : login success with usernameOrEmail suyantolearn09@gmail.com
Sat Mar 23 2024 17:48:54 GMT+0700 (Indochina Time) : INFO : keep login with email suyantolearn09@gmail.com success
Sat Mar 23 2024 17:49:04 GMT+0700 (Indochina Time) : INFO : get product by id 1 was success
Sat Mar 23 2024 17:49:04 GMT+0700 (Indochina Time) : INFO : keep login with email suyantolearn09@gmail.com success
Sat Mar 23 2024 17:49:04 GMT+0700 (Indochina Time) : INFO : keep login with email suyantolearn09@gmail.com success
Sat Mar 23 2024 17:55:39 GMT+0700 (Indochina Time) : INFO : get product by id 1 was success
Sat Mar 23 2024 17:57:04 GMT+0700 (Indochina Time) : INFO : get product by id 1 was success
Sat Mar 23 2024 17:57:19 GMT+0700 (Indochina Time) : INFO : login success with usernameOrEmail suyantolearn09@gmail.com
Sat Mar 23 2024 17:57:20 GMT+0700 (Indochina Time) : INFO : keep login with email suyantolearn09@gmail.com success
Sat Mar 23 2024 17:57:22 GMT+0700 (Indochina Time) : INFO : keep login with email suyantolearn09@gmail.com success
Sat Mar 23 2024 17:57:24 GMT+0700 (Indochina Time) : INFO : keep login with email suyantolearn09@gmail.com success
Sat Mar 23 2024 17:57:24 GMT+0700 (Indochina Time) : INFO : get product by id 1 was success
Sat Mar 23 2024 17:57:35 GMT+0700 (Indochina Time) : INFO : keep login with email suyantolearn09@gmail.com success
Sat Mar 23 2024 17:57:54 GMT+0700 (Indochina Time) : INFO : get product by id 1 was success
Sat Mar 23 2024 17:57:54 GMT+0700 (Indochina Time) : INFO : keep login with email suyantolearn09@gmail.com success
Sat Mar 23 2024 17:58:04 GMT+0700 (Indochina Time) : INFO : keep login with email suyantolearn09@gmail.com success
Sat Mar 23 2024 17:58:11 GMT+0700 (Indochina Time) : INFO : get product by id 1 was success
Sat Mar 23 2024 17:58:11 GMT+0700 (Indochina Time) : INFO : keep login with email suyantolearn09@gmail.com success
Sat Mar 23 2024 17:58:24 GMT+0700 (Indochina Time) : INFO : get product by id 1 was success
Sat Mar 23 2024 17:58:24 GMT+0700 (Indochina Time) : INFO : keep login with email suyantolearn09@gmail.com success
Sat Mar 23 2024 17:58:24 GMT+0700 (Indochina Time) : INFO : keep login with email suyantolearn09@gmail.com success
Sat Mar 23 2024 17:58:47 GMT+0700 (Indochina Time) : INFO : keep login with email suyantolearn09@gmail.com success
Sat Mar 23 2024 17:58:49 GMT+0700 (Indochina Time) : INFO : get product by id 1 was success
Sat Mar 23 2024 17:58:49 GMT+0700 (Indochina Time) : INFO : keep login with email suyantolearn09@gmail.com success
Sat Mar 23 2024 17:58:53 GMT+0700 (Indochina Time) : INFO : keep login with email suyantolearn09@gmail.com success
Sat Mar 23 2024 17:58:55 GMT+0700 (Indochina Time) : INFO : keep login with email suyantolearn09@gmail.com success
Sat Mar 23 2024 17:58:55 GMT+0700 (Indochina Time) : INFO : get product by id 1 was success
Sat Mar 23 2024 17:59:26 GMT+0700 (Indochina Time) : INFO : get product by id 1 was success
Sat Mar 23 2024 17:59:26 GMT+0700 (Indochina Time) : INFO : keep login with email suyantolearn09@gmail.com success
Sat Mar 23 2024 17:59:26 GMT+0700 (Indochina Time) : INFO : keep login with email suyantolearn09@gmail.com success
Sat Mar 23 2024 17:59:52 GMT+0700 (Indochina Time) : INFO : get product by id 1 was success
Sat Mar 23 2024 17:59:52 GMT+0700 (Indochina Time) : INFO : keep login with email suyantolearn09@gmail.com success
Sat Mar 23 2024 17:59:52 GMT+0700 (Indochina Time) : INFO : keep login with email suyantolearn09@gmail.com success
Sat Mar 23 2024 18:00:04 GMT+0700 (Indochina Time) : INFO : keep login with email suyantolearn09@gmail.com success
Sat Mar 23 2024 18:00:05 GMT+0700 (Indochina Time) : INFO : keep login with email suyantolearn09@gmail.com success
Sat Mar 23 2024 18:00:05 GMT+0700 (Indochina Time) : INFO : get product by id 1 was success
Sat Mar 23 2024 18:00:11 GMT+0700 (Indochina Time) : INFO : keep login with email suyantolearn09@gmail.com success
Sat Mar 23 2024 18:00:13 GMT+0700 (Indochina Time) : INFO : keep login with email suyantolearn09@gmail.com success
Sat Mar 23 2024 18:00:13 GMT+0700 (Indochina Time) : INFO : get product by id 1 was success
Sat Mar 23 2024 18:00:28 GMT+0700 (Indochina Time) : INFO : get product by id 21 was success
Sat Mar 23 2024 18:00:28 GMT+0700 (Indochina Time) : INFO : keep login with email suyantolearn09@gmail.com success
Sat Mar 23 2024 18:00:28 GMT+0700 (Indochina Time) : INFO : keep login with email suyantolearn09@gmail.com success
Sat Mar 23 2024 18:00:31 GMT+0700 (Indochina Time) : INFO : keep login with email suyantolearn09@gmail.com success
Sat Mar 23 2024 18:00:31 GMT+0700 (Indochina Time) : INFO : get product by id 2 was success
Sat Mar 23 2024 18:00:31 GMT+0700 (Indochina Time) : INFO : keep login with email suyantolearn09@gmail.com success
Sat Mar 23 2024 18:00:31 GMT+0700 (Indochina Time) : INFO : keep login with email suyantolearn09@gmail.com success
Sat Mar 23 2024 18:00:31 GMT+0700 (Indochina Time) : INFO : get product by id 21 was success
Sat Mar 23 2024 18:00:31 GMT+0700 (Indochina Time) : INFO : keep login with email suyantolearn09@gmail.com success
Sat Mar 23 2024 18:00:34 GMT+0700 (Indochina Time) : INFO : get product by id 2 was success
Sat Mar 23 2024 18:00:34 GMT+0700 (Indochina Time) : INFO : keep login with email suyantolearn09@gmail.com success
Sat Mar 23 2024 18:00:34 GMT+0700 (Indochina Time) : INFO : keep login with email suyantolearn09@gmail.com success
Sat Mar 23 2024 18:00:49 GMT+0700 (Indochina Time) : INFO : keep login with email suyantolearn09@gmail.com success
Sat Mar 23 2024 18:01:39 GMT+0700 (Indochina Time) : INFO : keep login with email suyantolearn09@gmail.com success
Sat Mar 23 2024 18:01:39 GMT+0700 (Indochina Time) : INFO : get customer by id 2 was success
Sat Mar 23 2024 18:01:41 GMT+0700 (Indochina Time) : INFO : get branchs by Geolocation success
Sat Mar 23 2024 18:01:44 GMT+0700 (Indochina Time) : INFO : get branchs by Geolocation success
Sat Mar 23 2024 18:01:46 GMT+0700 (Indochina Time) : INFO : get branchs by Geolocation success
Sat Mar 23 2024 18:02:08 GMT+0700 (Indochina Time) : INFO : get branchs by Geolocation success
Sat Mar 23 2024 18:02:18 GMT+0700 (Indochina Time) : INFO : get branchs by Geolocation success
Sat Mar 23 2024 18:02:50 GMT+0700 (Indochina Time) : INFO : keep login with email suyantolearn09@gmail.com success
Sat Mar 23 2024 18:02:52 GMT+0700 (Indochina Time) : INFO : keep login with email suyantolearn09@gmail.com success
Sat Mar 23 2024 18:02:52 GMT+0700 (Indochina Time) : INFO : get customer by id 2 was success
Sat Mar 23 2024 18:02:53 GMT+0700 (Indochina Time) : INFO : get branchs by Geolocation success
Sat Mar 23 2024 18:02:54 GMT+0700 (Indochina Time) : INFO : get branchs by Geolocation success
Sat Mar 23 2024 18:03:00 GMT+0700 (Indochina Time) : ERROR : Sorry, we don't have enough in stock for your order
Sat Mar 23 2024 18:03:36 GMT+0700 (Indochina Time) : ERROR : Sorry, we don't have enough in stock for your order
Sat Mar 23 2024 18:04:08 GMT+0700 (Indochina Time) : INFO : keep login with email suyantolearn09@gmail.com success
Sat Mar 23 2024 18:04:08 GMT+0700 (Indochina Time) : INFO : keep login with email suyantolearn09@gmail.com success
Sat Mar 23 2024 18:04:16 GMT+0700 (Indochina Time) : INFO : get branchs success
Sat Mar 23 2024 18:04:16 GMT+0700 (Indochina Time) : INFO : get transaction by branch id 0 was success
Sat Mar 23 2024 18:04:24 GMT+0700 (Indochina Time) : ERROR : admin123 invalid
Sat Mar 23 2024 18:04:28 GMT+0700 (Indochina Time) : INFO : login admin success with usernameOrEmail budisuperadmin@mail.com
Sat Mar 23 2024 18:04:28 GMT+0700 (Indochina Time) : INFO : get branchs success
Sat Mar 23 2024 18:04:28 GMT+0700 (Indochina Time) : INFO : keep login admin with email budisuperadmin@mail.com success
Sat Mar 23 2024 18:04:28 GMT+0700 (Indochina Time) : INFO : get transactions success
Sat Mar 23 2024 18:04:28 GMT+0700 (Indochina Time) : INFO : get transactions success
Sat Mar 23 2024 18:04:52 GMT+0700 (Indochina Time) : INFO : keep login with email suyantolearn09@gmail.com success
Sat Mar 23 2024 18:04:53 GMT+0700 (Indochina Time) : INFO : keep login with email suyantolearn09@gmail.com success
Sat Mar 23 2024 18:04:53 GMT+0700 (Indochina Time) : INFO : get customer by id 2 was success
Sat Mar 23 2024 18:04:55 GMT+0700 (Indochina Time) : INFO : get branchs by Geolocation success
Sat Mar 23 2024 18:05:04 GMT+0700 (Indochina Time) : INFO : create transaction with id GRC-x10P-8dW was success
Sat Mar 23 2024 18:05:04 GMT+0700 (Indochina Time) : INFO : get transaction with id GRC-x10P-8dW was success
Sat Mar 23 2024 18:05:04 GMT+0700 (Indochina Time) : INFO : keep login with email suyantolearn09@gmail.com success
Sat Mar 23 2024 18:05:32 GMT+0700 (Indochina Time) : INFO : get branchs success
Sat Mar 23 2024 18:05:32 GMT+0700 (Indochina Time) : INFO : get transaction by branch id 0 was success
Sat Mar 23 2024 18:05:32 GMT+0700 (Indochina Time) : INFO : keep login admin with email budisuperadmin@mail.com success
Sat Mar 23 2024 18:05:32 GMT+0700 (Indochina Time) : INFO : keep login admin with email budisuperadmin@mail.com success
Sat Mar 23 2024 18:05:32 GMT+0700 (Indochina Time) : INFO : get branchs success
Sat Mar 23 2024 18:05:32 GMT+0700 (Indochina Time) : INFO : get transactions success
Sat Mar 23 2024 18:05:36 GMT+0700 (Indochina Time) : INFO : get transaction with id GRC-x10P-8dW was success
Sat Mar 23 2024 18:07:06 GMT+0700 (Indochina Time) : INFO : update transaction payment proof success with transaction id GRC-x10P-8dW
Sat Mar 23 2024 18:07:06 GMT+0700 (Indochina Time) : INFO : get transaction with id GRC-x10P-8dW was success
Sat Mar 23 2024 18:12:13 GMT+0700 (Indochina Time) : INFO : keep login with email suyantolearn09@gmail.com success
Sat Mar 23 2024 18:12:13 GMT+0700 (Indochina Time) : INFO : get transactions success
Sat Mar 23 2024 18:12:13 GMT+0700 (Indochina Time) : INFO : get transaction with date Sat Mar 23 2024 18:12:13 GMT 0700 (Indochina Time) was success
Sat Mar 23 2024 18:12:24 GMT+0700 (Indochina Time) : INFO : get transaction with id GRC-x10P-8dW was success
Sat Mar 23 2024 18:12:24 GMT+0700 (Indochina Time) : INFO : keep login with email suyantolearn09@gmail.com success
Sat Mar 23 2024 18:12:26 GMT+0700 (Indochina Time) : INFO : keep login with email suyantolearn09@gmail.com success
Sat Mar 23 2024 18:12:26 GMT+0700 (Indochina Time) : INFO : get transaction with date Sat Mar 23 2024 18:12:26 GMT 0700 (Indochina Time) was success
Sat Mar 23 2024 18:12:26 GMT+0700 (Indochina Time) : INFO : get transactions success
Sat Mar 23 2024 18:12:46 GMT+0700 (Indochina Time) : INFO : get transaction with id GRC-q71T-UEY was success
Sat Mar 23 2024 18:12:49 GMT+0700 (Indochina Time) : INFO : get transaction with date Fri Mar 22 2024 18:12:26 GMT 0700 (Indochina Time) was success
Sat Mar 23 2024 18:12:53 GMT+0700 (Indochina Time) : INFO : get transaction with date Thu Mar 21 2024 18:12:26 GMT 0700 (Indochina Time) was success
Sat Mar 23 2024 18:12:54 GMT+0700 (Indochina Time) : INFO : get transaction with date Wed Mar 20 2024 18:12:26 GMT 0700 (Indochina Time) was success
Sat Mar 23 2024 18:12:56 GMT+0700 (Indochina Time) : INFO : get transaction with date Tue Mar 19 2024 18:12:26 GMT 0700 (Indochina Time) was success
Sat Mar 23 2024 18:12:59 GMT+0700 (Indochina Time) : INFO : get transaction with date Fri Mar 22 2024 18:12:26 GMT 0700 (Indochina Time) was success
Sat Mar 23 2024 18:13:46 GMT+0700 (Indochina Time) : INFO : get transaction with id GRC-x10P-8dW was success
Sat Mar 23 2024 18:13:46 GMT+0700 (Indochina Time) : INFO : keep login with email suyantolearn09@gmail.com success
Sat Mar 23 2024 18:13:49 GMT+0700 (Indochina Time) : INFO : keep login with email suyantolearn09@gmail.com success
Sat Mar 23 2024 18:13:49 GMT+0700 (Indochina Time) : INFO : get transaction with id GRC-x10P-8dW was success
Sat Mar 23 2024 18:13:49 GMT+0700 (Indochina Time) : INFO : keep login with email suyantolearn09@gmail.com success
Sat Mar 23 2024 18:13:55 GMT+0700 (Indochina Time) : INFO : update transaction status with id GRC-x10P-8dW was success
Sat Mar 23 2024 18:13:55 GMT+0700 (Indochina Time) : INFO : get transaction with id GRC-x10P-8dW was success
Sat Mar 23 2024 18:14:40 GMT+0700 (Indochina Time) : INFO : get transaction with id GRC-x10P-8dW was success
Sat Mar 23 2024 18:14:40 GMT+0700 (Indochina Time) : INFO : keep login with email suyantolearn09@gmail.com success
Sat Mar 23 2024 18:14:40 GMT+0700 (Indochina Time) : INFO : keep login with email suyantolearn09@gmail.com success
Sat Mar 23 2024 18:15:02 GMT+0700 (Indochina Time) : INFO : update transaction status with id GRC-x10P-8dW was success
Sat Mar 23 2024 18:15:02 GMT+0700 (Indochina Time) : INFO : get transaction with id GRC-x10P-8dW was success
Sat Mar 23 2024 18:17:47 GMT+0700 (Indochina Time) : INFO : get branchs success
Sat Mar 23 2024 18:17:47 GMT+0700 (Indochina Time) : INFO : get transactions success
Sat Mar 23 2024 18:17:47 GMT+0700 (Indochina Time) : INFO : get transactions success
Sat Mar 23 2024 18:17:49 GMT+0700 (Indochina Time) : INFO : get branchs success
Sat Mar 23 2024 18:17:49 GMT+0700 (Indochina Time) : INFO : get transactions success
Sat Mar 23 2024 18:17:49 GMT+0700 (Indochina Time) : INFO : get transactions success
Sat Mar 23 2024 18:17:51 GMT+0700 (Indochina Time) : INFO : get branchs success
Sat Mar 23 2024 18:17:51 GMT+0700 (Indochina Time) : INFO : get transactions success
Sat Mar 23 2024 18:17:51 GMT+0700 (Indochina Time) : INFO : get transactions success
Sat Mar 23 2024 18:17:54 GMT+0700 (Indochina Time) : INFO : get branchs success
Sat Mar 23 2024 18:17:54 GMT+0700 (Indochina Time) : INFO : get transaction by branch id 1 was success
Sat Mar 23 2024 18:17:55 GMT+0700 (Indochina Time) : INFO : get branchs success
Sat Mar 23 2024 18:17:55 GMT+0700 (Indochina Time) : INFO : get transaction by branch id 2 was success
Sat Mar 23 2024 18:17:56 GMT+0700 (Indochina Time) : INFO : get branchs success
Sat Mar 23 2024 18:17:56 GMT+0700 (Indochina Time) : INFO : get transaction by branch id 3 was success
Sat Mar 23 2024 18:17:58 GMT+0700 (Indochina Time) : INFO : get branchs success
Sat Mar 23 2024 18:17:58 GMT+0700 (Indochina Time) : INFO : get transaction by branch id 2 was success
Sat Mar 23 2024 18:17:59 GMT+0700 (Indochina Time) : INFO : get branchs success
Sat Mar 23 2024 18:17:59 GMT+0700 (Indochina Time) : INFO : get transaction by branch id 1 was success
Sat Mar 23 2024 18:18:04 GMT+0700 (Indochina Time) : INFO : get branchs success
Sat Mar 23 2024 18:18:04 GMT+0700 (Indochina Time) : INFO : get transaction by branch id 3 was success
Sat Mar 23 2024 18:18:05 GMT+0700 (Indochina Time) : INFO : get branchs success
Sat Mar 23 2024 18:18:05 GMT+0700 (Indochina Time) : INFO : get transaction by branch id 0 was success
Sat Mar 23 2024 18:18:05 GMT+0700 (Indochina Time) : INFO : keep login admin with email budisuperadmin@mail.com success
Sat Mar 23 2024 18:18:05 GMT+0700 (Indochina Time) : INFO : keep login admin with email budisuperadmin@mail.com success
Sat Mar 23 2024 18:18:05 GMT+0700 (Indochina Time) : INFO : get branchs success
Sat Mar 23 2024 18:18:05 GMT+0700 (Indochina Time) : INFO : get transactions success
Sat Mar 23 2024 18:18:08 GMT+0700 (Indochina Time) : INFO : get branchs success
Sat Mar 23 2024 18:18:08 GMT+0700 (Indochina Time) : INFO : get transaction by branch id 1 was success
Sat Mar 23 2024 18:18:10 GMT+0700 (Indochina Time) : INFO : get branchs success
Sat Mar 23 2024 18:18:10 GMT+0700 (Indochina Time) : INFO : get transaction by branch id 2 was success
Sat Mar 23 2024 18:18:13 GMT+0700 (Indochina Time) : INFO : get branchs success
Sat Mar 23 2024 18:18:13 GMT+0700 (Indochina Time) : INFO : get transaction by branch id 1 was success
Sat Mar 23 2024 18:18:14 GMT+0700 (Indochina Time) : INFO : get branchs success
Sat Mar 23 2024 18:18:14 GMT+0700 (Indochina Time) : INFO : get transaction by branch id 3 was success
Sat Mar 23 2024 18:18:16 GMT+0700 (Indochina Time) : INFO : get branchs success
Sat Mar 23 2024 18:18:16 GMT+0700 (Indochina Time) : INFO : get transaction by branch id 0 was success
Sat Mar 23 2024 18:18:16 GMT+0700 (Indochina Time) : INFO : keep login admin with email budisuperadmin@mail.com success
Sat Mar 23 2024 18:18:16 GMT+0700 (Indochina Time) : INFO : keep login admin with email budisuperadmin@mail.com success
Sat Mar 23 2024 18:18:16 GMT+0700 (Indochina Time) : INFO : get branchs success
Sat Mar 23 2024 18:18:17 GMT+0700 (Indochina Time) : INFO : get transactions success
Sat Mar 23 2024 18:18:20 GMT+0700 (Indochina Time) : INFO : get branchs success
Sat Mar 23 2024 18:18:20 GMT+0700 (Indochina Time) : INFO : get transactions success
Sat Mar 23 2024 18:18:20 GMT+0700 (Indochina Time) : INFO : get transactions success
Sat Mar 23 2024 18:18:21 GMT+0700 (Indochina Time) : INFO : get branchs success
Sat Mar 23 2024 18:18:21 GMT+0700 (Indochina Time) : INFO : get transactions success
Sat Mar 23 2024 18:18:21 GMT+0700 (Indochina Time) : INFO : get transactions success
Sat Mar 23 2024 18:18:23 GMT+0700 (Indochina Time) : INFO : get branchs success
Sat Mar 23 2024 18:18:23 GMT+0700 (Indochina Time) : INFO : get transaction by branch id 1 was success
Sat Mar 23 2024 18:18:26 GMT+0700 (Indochina Time) : INFO : get branchs success
Sat Mar 23 2024 18:18:26 GMT+0700 (Indochina Time) : INFO : get transaction by branch id 2 was success
Sat Mar 23 2024 18:18:34 GMT+0700 (Indochina Time) : INFO : get branchs success
Sat Mar 23 2024 18:18:34 GMT+0700 (Indochina Time) : INFO : get transaction by branch id 3 was success
Sat Mar 23 2024 18:18:36 GMT+0700 (Indochina Time) : INFO : get branchs success
Sat Mar 23 2024 18:18:36 GMT+0700 (Indochina Time) : INFO : get transaction by branch id 1 was success
Sat Mar 23 2024 18:18:38 GMT+0700 (Indochina Time) : INFO : get branchs success
Sat Mar 23 2024 18:18:38 GMT+0700 (Indochina Time) : INFO : get transaction by branch id 2 was success
Sat Mar 23 2024 18:18:39 GMT+0700 (Indochina Time) : INFO : get branchs success
Sat Mar 23 2024 18:18:39 GMT+0700 (Indochina Time) : INFO : get transaction by branch id 1 was success
Sat Mar 23 2024 18:18:41 GMT+0700 (Indochina Time) : INFO : get branchs success
Sat Mar 23 2024 18:18:41 GMT+0700 (Indochina Time) : INFO : get transaction by branch id 0 was success
Sat Mar 23 2024 18:18:41 GMT+0700 (Indochina Time) : INFO : keep login admin with email budisuperadmin@mail.com success
Sat Mar 23 2024 18:18:41 GMT+0700 (Indochina Time) : INFO : keep login admin with email budisuperadmin@mail.com success
Sat Mar 23 2024 18:18:41 GMT+0700 (Indochina Time) : INFO : get transactions success
Sat Mar 23 2024 18:18:41 GMT+0700 (Indochina Time) : INFO : get branchs success
Sat Mar 23 2024 18:18:53 GMT+0700 (Indochina Time) : INFO : get branchs success
Sat Mar 23 2024 18:18:53 GMT+0700 (Indochina Time) : INFO : get transaction by branch id 0 was success
Sat Mar 23 2024 18:19:03 GMT+0700 (Indochina Time) : INFO : login admin success with usernameOrEmail lemonadmin@mail.com
Sat Mar 23 2024 18:19:03 GMT+0700 (Indochina Time) : INFO : get branchs success
Sat Mar 23 2024 18:19:03 GMT+0700 (Indochina Time) : INFO : get transaction by branch id 2 was success
Sat Mar 23 2024 18:19:03 GMT+0700 (Indochina Time) : INFO : keep login admin with email lemonadmin@mail.com success
Sat Mar 23 2024 18:19:10 GMT+0700 (Indochina Time) : INFO : get branchs success
Sat Mar 23 2024 18:19:10 GMT+0700 (Indochina Time) : INFO : get transaction by branch id 0 was success
Sat Mar 23 2024 18:19:16 GMT+0700 (Indochina Time) : ERROR : nana1123 invalid
Sat Mar 23 2024 18:19:19 GMT+0700 (Indochina Time) : INFO : login admin success with usernameOrEmail nanaadmin@mail.com
Sat Mar 23 2024 18:19:19 GMT+0700 (Indochina Time) : INFO : get branchs success
Sat Mar 23 2024 18:19:19 GMT+0700 (Indochina Time) : INFO : keep login admin with email nanaadmin@mail.com success
Sat Mar 23 2024 18:19:19 GMT+0700 (Indochina Time) : INFO : get transaction by branch id 1 was success
Sat Mar 23 2024 18:20:15 GMT+0700 (Indochina Time) : INFO : get branchs success
Sat Mar 23 2024 18:20:15 GMT+0700 (Indochina Time) : INFO : get transaction by branch id 0 was success
Sat Mar 23 2024 18:20:15 GMT+0700 (Indochina Time) : INFO : keep login admin with email nanaadmin@mail.com success
Sat Mar 23 2024 18:20:15 GMT+0700 (Indochina Time) : INFO : keep login admin with email nanaadmin@mail.com success
Sat Mar 23 2024 18:20:15 GMT+0700 (Indochina Time) : INFO : get branchs success
Sat Mar 23 2024 18:20:15 GMT+0700 (Indochina Time) : INFO : get transaction by branch id 1 was success
Sat Mar 23 2024 18:20:23 GMT+0700 (Indochina Time) : INFO : get transaction with id GRC-x10P-8dW was success
Sat Mar 23 2024 18:20:31 GMT+0700 (Indochina Time) : INFO : update transaction status with id GRC-x10P-8dW was success
Sat Mar 23 2024 18:20:31 GMT+0700 (Indochina Time) : INFO : get branchs success
Sat Mar 23 2024 18:20:31 GMT+0700 (Indochina Time) : INFO : get transaction by branch id 1 was success
Sat Mar 23 2024 18:20:37 GMT+0700 (Indochina Time) : INFO : get transaction with id GRC-x10P-8dW was success
Sat Mar 23 2024 18:20:37 GMT+0700 (Indochina Time) : INFO : keep login with email suyantolearn09@gmail.com success
Sat Mar 23 2024 18:20:37 GMT+0700 (Indochina Time) : INFO : keep login with email suyantolearn09@gmail.com success
Sat Mar 23 2024 18:20:55 GMT+0700 (Indochina Time) : INFO : get branchs success
Sat Mar 23 2024 18:20:55 GMT+0700 (Indochina Time) : INFO : get transaction by branch id 0 was success
Sat Mar 23 2024 18:20:55 GMT+0700 (Indochina Time) : INFO : keep login admin with email nanaadmin@mail.com success
Sat Mar 23 2024 18:20:55 GMT+0700 (Indochina Time) : INFO : keep login admin with email nanaadmin@mail.com success
Sat Mar 23 2024 18:20:55 GMT+0700 (Indochina Time) : INFO : get branchs success
Sat Mar 23 2024 18:20:55 GMT+0700 (Indochina Time) : INFO : get transaction by branch id 1 was success
Sat Mar 23 2024 18:20:58 GMT+0700 (Indochina Time) : INFO : get transaction with id GRC-x10P-8dW was success
Sat Mar 23 2024 18:21:07 GMT+0700 (Indochina Time) : INFO : update transaction status with id GRC-x10P-8dW was success
Sat Mar 23 2024 18:21:07 GMT+0700 (Indochina Time) : INFO : get branchs success
Sat Mar 23 2024 18:21:07 GMT+0700 (Indochina Time) : INFO : get transaction by branch id 1 was success
Sat Mar 23 2024 18:21:12 GMT+0700 (Indochina Time) : INFO : get transaction with id GRC-x10P-8dW was success
Sat Mar 23 2024 18:21:12 GMT+0700 (Indochina Time) : INFO : keep login with email suyantolearn09@gmail.com success
Sat Mar 23 2024 18:21:12 GMT+0700 (Indochina Time) : INFO : keep login with email suyantolearn09@gmail.com success
Sat Mar 23 2024 18:21:52 GMT+0700 (Indochina Time) : INFO : get transaction with id GRC-x10P-8dW was success
Sat Mar 23 2024 18:22:17 GMT+0700 (Indochina Time) : INFO : get transaction with id GRC-x10P-8dW was success
Sat Mar 23 2024 18:22:19 GMT+0700 (Indochina Time) : INFO : update transaction status with id GRC-x10P-8dW was success
Sat Mar 23 2024 18:22:19 GMT+0700 (Indochina Time) : INFO : get branchs success
Sat Mar 23 2024 18:22:19 GMT+0700 (Indochina Time) : INFO : get transaction by branch id 1 was success
Sat Mar 23 2024 18:22:24 GMT+0700 (Indochina Time) : INFO : get transaction with id GRC-x10P-8dW was success
Sat Mar 23 2024 18:22:24 GMT+0700 (Indochina Time) : INFO : keep login with email suyantolearn09@gmail.com success
Sat Mar 23 2024 18:22:24 GMT+0700 (Indochina Time) : INFO : keep login with email suyantolearn09@gmail.com success
Sat Mar 23 2024 18:23:32 GMT+0700 (Indochina Time) : INFO : get product by id 1 was success
Sat Mar 23 2024 18:23:32 GMT+0700 (Indochina Time) : INFO : keep login with email suyantolearn09@gmail.com success
Sat Mar 23 2024 18:23:32 GMT+0700 (Indochina Time) : INFO : keep login with email suyantolearn09@gmail.com success
Sat Mar 23 2024 18:23:37 GMT+0700 (Indochina Time) : INFO : keep login with email suyantolearn09@gmail.com success
Sat Mar 23 2024 18:23:40 GMT+0700 (Indochina Time) : INFO : get customer by id 2 was success
Sat Mar 23 2024 18:23:40 GMT+0700 (Indochina Time) : INFO : keep login with email suyantolearn09@gmail.com success
Sat Mar 23 2024 18:23:42 GMT+0700 (Indochina Time) : INFO : get branchs by Geolocation success
Sat Mar 23 2024 18:23:45 GMT+0700 (Indochina Time) : INFO : create transaction with id GRC-hziA-Q_A was success
Sat Mar 23 2024 18:23:45 GMT+0700 (Indochina Time) : INFO : keep login with email suyantolearn09@gmail.com success
Sat Mar 23 2024 18:23:45 GMT+0700 (Indochina Time) : INFO : get transaction with id GRC-hziA-Q_A was success
Sat Mar 23 2024 18:27:14 GMT+0700 (Indochina Time) : INFO : get transaction with id GRC-hziA-Q_A was success
Sat Mar 23 2024 18:27:14 GMT+0700 (Indochina Time) : INFO : keep login with email suyantolearn09@gmail.com success
Sat Mar 23 2024 18:27:14 GMT+0700 (Indochina Time) : INFO : keep login with email suyantolearn09@gmail.com success
Sat Mar 23 2024 18:27:25 GMT+0700 (Indochina Time) : INFO : update transaction status with id GRC-hziA-Q_A was success
Sat Mar 23 2024 18:27:25 GMT+0700 (Indochina Time) : INFO : get transaction with id GRC-hziA-Q_A was success
Sat Mar 23 2024 18:29:01 GMT+0700 (Indochina Time) : INFO : get branchs success
Sat Mar 23 2024 18:29:01 GMT+0700 (Indochina Time) : INFO : get transaction by branch id 0 was success
Sat Mar 23 2024 18:29:01 GMT+0700 (Indochina Time) : INFO : keep login admin with email nanaadmin@mail.com success
Sat Mar 23 2024 18:29:01 GMT+0700 (Indochina Time) : INFO : keep login admin with email nanaadmin@mail.com success
Sat Mar 23 2024 18:29:01 GMT+0700 (Indochina Time) : INFO : get branchs success
Sat Mar 23 2024 18:29:01 GMT+0700 (Indochina Time) : INFO : get transaction by branch id 1 was success
Sat Mar 23 2024 18:29:03 GMT+0700 (Indochina Time) : INFO : get transaction with id GRC-hziA-Q_A was success
Sat Mar 23 2024 18:29:14 GMT+0700 (Indochina Time) : INFO : update transaction status with id GRC-hziA-Q_A was success
Sat Mar 23 2024 18:29:14 GMT+0700 (Indochina Time) : INFO : get branchs success
Sat Mar 23 2024 18:29:14 GMT+0700 (Indochina Time) : INFO : get transaction by branch id 1 was success
Sat Mar 23 2024 18:33:39 GMT+0700 (Indochina Time) : INFO : keep login with email suyantolearn09@gmail.com success
Sat Mar 23 2024 18:33:39 GMT+0700 (Indochina Time) : INFO : get transactions success
Sat Mar 23 2024 18:33:39 GMT+0700 (Indochina Time) : INFO : get transaction with date Sat Mar 23 2024 18:33:39 GMT 0700 (Indochina Time) was success
Sat Mar 23 2024 18:33:41 GMT+0700 (Indochina Time) : INFO : get transactions success
Sat Mar 23 2024 18:34:54 GMT+0700 (Indochina Time) : INFO : get branchs success
Sat Mar 23 2024 18:34:54 GMT+0700 (Indochina Time) : INFO : get transaction by branch id 0 was success
Sat Mar 23 2024 18:34:54 GMT+0700 (Indochina Time) : INFO : keep login admin with email nanaadmin@mail.com success
Sat Mar 23 2024 18:34:54 GMT+0700 (Indochina Time) : INFO : get branchs success
Sat Mar 23 2024 18:34:54 GMT+0700 (Indochina Time) : INFO : keep login admin with email nanaadmin@mail.com success
Sat Mar 23 2024 18:34:54 GMT+0700 (Indochina Time) : INFO : get transaction by branch id 1 was success
Sat Mar 23 2024 18:35:07 GMT+0700 (Indochina Time) : INFO : get branchs success
Sat Mar 23 2024 18:35:07 GMT+0700 (Indochina Time) : INFO : get journals by branch id 1 was success
Sat Mar 23 2024 18:35:07 GMT+0700 (Indochina Time) : INFO : keep login admin with email nanaadmin@mail.com success
Sat Mar 23 2024 18:35:24 GMT+0700 (Indochina Time) : INFO : get transaction with date Sat Mar 23 2024 18:35:24 GMT 0700 (Indochina Time) was success
Sat Mar 23 2024 18:35:24 GMT+0700 (Indochina Time) : INFO : keep login with email suyantolearn09@gmail.com success
Sat Mar 23 2024 18:35:24 GMT+0700 (Indochina Time) : INFO : get transactions success
Sat Mar 23 2024 18:35:24 GMT+0700 (Indochina Time) : INFO : keep login with email suyantolearn09@gmail.com success
Sat Mar 23 2024 18:35:29 GMT+0700 (Indochina Time) : INFO : get product by id 1 was success
Sat Mar 23 2024 18:35:29 GMT+0700 (Indochina Time) : INFO : keep login with email suyantolearn09@gmail.com success
Sat Mar 23 2024 18:35:29 GMT+0700 (Indochina Time) : INFO : keep login with email suyantolearn09@gmail.com success
Sat Mar 23 2024 18:35:30 GMT+0700 (Indochina Time) : INFO : keep login with email suyantolearn09@gmail.com success
Sat Mar 23 2024 18:35:30 GMT+0700 (Indochina Time) : INFO : get product by id 1 was success
Sat Mar 23 2024 18:35:30 GMT+0700 (Indochina Time) : INFO : keep login with email suyantolearn09@gmail.com success
Sat Mar 23 2024 18:35:37 GMT+0700 (Indochina Time) : INFO : keep login with email suyantolearn09@gmail.com success
Sat Mar 23 2024 18:35:45 GMT+0700 (Indochina Time) : INFO : get customer by id 2 was success
Sat Mar 23 2024 18:35:45 GMT+0700 (Indochina Time) : INFO : keep login with email suyantolearn09@gmail.com success
Sat Mar 23 2024 18:35:53 GMT+0700 (Indochina Time) : INFO : keep login with email suyantolearn09@gmail.com success
Sat Mar 23 2024 18:35:54 GMT+0700 (Indochina Time) : INFO : keep login with email suyantolearn09@gmail.com success
Sat Mar 23 2024 18:35:54 GMT+0700 (Indochina Time) : INFO : get product by id 1 was success
Sat Mar 23 2024 18:35:56 GMT+0700 (Indochina Time) : INFO : keep login with email suyantolearn09@gmail.com success
Sat Mar 23 2024 18:35:58 GMT+0700 (Indochina Time) : INFO : get customer by id 2 was success
Sat Mar 23 2024 18:35:58 GMT+0700 (Indochina Time) : INFO : keep login with email suyantolearn09@gmail.com success
Sat Mar 23 2024 18:36:05 GMT+0700 (Indochina Time) : INFO : get transactions success
Sat Mar 23 2024 18:36:05 GMT+0700 (Indochina Time) : INFO : get transaction with date Sat Mar 23 2024 18:36:05 GMT 0700 (Indochina Time) was success
Sat Mar 23 2024 18:36:05 GMT+0700 (Indochina Time) : INFO : keep login with email suyantolearn09@gmail.com success
Sat Mar 23 2024 18:39:49 GMT+0700 (Indochina Time) : INFO : get transaction by branch id 2 was success
Sat Mar 23 2024 18:39:49 GMT+0700 (Indochina Time) : INFO : get transaction with date 12-12-2023 was success
Sat Mar 23 2024 18:39:49 GMT+0700 (Indochina Time) : ERROR : the checked-out product was not found
Sat Mar 23 2024 18:39:49 GMT+0700 (Indochina Time) : ERROR : transaction with id GRC-zRzh-jiO not found
Sat Mar 23 2024 18:39:50 GMT+0700 (Indochina Time) : INFO : update transaction payment proof success with transaction id GRC-zRzh-jiO
Sat Mar 23 2024 18:39:50 GMT+0700 (Indochina Time) : ERROR : update transaction with GRC-zRzh-jiO failed
Sat Mar 23 2024 18:39:50 GMT+0700 (Indochina Time) : ERROR : transaction with id GRC-zRzh-jiO not found
Sat Mar 23 2024 18:39:50 GMT+0700 (Indochina Time) : INFO : update transaction status with id GRC-zRzh-jiO was success
Sat Mar 23 2024 18:39:50 GMT+0700 (Indochina Time) : INFO : update status by midtrans success with transactionId GRC-zRzh-jiO
Sat Mar 23 2024 18:39:50 GMT+0700 (Indochina Time) : INFO : update transaction status with id GRC-zRzh-jiO was success
Sat Mar 23 2024 18:39:50 GMT+0700 (Indochina Time) : INFO : update status by midtrans success with transactionId GRC-zRzh-jiO
Sat Mar 23 2024 18:39:50 GMT+0700 (Indochina Time) : INFO : update transaction status with id GRC-zRzh-jiO was success
Sat Mar 23 2024 18:39:50 GMT+0700 (Indochina Time) : INFO : update transaction status with id GRC-zRzh-jiO was success
Sat Mar 23 2024 18:39:50 GMT+0700 (Indochina Time) : INFO : update transaction status with id GRC-zRzh-jiO was success
Sat Mar 23 2024 18:39:50 GMT+0700 (Indochina Time) : ERROR : Sorry, we don't have enough in stock for your order
Sat Mar 23 2024 18:39:50 GMT+0700 (Indochina Time) : ERROR : Sorry, we don't have enough in stock for your order
Sat Mar 23 2024 18:39:52 GMT+0700 (Indochina Time) : INFO : get transaction with id GRC-zRzh-jiO was success
Sat Mar 23 2024 18:39:52 GMT+0700 (Indochina Time) : INFO : get branchs by Geolocation success
Sat Mar 23 2024 18:39:52 GMT+0700 (Indochina Time) : INFO : get branchs success
Sat Mar 23 2024 18:39:53 GMT+0700 (Indochina Time) : INFO : get transactions success
Sat Mar 23 2024 18:39:53 GMT+0700 (Indochina Time) : INFO : get product by id 1 was success
Sat Mar 23 2024 18:39:53 GMT+0700 (Indochina Time) : INFO : get journals by branch id 2 was success
Sat Mar 23 2024 18:39:53 GMT+0700 (Indochina Time) : INFO : get journals success
Sat Mar 23 2024 18:41:18 GMT+0700 (Indochina Time) : INFO : keep login with email suyantolearn09@gmail.com success
Sat Mar 23 2024 18:41:18 GMT+0700 (Indochina Time) : INFO : get transaction with date Sat Mar 23 2024 18:41:17 GMT 0700 (Indochina Time) was success
Sat Mar 23 2024 18:41:18 GMT+0700 (Indochina Time) : INFO : get transactions success
Sat Mar 23 2024 18:41:18 GMT+0700 (Indochina Time) : INFO : keep login with email suyantolearn09@gmail.com success
Sat Mar 23 2024 18:41:36 GMT+0700 (Indochina Time) : INFO : keep login with email suyantolearn09@gmail.com success
Sat Mar 23 2024 18:41:36 GMT+0700 (Indochina Time) : INFO : get product by id 1 was success
Sat Mar 23 2024 18:41:36 GMT+0700 (Indochina Time) : INFO : keep login with email suyantolearn09@gmail.com success
Sat Mar 23 2024 18:41:49 GMT+0700 (Indochina Time) : INFO : keep login with email suyantolearn09@gmail.com success
Sat Mar 23 2024 18:41:53 GMT+0700 (Indochina Time) : INFO : keep login with email suyantolearn09@gmail.com success
Sat Mar 23 2024 18:41:53 GMT+0700 (Indochina Time) : INFO : get customer by id 2 was success
Sat Mar 23 2024 18:41:54 GMT+0700 (Indochina Time) : INFO : get branchs by Geolocation success
Sat Mar 23 2024 18:41:59 GMT+0700 (Indochina Time) : INFO : create transaction with id GRC-cb3v-Cnu was success
Sat Mar 23 2024 18:42:30 GMT+0700 (Indochina Time) : INFO : get customer by id 2 was success
Sat Mar 23 2024 18:42:30 GMT+0700 (Indochina Time) : INFO : keep login with email suyantolearn09@gmail.com success
Sat Mar 23 2024 18:42:30 GMT+0700 (Indochina Time) : INFO : update status by midtrans success with transactionId GRC-cb3v-Cnu
Sat Mar 23 2024 18:42:30 GMT+0700 (Indochina Time) : INFO : keep login with email suyantolearn09@gmail.com success
Sat Mar 23 2024 18:42:35 GMT+0700 (Indochina Time) : INFO : keep login with email suyantolearn09@gmail.com success
Sat Mar 23 2024 18:42:35 GMT+0700 (Indochina Time) : INFO : get transaction with id GRC-cb3v-Cnu was success
Sat Mar 23 2024 18:42:53 GMT+0700 (Indochina Time) : INFO : get product by id 1 was success
Sat Mar 23 2024 18:42:53 GMT+0700 (Indochina Time) : INFO : keep login with email suyantolearn09@gmail.com success
Sat Mar 23 2024 18:42:53 GMT+0700 (Indochina Time) : INFO : keep login with email suyantolearn09@gmail.com success
Sat Mar 23 2024 18:42:59 GMT+0700 (Indochina Time) : INFO : keep login with email suyantolearn09@gmail.com success
Sat Mar 23 2024 18:43:02 GMT+0700 (Indochina Time) : INFO : get customer by id 2 was success
Sat Mar 23 2024 18:43:02 GMT+0700 (Indochina Time) : INFO : keep login with email suyantolearn09@gmail.com success
Sat Mar 23 2024 18:43:03 GMT+0700 (Indochina Time) : INFO : get branchs by Geolocation success
Sat Mar 23 2024 18:43:11 GMT+0700 (Indochina Time) : INFO : create transaction with id GRC-Rexc-NfD was success
Sat Mar 23 2024 18:43:31 GMT+0700 (Indochina Time) : INFO : get customer by id 2 was success
Sat Mar 23 2024 18:43:31 GMT+0700 (Indochina Time) : INFO : keep login with email suyantolearn09@gmail.com success
Sat Mar 23 2024 18:43:31 GMT+0700 (Indochina Time) : INFO : update status by midtrans success with transactionId GRC-Rexc-NfD
Sat Mar 23 2024 18:43:31 GMT+0700 (Indochina Time) : INFO : keep login with email suyantolearn09@gmail.com success
Sat Mar 23 2024 18:43:49 GMT+0700 (Indochina Time) : INFO : get transaction with id GRC-Rexc-NfD was success
Sat Mar 23 2024 18:43:49 GMT+0700 (Indochina Time) : INFO : keep login with email suyantolearn09@gmail.com success
