Wed Mar 13 2024 10:35:05 GMT+0700 (Indochina Time) : ERROR : suyanto123 invalid
Wed Mar 13 2024 10:35:08 GMT+0700 (Indochina Time) : INFO : login success with usernameOrEmail suyantolearn09@gmail.com
Wed Mar 13 2024 10:35:09 GMT+0700 (Indochina Time) : INFO : keep login with email suyantolearn09@gmail.com success
Wed Mar 13 2024 10:35:09 GMT+0700 (Indochina Time) : INFO : keep login with email suyantolearn09@gmail.com success
Wed Mar 13 2024 10:36:03 GMT+0700 (Indochina Time) : INFO : keep login with email suyantolearn09@gmail.com success
Wed Mar 13 2024 10:36:03 GMT+0700 (Indochina Time) : INFO : keep login with email suyantolearn09@gmail.com success
Wed Mar 13 2024 10:36:03 GMT+0700 (Indochina Time) : INFO : get transaction with date 2024-03-13T03:36:03.276Z was success
Wed Mar 13 2024 10:36:03 GMT+0700 (Indochina Time) : INFO : get transaction with date 2024-03-13T03:36:03.276Z was success
Wed Mar 13 2024 10:36:03 GMT+0700 (Indochina Time) : INFO : get transactions success
Wed Mar 13 2024 10:36:03 GMT+0700 (Indochina Time) : INFO : keep login with email suyantolearn09@gmail.com success
Wed Mar 13 2024 10:36:03 GMT+0700 (Indochina Time) : INFO : get transactions success
Wed Mar 13 2024 10:38:04 GMT+0700 (Indochina Time) : INFO : get transaction with date 2024-03-12T03:36:03.000Z was success
Wed Mar 13 2024 10:38:10 GMT+0700 (Indochina Time) : INFO : get transaction with date 2024-03-13T03:36:03.000Z was success
Wed Mar 13 2024 10:38:12 GMT+0700 (Indochina Time) : INFO : get transaction with date 2024-03-13T03:36:03.000Z was success
Wed Mar 13 2024 10:38:23 GMT+0700 (Indochina Time) : INFO : get transaction with date 2024-03-14T03:36:03.000Z was success
Wed Mar 13 2024 10:38:35 GMT+0700 (Indochina Time) : INFO : get transaction with date 2024-03-13T03:36:03.000Z was success
Wed Mar 13 2024 10:38:37 GMT+0700 (Indochina Time) : INFO : get transaction with date 2024-03-07T03:36:03.000Z was success
Wed Mar 13 2024 10:39:39 GMT+0700 (Indochina Time) : INFO : keep login with email suyantolearn09@gmail.com success
Wed Mar 13 2024 10:39:39 GMT+0700 (Indochina Time) : INFO : get transaction with date 2024-03-13T03:39:39.036Z was success
Wed Mar 13 2024 10:39:39 GMT+0700 (Indochina Time) : INFO : get transactions success
Wed Mar 13 2024 10:39:39 GMT+0700 (Indochina Time) : INFO : keep login with email suyantolearn09@gmail.com success
Wed Mar 13 2024 10:39:39 GMT+0700 (Indochina Time) : INFO : get transaction with date 2024-03-13T03:39:39.036Z was success
Wed Mar 13 2024 10:39:39 GMT+0700 (Indochina Time) : INFO : get transactions success
Wed Mar 13 2024 10:39:39 GMT+0700 (Indochina Time) : INFO : keep login with email suyantolearn09@gmail.com success
Wed Mar 13 2024 10:39:47 GMT+0700 (Indochina Time) : INFO : get transaction with id GRC--XXc-9iM was success
Wed Mar 13 2024 10:39:47 GMT+0700 (Indochina Time) : INFO : get transaction with id GRC--XXc-9iM was success
Wed Mar 13 2024 10:39:47 GMT+0700 (Indochina Time) : INFO : keep login with email suyantolearn09@gmail.com success
Wed Mar 13 2024 10:39:47 GMT+0700 (Indochina Time) : INFO : keep login with email suyantolearn09@gmail.com success
Wed Mar 13 2024 10:39:50 GMT+0700 (Indochina Time) : INFO : keep login with email suyantolearn09@gmail.com success
Wed Mar 13 2024 10:39:50 GMT+0700 (Indochina Time) : INFO : get transaction with date 2024-03-13T03:39:50.843Z was success
Wed Mar 13 2024 10:39:50 GMT+0700 (Indochina Time) : INFO : keep login with email suyantolearn09@gmail.com success
Wed Mar 13 2024 10:39:50 GMT+0700 (Indochina Time) : INFO : get transaction with date 2024-03-13T03:39:50.843Z was success
Wed Mar 13 2024 10:39:50 GMT+0700 (Indochina Time) : INFO : get transactions success
Wed Mar 13 2024 10:39:50 GMT+0700 (Indochina Time) : INFO : get transactions success
Wed Mar 13 2024 10:39:59 GMT+0700 (Indochina Time) : INFO : get transaction with id GRC--XXc-9iM was success
Wed Mar 13 2024 10:39:59 GMT+0700 (Indochina Time) : INFO : keep login with email suyantolearn09@gmail.com success
Wed Mar 13 2024 10:39:59 GMT+0700 (Indochina Time) : INFO : keep login with email suyantolearn09@gmail.com success
Wed Mar 13 2024 10:39:59 GMT+0700 (Indochina Time) : INFO : get transaction with id GRC--XXc-9iM was success
Wed Mar 13 2024 10:39:59 GMT+0700 (Indochina Time) : INFO : keep login with email suyantolearn09@gmail.com success
Wed Mar 13 2024 10:40:13 GMT+0700 (Indochina Time) : INFO : keep login with email suyantolearn09@gmail.com success
Wed Mar 13 2024 10:40:13 GMT+0700 (Indochina Time) : INFO : keep login with email suyantolearn09@gmail.com success
Wed Mar 13 2024 10:40:13 GMT+0700 (Indochina Time) : INFO : keep login with email suyantolearn09@gmail.com success
Wed Mar 13 2024 10:40:15 GMT+0700 (Indochina Time) : INFO : keep login with email suyantolearn09@gmail.com success
Wed Mar 13 2024 10:40:15 GMT+0700 (Indochina Time) : INFO : get transaction with id GRC--XXc-9iM was success
Wed Mar 13 2024 10:40:15 GMT+0700 (Indochina Time) : INFO : keep login with email suyantolearn09@gmail.com success
Wed Mar 13 2024 10:40:15 GMT+0700 (Indochina Time) : INFO : get transaction with id GRC--XXc-9iM was success
Wed Mar 13 2024 10:40:15 GMT+0700 (Indochina Time) : INFO : keep login with email suyantolearn09@gmail.com success
Wed Mar 13 2024 10:40:21 GMT+0700 (Indochina Time) : INFO : keep login with email suyantolearn09@gmail.com success
Wed Mar 13 2024 10:40:21 GMT+0700 (Indochina Time) : INFO : get transactions success
Wed Mar 13 2024 10:40:21 GMT+0700 (Indochina Time) : INFO : get transaction with date 2024-03-13T03:40:21.732Z was success
Wed Mar 13 2024 10:40:21 GMT+0700 (Indochina Time) : INFO : keep login with email suyantolearn09@gmail.com success
Wed Mar 13 2024 10:40:21 GMT+0700 (Indochina Time) : INFO : get transaction with date 2024-03-13T03:40:21.732Z was success
Wed Mar 13 2024 10:40:21 GMT+0700 (Indochina Time) : INFO : get transactions success
Wed Mar 13 2024 10:40:21 GMT+0700 (Indochina Time) : INFO : keep login with email suyantolearn09@gmail.com success
Wed Mar 13 2024 10:40:27 GMT+0700 (Indochina Time) : INFO : get transaction with date 2024-03-07T03:40:21.000Z was success
Wed Mar 13 2024 10:40:37 GMT+0700 (Indochina Time) : INFO : get transaction with date 2024-03-12T03:40:21.000Z was success
Wed Mar 13 2024 10:40:38 GMT+0700 (Indochina Time) : INFO : get transaction with date 2024-03-11T03:40:21.000Z was success
Wed Mar 13 2024 10:40:41 GMT+0700 (Indochina Time) : INFO : get transaction with date 2024-03-08T03:40:21.000Z was success
Wed Mar 13 2024 10:40:51 GMT+0700 (Indochina Time) : INFO : keep login with email suyantolearn09@gmail.com success
Wed Mar 13 2024 10:40:51 GMT+0700 (Indochina Time) : INFO : get transactions success
Wed Mar 13 2024 10:40:51 GMT+0700 (Indochina Time) : INFO : keep login with email suyantolearn09@gmail.com success
Wed Mar 13 2024 10:40:51 GMT+0700 (Indochina Time) : INFO : get transaction with date 2024-03-13T03:40:51.724Z was success
Wed Mar 13 2024 10:40:51 GMT+0700 (Indochina Time) : INFO : get transaction with date 2024-03-13T03:40:51.724Z was success
Wed Mar 13 2024 10:40:51 GMT+0700 (Indochina Time) : INFO : get transactions success
Wed Mar 13 2024 10:40:51 GMT+0700 (Indochina Time) : INFO : keep login with email suyantolearn09@gmail.com success
Wed Mar 13 2024 10:40:59 GMT+0700 (Indochina Time) : INFO : get transactions success
Wed Mar 13 2024 10:40:59 GMT+0700 (Indochina Time) : INFO : keep login with email suyantolearn09@gmail.com success
Wed Mar 13 2024 10:40:59 GMT+0700 (Indochina Time) : INFO : get transaction with date 2024-03-13T03:40:59.095Z was success
Wed Mar 13 2024 10:40:59 GMT+0700 (Indochina Time) : INFO : get transaction with date 2024-03-13T03:40:59.095Z was success
Wed Mar 13 2024 10:40:59 GMT+0700 (Indochina Time) : INFO : keep login with email suyantolearn09@gmail.com success
Wed Mar 13 2024 10:40:59 GMT+0700 (Indochina Time) : INFO : get transactions success
Wed Mar 13 2024 10:40:59 GMT+0700 (Indochina Time) : INFO : keep login with email suyantolearn09@gmail.com success
Wed Mar 13 2024 10:41:18 GMT+0700 (Indochina Time) : INFO : get transaction with date 2024-03-08T03:40:59.000Z was success
Wed Mar 13 2024 15:06:16 GMT+0700 (Indochina Time) : INFO : get product by id 1 was success
Wed Mar 13 2024 15:06:16 GMT+0700 (Indochina Time) : INFO : get product by id 1 was success
Wed Mar 13 2024 16:12:48 GMT+0700 (Indochina Time) : INFO : get transaction with id GRC-zRzh-jiO was success
Wed Mar 13 2024 16:12:48 GMT+0700 (Indochina Time) : INFO : get transactions success
Wed Mar 13 2024 16:12:48 GMT+0700 (Indochina Time) : INFO : update status by midtrans success with transactionId GRC-zRzh-jiO
Wed Mar 13 2024 16:12:48 GMT+0700 (Indochina Time) : ERROR : transaction with id GRC-zRzh-jiO not found
Wed Mar 13 2024 16:12:48 GMT+0700 (Indochina Time) : INFO : get transaction with date 12-12-2023 was success
Wed Mar 13 2024 16:12:50 GMT+0700 (Indochina Time) : INFO : update transaction payment proof success with transaction id GRC-zRzh-jiO
Wed Mar 13 2024 16:12:50 GMT+0700 (Indochina Time) : INFO : update status by midtrans success with transactionId GRC-zRzh-jiO
Wed Mar 13 2024 16:12:50 GMT+0700 (Indochina Time) : ERROR : transaction with id GRC-zRzh-jiO not found
Wed Mar 13 2024 16:12:51 GMT+0700 (Indochina Time) : ERROR : update transaction with GRC-zRzh-jiO failed
Wed Mar 13 2024 16:12:51 GMT+0700 (Indochina Time) : INFO : update transaction status with id GRC-zRzh-jiO was success
Wed Mar 13 2024 16:12:51 GMT+0700 (Indochina Time) : INFO : update transaction status with id GRC-zRzh-jiO was success
Wed Mar 13 2024 16:12:51 GMT+0700 (Indochina Time) : INFO : update transaction status with id GRC-zRzh-jiO was success
Wed Mar 13 2024 16:12:51 GMT+0700 (Indochina Time) : INFO : update transaction status with id GRC-zRzh-jiO was success
Wed Mar 13 2024 16:12:51 GMT+0700 (Indochina Time) : INFO : update transaction status with id GRC-zRzh-jiO was success
Wed Mar 13 2024 16:12:55 GMT+0700 (Indochina Time) : INFO : get transaction by branch id 2 was success
Wed Mar 13 2024 16:12:55 GMT+0700 (Indochina Time) : INFO : get product by id 1 was success
Wed Mar 13 2024 16:12:55 GMT+0700 (Indochina Time) : INFO : get branchs by Geolocation success
Wed Mar 13 2024 16:12:55 GMT+0700 (Indochina Time) : INFO : get journals success
Wed Mar 13 2024 16:12:55 GMT+0700 (Indochina Time) : INFO : get branchs success
Wed Mar 13 2024 16:12:56 GMT+0700 (Indochina Time) : INFO : get journals by branch id 2 was success
Wed Mar 13 2024 16:18:03 GMT+0700 (Indochina Time) : ERROR : transaction with id GRC-zRzh-jiO not found
Wed Mar 13 2024 16:18:03 GMT+0700 (Indochina Time) : INFO : get transaction with id GRC-zRzh-jiO was success
Wed Mar 13 2024 16:18:03 GMT+0700 (Indochina Time) : INFO : get transactions success
Wed Mar 13 2024 16:18:03 GMT+0700 (Indochina Time) : INFO : update status by midtrans success with transactionId GRC-zRzh-jiO
Wed Mar 13 2024 16:18:03 GMT+0700 (Indochina Time) : INFO : get transaction with date 12-12-2023 was success
Wed Mar 13 2024 16:18:04 GMT+0700 (Indochina Time) : ERROR : update transaction with GRC-zRzh-jiO failed
Wed Mar 13 2024 16:18:04 GMT+0700 (Indochina Time) : INFO : update transaction status with id GRC-zRzh-jiO was success
Wed Mar 13 2024 16:18:04 GMT+0700 (Indochina Time) : INFO : update transaction status with id GRC-zRzh-jiO was success
Wed Mar 13 2024 16:18:04 GMT+0700 (Indochina Time) : INFO : update transaction status with id GRC-zRzh-jiO was success
Wed Mar 13 2024 16:18:04 GMT+0700 (Indochina Time) : INFO : update transaction status with id GRC-zRzh-jiO was success
Wed Mar 13 2024 16:18:04 GMT+0700 (Indochina Time) : INFO : update transaction status with id GRC-zRzh-jiO was success
Wed Mar 13 2024 16:18:04 GMT+0700 (Indochina Time) : INFO : update status by midtrans success with transactionId GRC-zRzh-jiO
Wed Mar 13 2024 16:18:04 GMT+0700 (Indochina Time) : INFO : update transaction payment proof success with transaction id GRC-zRzh-jiO
Wed Mar 13 2024 16:18:07 GMT+0700 (Indochina Time) : INFO : get transaction by branch id 2 was success
Wed Mar 13 2024 16:18:07 GMT+0700 (Indochina Time) : INFO : get product by id 1 was success
Wed Mar 13 2024 16:18:07 GMT+0700 (Indochina Time) : INFO : get branchs by Geolocation success
Wed Mar 13 2024 16:18:07 GMT+0700 (Indochina Time) : INFO : get journals success
Wed Mar 13 2024 16:18:08 GMT+0700 (Indochina Time) : INFO : get journals by branch id 2 was success
Wed Mar 13 2024 16:18:08 GMT+0700 (Indochina Time) : INFO : get branchs success
Wed Mar 13 2024 16:20:25 GMT+0700 (Indochina Time) : ERROR : transaction with id GRC-zRzh-jiO not found
Wed Mar 13 2024 16:20:25 GMT+0700 (Indochina Time) : INFO : get transactions success
Wed Mar 13 2024 16:20:25 GMT+0700 (Indochina Time) : INFO : get transaction with id GRC-zRzh-jiO was success
Wed Mar 13 2024 16:20:25 GMT+0700 (Indochina Time) : INFO : get transaction with date 12-12-2023 was success
Wed Mar 13 2024 16:20:26 GMT+0700 (Indochina Time) : ERROR : update transaction with GRC-zRzh-jiO failed
Wed Mar 13 2024 16:20:26 GMT+0700 (Indochina Time) : INFO : update transaction status with id GRC-zRzh-jiO was success
Wed Mar 13 2024 16:20:26 GMT+0700 (Indochina Time) : INFO : update transaction status with id GRC-zRzh-jiO was success
Wed Mar 13 2024 16:20:26 GMT+0700 (Indochina Time) : INFO : update status by midtrans success with transactionId GRC-zRzh-jiO
Wed Mar 13 2024 16:20:26 GMT+0700 (Indochina Time) : INFO : update transaction status with id GRC-zRzh-jiO was success
Wed Mar 13 2024 16:20:26 GMT+0700 (Indochina Time) : INFO : update transaction status with id GRC-zRzh-jiO was success
Wed Mar 13 2024 16:20:26 GMT+0700 (Indochina Time) : INFO : update transaction status with id GRC-zRzh-jiO was success
Wed Mar 13 2024 16:20:28 GMT+0700 (Indochina Time) : INFO : update status by midtrans success with transactionId GRC-zRzh-jiO
Wed Mar 13 2024 16:20:28 GMT+0700 (Indochina Time) : INFO : update transaction payment proof success with transaction id GRC-zRzh-jiO
Wed Mar 13 2024 16:20:28 GMT+0700 (Indochina Time) : ERROR : transaction with id GRC-zRzh-jiO not found
Wed Mar 13 2024 16:20:29 GMT+0700 (Indochina Time) : INFO : get journals by branch id 2 was success
Wed Mar 13 2024 16:20:29 GMT+0700 (Indochina Time) : INFO : get branchs success
Wed Mar 13 2024 16:20:29 GMT+0700 (Indochina Time) : INFO : get product by id 1 was success
Wed Mar 13 2024 16:20:30 GMT+0700 (Indochina Time) : INFO : get branchs by Geolocation success
Wed Mar 13 2024 16:20:30 GMT+0700 (Indochina Time) : INFO : get transaction by branch id 2 was success
Wed Mar 13 2024 16:20:30 GMT+0700 (Indochina Time) : INFO : get journals success
Wed Mar 13 2024 16:28:59 GMT+0700 (Indochina Time) : INFO : get transactions success
Wed Mar 13 2024 16:28:59 GMT+0700 (Indochina Time) : INFO : update transaction payment proof success with transaction id GRC-zRzh-jiO
Wed Mar 13 2024 16:28:59 GMT+0700 (Indochina Time) : INFO : update status by midtrans success with transactionId GRC-zRzh-jiO
Wed Mar 13 2024 16:28:59 GMT+0700 (Indochina Time) : INFO : get transaction with date 12-12-2023 was success
Wed Mar 13 2024 16:28:59 GMT+0700 (Indochina Time) : INFO : get transaction with id GRC-zRzh-jiO was success
Wed Mar 13 2024 16:28:59 GMT+0700 (Indochina Time) : ERROR : transaction with id GRC-zRzh-jiO not found
Wed Mar 13 2024 16:29:01 GMT+0700 (Indochina Time) : INFO : update status by midtrans success with transactionId GRC-zRzh-jiO
Wed Mar 13 2024 16:29:01 GMT+0700 (Indochina Time) : ERROR : update transaction with GRC-zRzh-jiO failed
Wed Mar 13 2024 16:29:01 GMT+0700 (Indochina Time) : INFO : update transaction status with id GRC-zRzh-jiO was success
Wed Mar 13 2024 16:29:01 GMT+0700 (Indochina Time) : INFO : update transaction status with id GRC-zRzh-jiO was success
Wed Mar 13 2024 16:29:01 GMT+0700 (Indochina Time) : INFO : update transaction status with id GRC-zRzh-jiO was success
Wed Mar 13 2024 16:29:01 GMT+0700 (Indochina Time) : INFO : update transaction status with id GRC-zRzh-jiO was success
Wed Mar 13 2024 16:29:01 GMT+0700 (Indochina Time) : INFO : update transaction status with id GRC-zRzh-jiO was success
Wed Mar 13 2024 16:29:03 GMT+0700 (Indochina Time) : INFO : get transaction by branch id 2 was success
Wed Mar 13 2024 16:29:03 GMT+0700 (Indochina Time) : INFO : get product by id 1 was success
Wed Mar 13 2024 16:29:03 GMT+0700 (Indochina Time) : INFO : get branchs by Geolocation success
Wed Mar 13 2024 16:29:03 GMT+0700 (Indochina Time) : INFO : get journals by branch id 2 was success
Wed Mar 13 2024 16:29:03 GMT+0700 (Indochina Time) : INFO : get journals success
Wed Mar 13 2024 16:29:03 GMT+0700 (Indochina Time) : INFO : get branchs success
Wed Mar 13 2024 16:31:03 GMT+0700 (Indochina Time) : ERROR : transaction with id GRC-zRzh-jiO not found
Wed Mar 13 2024 16:31:03 GMT+0700 (Indochina Time) : INFO : get transaction with id GRC-zRzh-jiO was success
Wed Mar 13 2024 16:31:03 GMT+0700 (Indochina Time) : INFO : get transactions success
Wed Mar 13 2024 16:31:03 GMT+0700 (Indochina Time) : INFO : update status by midtrans success with transactionId GRC-zRzh-jiO
Wed Mar 13 2024 16:31:03 GMT+0700 (Indochina Time) : INFO : get transaction with date 12-12-2023 was success
Wed Mar 13 2024 16:31:04 GMT+0700 (Indochina Time) : ERROR : update transaction with GRC-zRzh-jiO failed
Wed Mar 13 2024 16:31:04 GMT+0700 (Indochina Time) : INFO : update transaction status with id GRC-zRzh-jiO was success
Wed Mar 13 2024 16:31:04 GMT+0700 (Indochina Time) : INFO : update transaction status with id GRC-zRzh-jiO was success
Wed Mar 13 2024 16:31:04 GMT+0700 (Indochina Time) : INFO : update transaction status with id GRC-zRzh-jiO was success
Wed Mar 13 2024 16:31:04 GMT+0700 (Indochina Time) : INFO : update transaction status with id GRC-zRzh-jiO was success
Wed Mar 13 2024 16:31:04 GMT+0700 (Indochina Time) : INFO : update transaction status with id GRC-zRzh-jiO was success
Wed Mar 13 2024 16:31:05 GMT+0700 (Indochina Time) : INFO : update status by midtrans success with transactionId GRC-zRzh-jiO
Wed Mar 13 2024 16:31:06 GMT+0700 (Indochina Time) : INFO : update transaction payment proof success with transaction id GRC-zRzh-jiO
Wed Mar 13 2024 16:31:06 GMT+0700 (Indochina Time) : ERROR : transaction with id GRC-zRzh-jiO not found
Wed Mar 13 2024 16:31:07 GMT+0700 (Indochina Time) : INFO : get journals by branch id 2 was success
Wed Mar 13 2024 16:31:07 GMT+0700 (Indochina Time) : INFO : get product by id 1 was success
Wed Mar 13 2024 16:31:07 GMT+0700 (Indochina Time) : INFO : get journals success
Wed Mar 13 2024 16:31:07 GMT+0700 (Indochina Time) : INFO : get branchs by Geolocation success
Wed Mar 13 2024 16:31:07 GMT+0700 (Indochina Time) : INFO : get branchs success
Wed Mar 13 2024 16:31:08 GMT+0700 (Indochina Time) : INFO : get transaction by branch id 2 was success
Wed Mar 13 2024 16:57:51 GMT+0700 (Indochina Time) : INFO : get branchs success
Wed Mar 13 2024 16:57:51 GMT+0700 (Indochina Time) : INFO : get transaction by branch id 0 was success
Wed Mar 13 2024 16:57:51 GMT+0700 (Indochina Time) : INFO : get transaction by branch id 0 was success
Wed Mar 13 2024 16:57:51 GMT+0700 (Indochina Time) : INFO : get branchs success
Wed Mar 13 2024 16:57:51 GMT+0700 (Indochina Time) : INFO : get transactions success
Wed Mar 13 2024 16:57:51 GMT+0700 (Indochina Time) : INFO : get transactions success
Wed Mar 13 2024 16:58:59 GMT+0700 (Indochina Time) : INFO : login admin success with usernameOrEmail budisuperadmin@mail.com
Wed Mar 13 2024 16:58:59 GMT+0700 (Indochina Time) : INFO : get branchs success
Wed Mar 13 2024 16:58:59 GMT+0700 (Indochina Time) : INFO : get branchs success
Wed Mar 13 2024 16:58:59 GMT+0700 (Indochina Time) : INFO : keep login admin with email budisuperadmin@mail.com success
Wed Mar 13 2024 16:58:59 GMT+0700 (Indochina Time) : INFO : get transactions success
Wed Mar 13 2024 16:58:59 GMT+0700 (Indochina Time) : INFO : keep login admin with email budisuperadmin@mail.com success
Wed Mar 13 2024 16:58:59 GMT+0700 (Indochina Time) : INFO : get transactions success
Wed Mar 13 2024 16:58:59 GMT+0700 (Indochina Time) : INFO : get transactions success
Wed Mar 13 2024 16:58:59 GMT+0700 (Indochina Time) : INFO : get transactions success
Wed Mar 13 2024 16:59:04 GMT+0700 (Indochina Time) : INFO : get transaction by branch id 0 was success
Wed Mar 13 2024 16:59:04 GMT+0700 (Indochina Time) : INFO : get transaction by branch id 0 was success
Wed Mar 13 2024 16:59:04 GMT+0700 (Indochina Time) : INFO : get branchs success
Wed Mar 13 2024 16:59:04 GMT+0700 (Indochina Time) : INFO : keep login admin with email budisuperadmin@mail.com success
Wed Mar 13 2024 16:59:04 GMT+0700 (Indochina Time) : INFO : get branchs success
Wed Mar 13 2024 16:59:04 GMT+0700 (Indochina Time) : INFO : keep login admin with email budisuperadmin@mail.com success
Wed Mar 13 2024 16:59:04 GMT+0700 (Indochina Time) : INFO : get transactions success
Wed Mar 13 2024 16:59:05 GMT+0700 (Indochina Time) : INFO : keep login admin with email budisuperadmin@mail.com success
Wed Mar 13 2024 16:59:05 GMT+0700 (Indochina Time) : INFO : get branchs success
Wed Mar 13 2024 16:59:05 GMT+0700 (Indochina Time) : INFO : get transactions success
Wed Mar 13 2024 16:59:05 GMT+0700 (Indochina Time) : INFO : get transactions success
Wed Mar 13 2024 17:01:04 GMT+0700 (Indochina Time) : INFO : get transactions success
Wed Mar 13 2024 17:01:04 GMT+0700 (Indochina Time) : INFO : get transactions success
Wed Mar 13 2024 17:01:04 GMT+0700 (Indochina Time) : INFO : get transaction with date 2024-03-13T10:01:04.248Z was success
Wed Mar 13 2024 17:01:04 GMT+0700 (Indochina Time) : INFO : get transaction with date 2024-03-13T10:01:04.248Z was success
Wed Mar 13 2024 17:09:14 GMT+0700 (Indochina Time) : INFO : get branchs success
Wed Mar 13 2024 17:09:14 GMT+0700 (Indochina Time) : INFO : keep login admin with email budisuperadmin@mail.com success
Wed Mar 13 2024 17:09:14 GMT+0700 (Indochina Time) : INFO : get branchs success
Wed Mar 13 2024 17:09:14 GMT+0700 (Indochina Time) : INFO : keep login admin with email budisuperadmin@mail.com success
Wed Mar 13 2024 17:09:14 GMT+0700 (Indochina Time) : INFO : get journals success
Wed Mar 13 2024 17:09:14 GMT+0700 (Indochina Time) : INFO : get journals success
Wed Mar 13 2024 17:10:09 GMT+0700 (Indochina Time) : INFO : login admin success with usernameOrEmail lemonadmin@mail.com
Wed Mar 13 2024 17:10:09 GMT+0700 (Indochina Time) : INFO : get branchs success
Wed Mar 13 2024 17:10:09 GMT+0700 (Indochina Time) : INFO : get branchs success
Wed Mar 13 2024 17:10:09 GMT+0700 (Indochina Time) : INFO : keep login admin with email lemonadmin@mail.com success
Wed Mar 13 2024 17:10:09 GMT+0700 (Indochina Time) : INFO : get transaction by branch id 2 was success
Wed Mar 13 2024 17:10:09 GMT+0700 (Indochina Time) : INFO : get transactions success
Wed Mar 13 2024 17:10:09 GMT+0700 (Indochina Time) : INFO : keep login admin with email lemonadmin@mail.com success
Wed Mar 13 2024 17:10:09 GMT+0700 (Indochina Time) : INFO : get transaction by branch id 2 was success
Wed Mar 13 2024 17:10:09 GMT+0700 (Indochina Time) : INFO : get transactions success
Wed Mar 13 2024 17:10:18 GMT+0700 (Indochina Time) : INFO : get journals success
Wed Mar 13 2024 17:10:18 GMT+0700 (Indochina Time) : INFO : get branchs success
Wed Mar 13 2024 17:10:18 GMT+0700 (Indochina Time) : INFO : get branchs success
Wed Mar 13 2024 17:10:18 GMT+0700 (Indochina Time) : INFO : keep login admin with email lemonadmin@mail.com success
Wed Mar 13 2024 17:10:18 GMT+0700 (Indochina Time) : INFO : keep login admin with email lemonadmin@mail.com success
Wed Mar 13 2024 17:10:18 GMT+0700 (Indochina Time) : INFO : get journals success
Wed Mar 13 2024 17:10:27 GMT+0700 (Indochina Time) : INFO : get branchs success
Wed Mar 13 2024 17:10:27 GMT+0700 (Indochina Time) : INFO : get journals success
Wed Mar 13 2024 17:10:34 GMT+0700 (Indochina Time) : INFO : get branchs success
Wed Mar 13 2024 17:10:34 GMT+0700 (Indochina Time) : INFO : get journals success
Wed Mar 13 2024 17:10:35 GMT+0700 (Indochina Time) : INFO : get branchs success
Wed Mar 13 2024 17:10:35 GMT+0700 (Indochina Time) : INFO : get journals success
Wed Mar 13 2024 17:11:13 GMT+0700 (Indochina Time) : INFO : get branchs success
Wed Mar 13 2024 17:11:13 GMT+0700 (Indochina Time) : INFO : get journals success
Wed Mar 13 2024 17:11:17 GMT+0700 (Indochina Time) : INFO : get branchs success
Wed Mar 13 2024 17:11:17 GMT+0700 (Indochina Time) : INFO : get journals success
Wed Mar 13 2024 17:11:27 GMT+0700 (Indochina Time) : INFO : login admin success with usernameOrEmail budisuperadmin@mail.com
Wed Mar 13 2024 17:11:27 GMT+0700 (Indochina Time) : INFO : get branchs success
Wed Mar 13 2024 17:11:27 GMT+0700 (Indochina Time) : INFO : get branchs success
Wed Mar 13 2024 17:11:27 GMT+0700 (Indochina Time) : INFO : get transactions success
Wed Mar 13 2024 17:11:27 GMT+0700 (Indochina Time) : INFO : keep login admin with email budisuperadmin@mail.com success
Wed Mar 13 2024 17:11:27 GMT+0700 (Indochina Time) : INFO : keep login admin with email budisuperadmin@mail.com success
Wed Mar 13 2024 17:11:27 GMT+0700 (Indochina Time) : INFO : get transactions success
Wed Mar 13 2024 17:11:27 GMT+0700 (Indochina Time) : INFO : get transactions success
Wed Mar 13 2024 17:11:27 GMT+0700 (Indochina Time) : INFO : get transactions success
Wed Mar 13 2024 17:11:32 GMT+0700 (Indochina Time) : INFO : get branchs success
Wed Mar 13 2024 17:11:32 GMT+0700 (Indochina Time) : INFO : get branchs success
Wed Mar 13 2024 17:11:32 GMT+0700 (Indochina Time) : INFO : get journals success
Wed Mar 13 2024 17:11:32 GMT+0700 (Indochina Time) : INFO : get journals success
Wed Mar 13 2024 17:11:32 GMT+0700 (Indochina Time) : INFO : keep login admin with email budisuperadmin@mail.com success
Wed Mar 13 2024 17:11:32 GMT+0700 (Indochina Time) : INFO : keep login admin with email budisuperadmin@mail.com success
Wed Mar 13 2024 17:11:35 GMT+0700 (Indochina Time) : INFO : get branchs success
Wed Mar 13 2024 17:11:35 GMT+0700 (Indochina Time) : INFO : get journals success
Wed Mar 13 2024 17:11:36 GMT+0700 (Indochina Time) : INFO : get branchs success
Wed Mar 13 2024 17:11:36 GMT+0700 (Indochina Time) : INFO : get journals success
Wed Mar 13 2024 17:11:39 GMT+0700 (Indochina Time) : INFO : get branchs success
Wed Mar 13 2024 17:11:39 GMT+0700 (Indochina Time) : INFO : get journals success
Wed Mar 13 2024 17:11:41 GMT+0700 (Indochina Time) : INFO : get branchs success
Wed Mar 13 2024 17:11:41 GMT+0700 (Indochina Time) : INFO : get journals success
Wed Mar 13 2024 19:57:52 GMT+0700 (Indochina Time) : INFO : login success with usernameOrEmail suyantolearn09@gmail.com
Wed Mar 13 2024 19:57:52 GMT+0700 (Indochina Time) : INFO : keep login with email suyantolearn09@gmail.com success
Wed Mar 13 2024 19:57:52 GMT+0700 (Indochina Time) : INFO : keep login with email suyantolearn09@gmail.com success
Wed Mar 13 2024 19:58:03 GMT+0700 (Indochina Time) : INFO : keep login with email suyantolearn09@gmail.com success
Wed Mar 13 2024 19:58:03 GMT+0700 (Indochina Time) : INFO : keep login with email suyantolearn09@gmail.com success
Wed Mar 13 2024 19:58:03 GMT+0700 (Indochina Time) : INFO : keep login with email suyantolearn09@gmail.com success
Wed Mar 13 2024 19:58:10 GMT+0700 (Indochina Time) : INFO : keep login with email suyantolearn09@gmail.com success
Wed Mar 13 2024 19:58:10 GMT+0700 (Indochina Time) : INFO : get product by id 1 was success
Wed Mar 13 2024 19:58:10 GMT+0700 (Indochina Time) : INFO : keep login with email suyantolearn09@gmail.com success
Wed Mar 13 2024 19:58:10 GMT+0700 (Indochina Time) : INFO : get product by id 1 was success
Wed Mar 13 2024 19:58:10 GMT+0700 (Indochina Time) : INFO : keep login with email suyantolearn09@gmail.com success
Wed Mar 13 2024 19:58:13 GMT+0700 (Indochina Time) : INFO : keep login with email suyantolearn09@gmail.com success
Wed Mar 13 2024 19:58:13 GMT+0700 (Indochina Time) : INFO : keep login with email suyantolearn09@gmail.com success
Wed Mar 13 2024 19:58:19 GMT+0700 (Indochina Time) : INFO : keep login with email suyantolearn09@gmail.com success
Wed Mar 13 2024 19:58:19 GMT+0700 (Indochina Time) : INFO : keep login with email suyantolearn09@gmail.com success
Wed Mar 13 2024 19:58:19 GMT+0700 (Indochina Time) : INFO : get customer by id 4 was success
Wed Mar 13 2024 19:58:19 GMT+0700 (Indochina Time) : INFO : get customer by id 4 was success
Wed Mar 13 2024 19:58:20 GMT+0700 (Indochina Time) : INFO : get branchs by Geolocation success
Wed Mar 13 2024 20:06:58 GMT+0700 (Indochina Time) : INFO : get branchs by Geolocation success
Wed Mar 13 2024 20:06:59 GMT+0700 (Indochina Time) : INFO : get branchs by Geolocation success
Wed Mar 13 2024 20:11:24 GMT+0700 (Indochina Time) : INFO : get branchs by Geolocation success
Wed Mar 13 2024 20:16:24 GMT+0700 (Indochina Time) : INFO : get branchs by Geolocation success
Wed Mar 13 2024 20:17:57 GMT+0700 (Indochina Time) : INFO : get customer by id 4 was success
Wed Mar 13 2024 20:17:57 GMT+0700 (Indochina Time) : INFO : get customer by id 4 was success
Wed Mar 13 2024 20:28:43 GMT+0700 (Indochina Time) : INFO : get customer by id 4 was success
Wed Mar 13 2024 20:28:43 GMT+0700 (Indochina Time) : INFO : get customer by id 4 was success
Wed Mar 13 2024 20:28:51 GMT+0700 (Indochina Time) : INFO : get customer by id 4 was success
Wed Mar 13 2024 20:28:51 GMT+0700 (Indochina Time) : INFO : get customer by id 4 was success
Wed Mar 13 2024 20:32:08 GMT+0700 (Indochina Time) : INFO : get branchs by Geolocation success
Wed Mar 13 2024 20:32:10 GMT+0700 (Indochina Time) : INFO : get branchs by Geolocation success
Wed Mar 13 2024 20:32:12 GMT+0700 (Indochina Time) : INFO : get branchs by Geolocation success
Wed Mar 13 2024 20:32:14 GMT+0700 (Indochina Time) : INFO : get branchs by Geolocation success
Wed Mar 13 2024 20:32:25 GMT+0700 (Indochina Time) : INFO : create transaction with id GRC-eY44-r30 was success
Wed Mar 13 2024 20:32:30 GMT+0700 (Indochina Time) : INFO : get transaction with id GRC-eY44-r30 was success
Wed Mar 13 2024 20:32:30 GMT+0700 (Indochina Time) : INFO : keep login with email suyantolearn09@gmail.com success
Wed Mar 13 2024 20:32:30 GMT+0700 (Indochina Time) : INFO : get transaction with id GRC-eY44-r30 was success
Wed Mar 13 2024 20:32:30 GMT+0700 (Indochina Time) : INFO : keep login with email suyantolearn09@gmail.com success
Wed Mar 13 2024 20:39:43 GMT+0700 (Indochina Time) : INFO : login admin success with usernameOrEmail budisuperadmin@mail.com
Wed Mar 13 2024 20:39:44 GMT+0700 (Indochina Time) : INFO : get branchs success
Wed Mar 13 2024 20:39:44 GMT+0700 (Indochina Time) : INFO : keep login admin with email budisuperadmin@mail.com success
Wed Mar 13 2024 20:39:44 GMT+0700 (Indochina Time) : INFO : get branchs success
Wed Mar 13 2024 20:39:44 GMT+0700 (Indochina Time) : INFO : get transactions success
Wed Mar 13 2024 20:39:44 GMT+0700 (Indochina Time) : INFO : keep login admin with email budisuperadmin@mail.com success
Wed Mar 13 2024 20:39:44 GMT+0700 (Indochina Time) : INFO : get transactions success
Wed Mar 13 2024 20:39:44 GMT+0700 (Indochina Time) : INFO : get transactions success
Wed Mar 13 2024 20:39:44 GMT+0700 (Indochina Time) : INFO : get transactions success
Wed Mar 13 2024 20:39:53 GMT+0700 (Indochina Time) : INFO : get branchs success
Wed Mar 13 2024 20:39:53 GMT+0700 (Indochina Time) : INFO : get branchs success
Wed Mar 13 2024 20:39:53 GMT+0700 (Indochina Time) : INFO : get journals success
Wed Mar 13 2024 20:39:53 GMT+0700 (Indochina Time) : INFO : get journals success
Wed Mar 13 2024 20:39:53 GMT+0700 (Indochina Time) : INFO : keep login admin with email budisuperadmin@mail.com success
Wed Mar 13 2024 20:39:53 GMT+0700 (Indochina Time) : INFO : keep login admin with email budisuperadmin@mail.com success
Wed Mar 13 2024 21:05:18 GMT+0700 (Indochina Time) : ERROR : suyantolearn09@gmail.com not found
Wed Mar 13 2024 21:05:23 GMT+0700 (Indochina Time) : ERROR : suyantolearn09@gmail.com not found
Wed Mar 13 2024 21:05:34 GMT+0700 (Indochina Time) : ERROR : suyantolearn09@gmail.com not found
Wed Mar 13 2024 21:05:42 GMT+0700 (Indochina Time) : INFO : login success with usernameOrEmail suyantolearn09@gmail.com
Wed Mar 13 2024 21:05:47 GMT+0700 (Indochina Time) : INFO : keep login with email suyantolearn09@gmail.com success
Wed Mar 13 2024 21:05:47 GMT+0700 (Indochina Time) : INFO : keep login with email suyantolearn09@gmail.com success
Wed Mar 13 2024 21:06:13 GMT+0700 (Indochina Time) : INFO : get product by id 1 was success
Wed Mar 13 2024 21:06:13 GMT+0700 (Indochina Time) : INFO : keep login with email suyantolearn09@gmail.com success
Wed Mar 13 2024 21:06:13 GMT+0700 (Indochina Time) : INFO : get product by id 1 was success
Wed Mar 13 2024 21:06:13 GMT+0700 (Indochina Time) : INFO : keep login with email suyantolearn09@gmail.com success
Wed Mar 13 2024 21:06:13 GMT+0700 (Indochina Time) : INFO : keep login with email suyantolearn09@gmail.com success
Wed Mar 13 2024 21:31:34 GMT+0700 (Indochina Time) : INFO : keep login with email suyantolearn09@gmail.com success
Wed Mar 13 2024 21:31:34 GMT+0700 (Indochina Time) : INFO : keep login with email suyantolearn09@gmail.com success
Wed Mar 13 2024 21:31:39 GMT+0700 (Indochina Time) : INFO : keep login with email suyantolearn09@gmail.com success
Wed Mar 13 2024 21:31:39 GMT+0700 (Indochina Time) : INFO : keep login with email suyantolearn09@gmail.com success
Wed Mar 13 2024 21:31:39 GMT+0700 (Indochina Time) : INFO : get product by id 1 was success
Wed Mar 13 2024 21:31:39 GMT+0700 (Indochina Time) : INFO : get product by id 1 was success
Wed Mar 13 2024 23:11:29 GMT+0700 (Indochina Time) : INFO : login success with usernameOrEmail suyantolearn09@gmail.com
Wed Mar 13 2024 23:11:29 GMT+0700 (Indochina Time) : INFO : keep login with email suyantolearn09@gmail.com success
Wed Mar 13 2024 23:11:29 GMT+0700 (Indochina Time) : INFO : keep login with email suyantolearn09@gmail.com success
Wed Mar 13 2024 23:11:38 GMT+0700 (Indochina Time) : INFO : keep login with email suyantolearn09@gmail.com success
Wed Mar 13 2024 23:11:38 GMT+0700 (Indochina Time) : INFO : keep login with email suyantolearn09@gmail.com success
Wed Mar 13 2024 23:11:38 GMT+0700 (Indochina Time) : INFO : keep login with email suyantolearn09@gmail.com success
Wed Mar 13 2024 23:12:05 GMT+0700 (Indochina Time) : INFO : keep login with email suyantolearn09@gmail.com success
Wed Mar 13 2024 23:12:05 GMT+0700 (Indochina Time) : INFO : get product by id 1 was success
Wed Mar 13 2024 23:12:05 GMT+0700 (Indochina Time) : INFO : keep login with email suyantolearn09@gmail.com success
Wed Mar 13 2024 23:12:05 GMT+0700 (Indochina Time) : INFO : get product by id 1 was success
Wed Mar 13 2024 23:12:05 GMT+0700 (Indochina Time) : INFO : keep login with email suyantolearn09@gmail.com success
Wed Mar 13 2024 23:12:10 GMT+0700 (Indochina Time) : INFO : keep login with email suyantolearn09@gmail.com success
Wed Mar 13 2024 23:12:10 GMT+0700 (Indochina Time) : INFO : keep login with email suyantolearn09@gmail.com success
Wed Mar 13 2024 23:13:43 GMT+0700 (Indochina Time) : INFO : keep login with email suyantolearn09@gmail.com success
Wed Mar 13 2024 23:13:43 GMT+0700 (Indochina Time) : INFO : keep login with email suyantolearn09@gmail.com success
Wed Mar 13 2024 23:13:43 GMT+0700 (Indochina Time) : INFO : keep login with email suyantolearn09@gmail.com success
Wed Mar 13 2024 23:13:54 GMT+0700 (Indochina Time) : INFO : get product by id 1 was success
Wed Mar 13 2024 23:13:54 GMT+0700 (Indochina Time) : INFO : keep login with email suyantolearn09@gmail.com success
Wed Mar 13 2024 23:13:54 GMT+0700 (Indochina Time) : INFO : get product by id 1 was success
Wed Mar 13 2024 23:13:54 GMT+0700 (Indochina Time) : INFO : keep login with email suyantolearn09@gmail.com success
Wed Mar 13 2024 23:13:54 GMT+0700 (Indochina Time) : INFO : keep login with email suyantolearn09@gmail.com success
Wed Mar 13 2024 23:14:00 GMT+0700 (Indochina Time) : INFO : keep login with email suyantolearn09@gmail.com success
Wed Mar 13 2024 23:14:00 GMT+0700 (Indochina Time) : INFO : keep login with email suyantolearn09@gmail.com success
Wed Mar 13 2024 23:22:29 GMT+0700 (Indochina Time) : INFO : keep login with email suyantolearn09@gmail.com success
Wed Mar 13 2024 23:22:29 GMT+0700 (Indochina Time) : INFO : keep login with email suyantolearn09@gmail.com success
Wed Mar 13 2024 23:22:29 GMT+0700 (Indochina Time) : INFO : keep login with email suyantolearn09@gmail.com success
Wed Mar 13 2024 23:31:29 GMT+0700 (Indochina Time) : INFO : get branchs success
Wed Mar 13 2024 23:31:29 GMT+0700 (Indochina Time) : INFO : get branchs success
Wed Mar 13 2024 23:31:29 GMT+0700 (Indochina Time) : INFO : get transaction by branch id 0 was success
Wed Mar 13 2024 23:31:29 GMT+0700 (Indochina Time) : INFO : get transaction by branch id 0 was success
Wed Mar 13 2024 23:31:29 GMT+0700 (Indochina Time) : INFO : get transactions success
Wed Mar 13 2024 23:31:29 GMT+0700 (Indochina Time) : INFO : get transactions success
Wed Mar 13 2024 23:31:38 GMT+0700 (Indochina Time) : INFO : login admin success with usernameOrEmail budisuperadmin@mail.com
Wed Mar 13 2024 23:31:38 GMT+0700 (Indochina Time) : INFO : get branchs success
Wed Mar 13 2024 23:31:38 GMT+0700 (Indochina Time) : INFO : keep login admin with email budisuperadmin@mail.com success
Wed Mar 13 2024 23:31:38 GMT+0700 (Indochina Time) : INFO : get branchs success
Wed Mar 13 2024 23:31:38 GMT+0700 (Indochina Time) : INFO : get transactions success
Wed Mar 13 2024 23:31:38 GMT+0700 (Indochina Time) : INFO : keep login admin with email budisuperadmin@mail.com success
Wed Mar 13 2024 23:31:38 GMT+0700 (Indochina Time) : INFO : get transactions success
Wed Mar 13 2024 23:31:38 GMT+0700 (Indochina Time) : INFO : get transactions success
Wed Mar 13 2024 23:31:38 GMT+0700 (Indochina Time) : INFO : get transactions success
Wed Mar 13 2024 23:31:41 GMT+0700 (Indochina Time) : INFO : get transaction with id GRC-eY44-r30 was success
Wed Mar 13 2024 23:31:49 GMT+0700 (Indochina Time) : INFO : get transaction with id GRC--XXc-9iM was success
Wed Mar 13 2024 23:31:56 GMT+0700 (Indochina Time) : INFO : get branchs success
Wed Mar 13 2024 23:31:56 GMT+0700 (Indochina Time) : INFO : get branchs success
Wed Mar 13 2024 23:31:56 GMT+0700 (Indochina Time) : INFO : get journals success
Wed Mar 13 2024 23:31:56 GMT+0700 (Indochina Time) : INFO : keep login admin with email budisuperadmin@mail.com success
Wed Mar 13 2024 23:31:56 GMT+0700 (Indochina Time) : INFO : get journals success
Wed Mar 13 2024 23:31:56 GMT+0700 (Indochina Time) : INFO : keep login admin with email budisuperadmin@mail.com success
Wed Mar 13 2024 23:32:13 GMT+0700 (Indochina Time) : INFO : get branchs success
Wed Mar 13 2024 23:32:13 GMT+0700 (Indochina Time) : INFO : get branchs success
Wed Mar 13 2024 23:32:13 GMT+0700 (Indochina Time) : INFO : get transactions success
Wed Mar 13 2024 23:32:13 GMT+0700 (Indochina Time) : INFO : get transactions success
Wed Mar 13 2024 23:32:13 GMT+0700 (Indochina Time) : INFO : get transactions success
Wed Mar 13 2024 23:32:13 GMT+0700 (Indochina Time) : INFO : get transactions success
Wed Mar 13 2024 23:32:13 GMT+0700 (Indochina Time) : INFO : keep login admin with email budisuperadmin@mail.com success
Wed Mar 13 2024 23:32:13 GMT+0700 (Indochina Time) : INFO : keep login admin with email budisuperadmin@mail.com success
Wed Mar 13 2024 23:32:15 GMT+0700 (Indochina Time) : INFO : get transaction with id GRC-eY44-r30 was success
