Tue Mar 12 2024 09:22:51 GMT+0700 (Indochina Time) : INFO : get journals success
Tue Mar 12 2024 09:22:51 GMT+0700 (Indochina Time) : INFO : get transaction with id GRC-zRzh-jiO was success
Tue Mar 12 2024 09:22:51 GMT+0700 (Indochina Time) : INFO : get branchs success
Tue Mar 12 2024 09:22:51 GMT+0700 (Indochina Time) : INFO : get transactions success
Tue Mar 12 2024 09:22:51 GMT+0700 (Indochina Time) : INFO : get journals by branch id 2 was success
Tue Mar 12 2024 09:22:51 GMT+0700 (Indochina Time) : INFO : get branchs by Geolocation success
Tue Mar 12 2024 09:22:53 GMT+0700 (Indochina Time) : INFO : get product by id 1 was success
Tue Mar 12 2024 11:19:20 GMT+0700 (Indochina Time) : INFO : get branchs success
Tue Mar 12 2024 11:19:20 GMT+0700 (Indochina Time) : INFO : get transactions success
Tue Mar 12 2024 11:19:20 GMT+0700 (Indochina Time) : INFO : get transaction by branch id 2 was success
Tue Mar 12 2024 11:19:20 GMT+0700 (Indochina Time) : INFO : update status by midtrans success with transactionId GRC-zRzh-jiO
Tue Mar 12 2024 11:19:20 GMT+0700 (Indochina Time) : INFO : get transaction with date 12-12-2023 was success
Tue Mar 12 2024 11:19:20 GMT+0700 (Indochina Time) : INFO : get journals by branch id 2 was success
Tue Mar 12 2024 11:19:22 GMT+0700 (Indochina Time) : INFO : get branchs by Geolocation success
Tue Mar 12 2024 11:19:22 GMT+0700 (Indochina Time) : INFO : get transaction with id GRC-zRzh-jiO was success
Tue Mar 12 2024 11:19:22 GMT+0700 (Indochina Time) : INFO : get product by id 1 was success
Tue Mar 12 2024 11:19:22 GMT+0700 (Indochina Time) : INFO : get journals success
Tue Mar 12 2024 11:32:40 GMT+0700 (Indochina Time) : INFO : get transaction by branch id 2 was success
Tue Mar 12 2024 11:32:40 GMT+0700 (Indochina Time) : INFO : get journals by branch id 2 was success
Tue Mar 12 2024 11:32:40 GMT+0700 (Indochina Time) : INFO : get transactions success
Tue Mar 12 2024 11:32:41 GMT+0700 (Indochina Time) : INFO : get transaction with date 12-12-2023 was success
Tue Mar 12 2024 11:32:41 GMT+0700 (Indochina Time) : INFO : update status by midtrans success with transactionId GRC-zRzh-jiO
Tue Mar 12 2024 11:32:42 GMT+0700 (Indochina Time) : INFO : get branchs success
Tue Mar 12 2024 11:32:43 GMT+0700 (Indochina Time) : INFO : get transaction with id GRC-zRzh-jiO was success
Tue Mar 12 2024 11:32:43 GMT+0700 (Indochina Time) : INFO : get branchs by Geolocation success
Tue Mar 12 2024 11:32:43 GMT+0700 (Indochina Time) : INFO : get journals success
Tue Mar 12 2024 11:32:43 GMT+0700 (Indochina Time) : INFO : get product by id 1 was success
Tue Mar 12 2024 11:33:51 GMT+0700 (Indochina Time) : INFO : get journals by branch id 2 was success
Tue Mar 12 2024 11:33:51 GMT+0700 (Indochina Time) : INFO : get transaction with date 12-12-2023 was success
Tue Mar 12 2024 11:33:51 GMT+0700 (Indochina Time) : INFO : update status by midtrans success with transactionId GRC-zRzh-jiO
Tue Mar 12 2024 11:33:51 GMT+0700 (Indochina Time) : INFO : get transactions success
Tue Mar 12 2024 11:33:51 GMT+0700 (Indochina Time) : INFO : get transaction by branch id 2 was success
Tue Mar 12 2024 11:33:53 GMT+0700 (Indochina Time) : INFO : get branchs success
Tue Mar 12 2024 11:33:53 GMT+0700 (Indochina Time) : INFO : get branchs by Geolocation success
Tue Mar 12 2024 11:33:54 GMT+0700 (Indochina Time) : INFO : get transaction with id GRC-zRzh-jiO was success
Tue Mar 12 2024 11:33:54 GMT+0700 (Indochina Time) : INFO : get product by id 1 was success
Tue Mar 12 2024 11:33:54 GMT+0700 (Indochina Time) : INFO : get journals success
Tue Mar 12 2024 11:39:20 GMT+0700 (Indochina Time) : INFO : update status by midtrans success with transactionId GRC-zRzh-jiO
Tue Mar 12 2024 11:39:20 GMT+0700 (Indochina Time) : INFO : get journals by branch id 2 was success
Tue Mar 12 2024 11:39:20 GMT+0700 (Indochina Time) : INFO : get transaction with date 12-12-2023 was success
Tue Mar 12 2024 11:39:20 GMT+0700 (Indochina Time) : INFO : get transaction by branch id 2 was success
Tue Mar 12 2024 11:39:21 GMT+0700 (Indochina Time) : INFO : get transactions success
Tue Mar 12 2024 11:39:21 GMT+0700 (Indochina Time) : INFO : update status by midtrans success with transactionId GRC-zRzh-jiO
Tue Mar 12 2024 11:39:22 GMT+0700 (Indochina Time) : INFO : get branchs success
Tue Mar 12 2024 11:39:22 GMT+0700 (Indochina Time) : INFO : get branchs by Geolocation success
Tue Mar 12 2024 11:39:22 GMT+0700 (Indochina Time) : INFO : get transaction with id GRC-zRzh-jiO was success
Tue Mar 12 2024 11:39:22 GMT+0700 (Indochina Time) : INFO : get journals success
Tue Mar 12 2024 11:39:23 GMT+0700 (Indochina Time) : INFO : get product by id 1 was success
Tue Mar 12 2024 11:40:45 GMT+0700 (Indochina Time) : INFO : get transactions success
Tue Mar 12 2024 11:40:45 GMT+0700 (Indochina Time) : INFO : get transaction by branch id 2 was success
Tue Mar 12 2024 11:40:45 GMT+0700 (Indochina Time) : INFO : get journals by branch id 2 was success
Tue Mar 12 2024 11:40:46 GMT+0700 (Indochina Time) : INFO : get transaction with date 12-12-2023 was success
Tue Mar 12 2024 11:40:46 GMT+0700 (Indochina Time) : INFO : update status by midtrans success with transactionId GRC-zRzh-jiO
Tue Mar 12 2024 11:40:46 GMT+0700 (Indochina Time) : INFO : update status by midtrans success with transactionId GRC-zRzh-jiO
Tue Mar 12 2024 11:40:47 GMT+0700 (Indochina Time) : INFO : get branchs success
Tue Mar 12 2024 11:40:47 GMT+0700 (Indochina Time) : INFO : get branchs by Geolocation success
Tue Mar 12 2024 11:40:47 GMT+0700 (Indochina Time) : INFO : get transaction with id GRC-zRzh-jiO was success
Tue Mar 12 2024 11:40:47 GMT+0700 (Indochina Time) : INFO : get journals success
Tue Mar 12 2024 11:40:47 GMT+0700 (Indochina Time) : INFO : get product by id 1 was success
Tue Mar 12 2024 11:52:40 GMT+0700 (Indochina Time) : INFO : get branchs success
Tue Mar 12 2024 11:52:40 GMT+0700 (Indochina Time) : INFO : get transactions success
Tue Mar 12 2024 11:52:40 GMT+0700 (Indochina Time) : INFO : update status by midtrans success with transactionId GRC-zRzh-jiO
Tue Mar 12 2024 11:52:40 GMT+0700 (Indochina Time) : INFO : get journals by branch id 2 was success
Tue Mar 12 2024 11:52:41 GMT+0700 (Indochina Time) : INFO : get transaction with date 12-12-2023 was success
Tue Mar 12 2024 11:52:41 GMT+0700 (Indochina Time) : INFO : get transaction by branch id 2 was success
Tue Mar 12 2024 11:52:42 GMT+0700 (Indochina Time) : INFO : update status by midtrans success with transactionId GRC-zRzh-jiO
Tue Mar 12 2024 11:52:43 GMT+0700 (Indochina Time) : INFO : get transaction with id GRC-zRzh-jiO was success
Tue Mar 12 2024 11:52:44 GMT+0700 (Indochina Time) : INFO : get journals success
Tue Mar 12 2024 11:52:44 GMT+0700 (Indochina Time) : INFO : get branchs by Geolocation success
Tue Mar 12 2024 11:52:44 GMT+0700 (Indochina Time) : INFO : get product by id 1 was success
Tue Mar 12 2024 11:54:03 GMT+0700 (Indochina Time) : INFO : get transaction with id GRC-zRzh-jiO was success
Tue Mar 12 2024 11:54:03 GMT+0700 (Indochina Time) : INFO : get branchs success
Tue Mar 12 2024 11:54:03 GMT+0700 (Indochina Time) : INFO : get transactions success
Tue Mar 12 2024 11:54:03 GMT+0700 (Indochina Time) : INFO : get transaction by branch id 2 was success
Tue Mar 12 2024 11:54:03 GMT+0700 (Indochina Time) : INFO : update status by midtrans success with transactionId GRC-zRzh-jiO
Tue Mar 12 2024 11:54:03 GMT+0700 (Indochina Time) : INFO : get transaction with date 12-12-2023 was success
Tue Mar 12 2024 11:54:03 GMT+0700 (Indochina Time) : INFO : get journals by branch id 2 was success
Tue Mar 12 2024 11:54:04 GMT+0700 (Indochina Time) : INFO : update status by midtrans success with transactionId GRC-zRzh-jiO
Tue Mar 12 2024 11:54:06 GMT+0700 (Indochina Time) : INFO : get journals success
Tue Mar 12 2024 11:54:06 GMT+0700 (Indochina Time) : INFO : get branchs by Geolocation success
Tue Mar 12 2024 11:54:06 GMT+0700 (Indochina Time) : INFO : get product by id 1 was success
Tue Mar 12 2024 11:56:40 GMT+0700 (Indochina Time) : INFO : get transaction with id GRC-zRzh-jiO was success
Tue Mar 12 2024 11:56:40 GMT+0700 (Indochina Time) : INFO : get branchs success
Tue Mar 12 2024 11:56:40 GMT+0700 (Indochina Time) : INFO : get transactions success
Tue Mar 12 2024 11:56:40 GMT+0700 (Indochina Time) : INFO : get transaction by branch id 2 was success
Tue Mar 12 2024 11:56:40 GMT+0700 (Indochina Time) : INFO : get transaction with date 12-12-2023 was success
Tue Mar 12 2024 11:56:40 GMT+0700 (Indochina Time) : INFO : update status by midtrans success with transactionId GRC-zRzh-jiO
Tue Mar 12 2024 11:56:40 GMT+0700 (Indochina Time) : INFO : get journals by branch id 2 was success
Tue Mar 12 2024 11:56:41 GMT+0700 (Indochina Time) : INFO : update status by midtrans success with transactionId GRC-zRzh-jiO
Tue Mar 12 2024 11:56:43 GMT+0700 (Indochina Time) : INFO : get branchs by Geolocation success
Tue Mar 12 2024 11:56:43 GMT+0700 (Indochina Time) : INFO : get product by id 1 was success
Tue Mar 12 2024 11:56:43 GMT+0700 (Indochina Time) : INFO : get journals success
Tue Mar 12 2024 12:00:54 GMT+0700 (Indochina Time) : INFO : get transactions success
Tue Mar 12 2024 12:00:54 GMT+0700 (Indochina Time) : INFO : get branchs success
Tue Mar 12 2024 12:00:55 GMT+0700 (Indochina Time) : INFO : get transaction by branch id 2 was success
Tue Mar 12 2024 12:00:55 GMT+0700 (Indochina Time) : INFO : get journals by branch id 2 was success
Tue Mar 12 2024 12:00:55 GMT+0700 (Indochina Time) : INFO : update status by midtrans success with transactionId GRC-zRzh-jiO
Tue Mar 12 2024 12:00:55 GMT+0700 (Indochina Time) : INFO : get transaction with date 12-12-2023 was success
Tue Mar 12 2024 12:00:56 GMT+0700 (Indochina Time) : INFO : update status by midtrans success with transactionId GRC-zRzh-jiO
Tue Mar 12 2024 12:00:57 GMT+0700 (Indochina Time) : INFO : get branchs by Geolocation success
Tue Mar 12 2024 12:00:57 GMT+0700 (Indochina Time) : INFO : get transaction with id GRC-zRzh-jiO was success
Tue Mar 12 2024 12:00:57 GMT+0700 (Indochina Time) : INFO : get journals success
Tue Mar 12 2024 12:00:58 GMT+0700 (Indochina Time) : INFO : get product by id 1 was success
Tue Mar 12 2024 12:03:09 GMT+0700 (Indochina Time) : INFO : get transactions success
Tue Mar 12 2024 12:03:09 GMT+0700 (Indochina Time) : INFO : get branchs success
Tue Mar 12 2024 12:03:09 GMT+0700 (Indochina Time) : INFO : get transaction by branch id 2 was success
Tue Mar 12 2024 12:03:09 GMT+0700 (Indochina Time) : INFO : get transaction with date 12-12-2023 was success
Tue Mar 12 2024 12:03:09 GMT+0700 (Indochina Time) : INFO : update status by midtrans success with transactionId GRC-zRzh-jiO
Tue Mar 12 2024 12:03:09 GMT+0700 (Indochina Time) : INFO : get journals by branch id 2 was success
Tue Mar 12 2024 12:03:10 GMT+0700 (Indochina Time) : INFO : update status by midtrans success with transactionId GRC-zRzh-jiO
Tue Mar 12 2024 12:03:12 GMT+0700 (Indochina Time) : INFO : get transaction with id GRC-zRzh-jiO was success
Tue Mar 12 2024 12:03:12 GMT+0700 (Indochina Time) : INFO : get branchs by Geolocation success
Tue Mar 12 2024 12:03:12 GMT+0700 (Indochina Time) : INFO : get product by id 1 was success
Tue Mar 12 2024 12:03:12 GMT+0700 (Indochina Time) : INFO : get journals success
Tue Mar 12 2024 12:42:41 GMT+0700 (Indochina Time) : INFO : get branchs success
Tue Mar 12 2024 12:42:41 GMT+0700 (Indochina Time) : INFO : get transaction with date 12-12-2023 was success
Tue Mar 12 2024 12:42:41 GMT+0700 (Indochina Time) : INFO : register new user budi 12 was success
Tue Mar 12 2024 12:42:41 GMT+0700 (Indochina Time) : INFO : get journals by branch id 2 was success
Tue Mar 12 2024 12:42:41 GMT+0700 (Indochina Time) : INFO : get transaction by branch id 2 was success
Tue Mar 12 2024 12:42:41 GMT+0700 (Indochina Time) : INFO : update status by midtrans success with transactionId GRC-zRzh-jiO
Tue Mar 12 2024 12:42:42 GMT+0700 (Indochina Time) : ERROR : budi@mail.com and budi 12 already exist
Tue Mar 12 2024 12:42:42 GMT+0700 (Indochina Time) : INFO : update status by midtrans success with transactionId GRC-zRzh-jiO
Tue Mar 12 2024 12:42:43 GMT+0700 (Indochina Time) : INFO : get transaction with id GRC-zRzh-jiO was success
Tue Mar 12 2024 12:42:43 GMT+0700 (Indochina Time) : INFO : get transactions success
Tue Mar 12 2024 12:42:43 GMT+0700 (Indochina Time) : INFO : get branchs by Geolocation success
Tue Mar 12 2024 12:42:43 GMT+0700 (Indochina Time) : INFO : get journals success
Tue Mar 12 2024 12:42:43 GMT+0700 (Indochina Time) : INFO : get product by id 1 was success
Tue Mar 12 2024 12:47:12 GMT+0700 (Indochina Time) : INFO : get transaction by branch id 2 was success
Tue Mar 12 2024 12:47:12 GMT+0700 (Indochina Time) : INFO : update status by midtrans success with transactionId GRC-zRzh-jiO
Tue Mar 12 2024 12:47:12 GMT+0700 (Indochina Time) : INFO : register new user budi 12 was success
Tue Mar 12 2024 12:47:12 GMT+0700 (Indochina Time) : INFO : get journals by branch id 2 was success
Tue Mar 12 2024 12:47:12 GMT+0700 (Indochina Time) : INFO : get transaction with date 12-12-2023 was success
Tue Mar 12 2024 12:47:12 GMT+0700 (Indochina Time) : INFO : get branchs success
Tue Mar 12 2024 12:47:13 GMT+0700 (Indochina Time) : ERROR : budi@mail.com and budi 12 already exist
Tue Mar 12 2024 12:47:13 GMT+0700 (Indochina Time) : INFO : update status by midtrans success with transactionId GRC-zRzh-jiO
Tue Mar 12 2024 12:47:14 GMT+0700 (Indochina Time) : INFO : get product by id 1 was success
Tue Mar 12 2024 12:47:14 GMT+0700 (Indochina Time) : INFO : get transaction with id GRC-zRzh-jiO was success
Tue Mar 12 2024 12:47:14 GMT+0700 (Indochina Time) : INFO : get transactions success
Tue Mar 12 2024 12:47:14 GMT+0700 (Indochina Time) : INFO : get branchs by Geolocation success
Tue Mar 12 2024 12:47:14 GMT+0700 (Indochina Time) : INFO : get journals success
Tue Mar 12 2024 15:20:29 GMT+0700 (Indochina Time) : INFO : login success with usernameOrEmail linda@mail.com
Tue Mar 12 2024 17:02:22 GMT+0700 (Indochina Time) : INFO : get branchs success
Tue Mar 12 2024 17:02:22 GMT+0700 (Indochina Time) : INFO : get transaction by branch id 2 was success
Tue Mar 12 2024 17:02:22 GMT+0700 (Indochina Time) : INFO : get transaction with date 12-12-2023 was success
Tue Mar 12 2024 17:02:22 GMT+0700 (Indochina Time) : INFO : get journals by branch id 2 was success
Tue Mar 12 2024 17:02:22 GMT+0700 (Indochina Time) : INFO : update status by midtrans success with transactionId GRC-zRzh-jiO
Tue Mar 12 2024 17:02:22 GMT+0700 (Indochina Time) : INFO : get journals success
Tue Mar 12 2024 17:02:24 GMT+0700 (Indochina Time) : INFO : update status by midtrans success with transactionId GRC-zRzh-jiO
Tue Mar 12 2024 17:02:26 GMT+0700 (Indochina Time) : INFO : get transactions success
Tue Mar 12 2024 17:02:26 GMT+0700 (Indochina Time) : INFO : get product by id 1 was success
Tue Mar 12 2024 17:02:26 GMT+0700 (Indochina Time) : INFO : get transaction with id GRC-zRzh-jiO was success
Tue Mar 12 2024 17:02:26 GMT+0700 (Indochina Time) : INFO : get branchs by Geolocation success
Tue Mar 12 2024 17:04:07 GMT+0700 (Indochina Time) : INFO : get journals success
Tue Mar 12 2024 17:04:07 GMT+0700 (Indochina Time) : INFO : get branchs success
Tue Mar 12 2024 17:04:07 GMT+0700 (Indochina Time) : INFO : get journals by branch id 2 was success
Tue Mar 12 2024 17:04:07 GMT+0700 (Indochina Time) : INFO : get transaction with date 12-12-2023 was success
Tue Mar 12 2024 17:04:07 GMT+0700 (Indochina Time) : INFO : get transaction by branch id 2 was success
Tue Mar 12 2024 17:04:07 GMT+0700 (Indochina Time) : INFO : update status by midtrans success with transactionId GRC-zRzh-jiO
Tue Mar 12 2024 17:04:09 GMT+0700 (Indochina Time) : INFO : update status by midtrans success with transactionId GRC-zRzh-jiO
Tue Mar 12 2024 17:04:11 GMT+0700 (Indochina Time) : INFO : get transaction with id GRC-zRzh-jiO was success
Tue Mar 12 2024 17:04:11 GMT+0700 (Indochina Time) : INFO : get transactions success
Tue Mar 12 2024 17:04:11 GMT+0700 (Indochina Time) : INFO : get branchs by Geolocation success
Tue Mar 12 2024 17:04:12 GMT+0700 (Indochina Time) : INFO : get product by id 1 was success
Tue Mar 12 2024 17:06:15 GMT+0700 (Indochina Time) : INFO : get journals success
Tue Mar 12 2024 17:06:15 GMT+0700 (Indochina Time) : INFO : get branchs success
Tue Mar 12 2024 17:06:16 GMT+0700 (Indochina Time) : INFO : update status by midtrans success with transactionId GRC-zRzh-jiO
Tue Mar 12 2024 17:06:16 GMT+0700 (Indochina Time) : INFO : get transaction by branch id 2 was success
Tue Mar 12 2024 17:06:16 GMT+0700 (Indochina Time) : INFO : get transaction with date 12-12-2023 was success
Tue Mar 12 2024 17:06:16 GMT+0700 (Indochina Time) : INFO : get journals by branch id 2 was success
Tue Mar 12 2024 17:06:17 GMT+0700 (Indochina Time) : INFO : update status by midtrans success with transactionId GRC-zRzh-jiO
Tue Mar 12 2024 17:06:19 GMT+0700 (Indochina Time) : INFO : get transaction with id GRC-zRzh-jiO was success
Tue Mar 12 2024 17:06:19 GMT+0700 (Indochina Time) : INFO : get branchs by Geolocation success
Tue Mar 12 2024 17:06:19 GMT+0700 (Indochina Time) : INFO : get transactions success
Tue Mar 12 2024 17:06:19 GMT+0700 (Indochina Time) : INFO : get product by id 1 was success
Tue Mar 12 2024 17:11:50 GMT+0700 (Indochina Time) : INFO : get branchs success
Tue Mar 12 2024 17:11:49 GMT+0700 (Indochina Time) : INFO : get journals success
Tue Mar 12 2024 17:11:50 GMT+0700 (Indochina Time) : INFO : get transaction with date 12-12-2023 was success
Tue Mar 12 2024 17:11:50 GMT+0700 (Indochina Time) : INFO : get transaction by branch id 2 was success
Tue Mar 12 2024 17:11:50 GMT+0700 (Indochina Time) : INFO : update status by midtrans success with transactionId GRC-zRzh-jiO
Tue Mar 12 2024 17:11:50 GMT+0700 (Indochina Time) : INFO : get journals by branch id 2 was success
Tue Mar 12 2024 17:11:50 GMT+0700 (Indochina Time) : INFO : update status by midtrans success with transactionId GRC-zRzh-jiO
Tue Mar 12 2024 17:11:52 GMT+0700 (Indochina Time) : INFO : get branchs by Geolocation success
Tue Mar 12 2024 17:11:52 GMT+0700 (Indochina Time) : INFO : get product by id 1 was success
Tue Mar 12 2024 17:11:52 GMT+0700 (Indochina Time) : INFO : get transaction with id GRC-zRzh-jiO was success
Tue Mar 12 2024 17:11:52 GMT+0700 (Indochina Time) : INFO : get transactions success
Tue Mar 12 2024 19:46:41 GMT+0700 (Indochina Time) : INFO : update transaction payment proof success with transaction id GRC-zRzh-jiO
Tue Mar 12 2024 19:46:41 GMT+0700 (Indochina Time) : INFO : update status by midtrans success with transactionId GRC-zRzh-jiO
Tue Mar 12 2024 19:46:41 GMT+0700 (Indochina Time) : INFO : get branchs success
Tue Mar 12 2024 19:46:41 GMT+0700 (Indochina Time) : INFO : get transaction with date 12-12-2023 was success
Tue Mar 12 2024 19:46:41 GMT+0700 (Indochina Time) : INFO : get journals by branch id 2 was success
Tue Mar 12 2024 19:46:42 GMT+0700 (Indochina Time) : INFO : get transaction by branch id 2 was success
Tue Mar 12 2024 19:46:42 GMT+0700 (Indochina Time) : INFO : update status by midtrans success with transactionId GRC-zRzh-jiO
Tue Mar 12 2024 19:46:45 GMT+0700 (Indochina Time) : INFO : get branchs by Geolocation success
Tue Mar 12 2024 19:46:45 GMT+0700 (Indochina Time) : INFO : get journals success
Tue Mar 12 2024 19:46:45 GMT+0700 (Indochina Time) : INFO : get product by id 1 was success
Tue Mar 12 2024 19:46:45 GMT+0700 (Indochina Time) : INFO : get transactions success
Tue Mar 12 2024 19:46:45 GMT+0700 (Indochina Time) : INFO : get transaction with id GRC-zRzh-jiO was success
Tue Mar 12 2024 20:08:34 GMT+0700 (Indochina Time) : INFO : update transaction payment proof success with transaction id GRC-zRzh-jiO
Tue Mar 12 2024 20:08:35 GMT+0700 (Indochina Time) : INFO : update status by midtrans success with transactionId GRC-zRzh-jiO
Tue Mar 12 2024 20:08:35 GMT+0700 (Indochina Time) : INFO : get journals by branch id 2 was success
Tue Mar 12 2024 20:08:35 GMT+0700 (Indochina Time) : INFO : get transaction with date 12-12-2023 was success
Tue Mar 12 2024 20:08:35 GMT+0700 (Indochina Time) : INFO : get transaction by branch id 2 was success
Tue Mar 12 2024 20:08:35 GMT+0700 (Indochina Time) : ERROR : transaction with id nonExistentTransactionId not found
Tue Mar 12 2024 20:08:35 GMT+0700 (Indochina Time) : INFO : get branchs success
Tue Mar 12 2024 20:08:36 GMT+0700 (Indochina Time) : INFO : update status by midtrans success with transactionId GRC-zRzh-jiO
Tue Mar 12 2024 20:08:37 GMT+0700 (Indochina Time) : INFO : get journals success
Tue Mar 12 2024 20:08:37 GMT+0700 (Indochina Time) : INFO : get branchs by Geolocation success
Tue Mar 12 2024 20:08:37 GMT+0700 (Indochina Time) : INFO : get product by id 1 was success
Tue Mar 12 2024 20:08:37 GMT+0700 (Indochina Time) : INFO : get transactions success
Tue Mar 12 2024 20:08:37 GMT+0700 (Indochina Time) : INFO : get transaction with id GRC-zRzh-jiO was success
Tue Mar 12 2024 20:12:08 GMT+0700 (Indochina Time) : INFO : update status by midtrans success with transactionId GRC-zRzh-jiO
Tue Mar 12 2024 20:12:08 GMT+0700 (Indochina Time) : INFO : get journals by branch id 2 was success
Tue Mar 12 2024 20:12:08 GMT+0700 (Indochina Time) : INFO : get transaction with date 12-12-2023 was success
Tue Mar 12 2024 20:12:08 GMT+0700 (Indochina Time) : INFO : update transaction payment proof success with transaction id GRC-zRzh-jiO
Tue Mar 12 2024 20:12:08 GMT+0700 (Indochina Time) : INFO : get transaction by branch id 2 was success
Tue Mar 12 2024 20:12:09 GMT+0700 (Indochina Time) : INFO : update status by midtrans success with transactionId GRC-zRzh-jiO
Tue Mar 12 2024 20:12:09 GMT+0700 (Indochina Time) : INFO : get branchs success
Tue Mar 12 2024 20:12:09 GMT+0700 (Indochina Time) : ERROR : transaction with id nonExistentTransactionId not found
Tue Mar 12 2024 20:12:10 GMT+0700 (Indochina Time) : INFO : get branchs by Geolocation success
Tue Mar 12 2024 20:12:10 GMT+0700 (Indochina Time) : INFO : get transaction with id GRC-zRzh-jiO was success
Tue Mar 12 2024 20:12:11 GMT+0700 (Indochina Time) : INFO : get transactions success
Tue Mar 12 2024 20:12:11 GMT+0700 (Indochina Time) : INFO : get journals success
Tue Mar 12 2024 20:12:11 GMT+0700 (Indochina Time) : INFO : get product by id 1 was success
Tue Mar 12 2024 20:14:09 GMT+0700 (Indochina Time) : INFO : update status by midtrans success with transactionId GRC-zRzh-jiO
Tue Mar 12 2024 20:14:09 GMT+0700 (Indochina Time) : INFO : get transaction by branch id 2 was success
Tue Mar 12 2024 20:14:10 GMT+0700 (Indochina Time) : INFO : update transaction payment proof success with transaction id GRC-zRzh-jiO
Tue Mar 12 2024 20:14:10 GMT+0700 (Indochina Time) : INFO : get transaction with date 12-12-2023 was success
Tue Mar 12 2024 20:14:10 GMT+0700 (Indochina Time) : INFO : update status by midtrans success with transactionId GRC-zRzh-jiO
Tue Mar 12 2024 20:14:10 GMT+0700 (Indochina Time) : INFO : get journals by branch id 2 was success
Tue Mar 12 2024 20:14:10 GMT+0700 (Indochina Time) : INFO : get branchs success
Tue Mar 12 2024 20:14:12 GMT+0700 (Indochina Time) : INFO : get transactions success
Tue Mar 12 2024 20:14:12 GMT+0700 (Indochina Time) : INFO : get product by id 1 was success
Tue Mar 12 2024 20:14:12 GMT+0700 (Indochina Time) : INFO : get transaction with id GRC-zRzh-jiO was success
Tue Mar 12 2024 20:14:12 GMT+0700 (Indochina Time) : INFO : get branchs by Geolocation success
Tue Mar 12 2024 20:14:12 GMT+0700 (Indochina Time) : INFO : get journals success
Tue Mar 12 2024 20:16:10 GMT+0700 (Indochina Time) : INFO : get transaction with date 12-12-2023 was success
Tue Mar 12 2024 20:16:10 GMT+0700 (Indochina Time) : INFO : get transaction by branch id 2 was success
Tue Mar 12 2024 20:16:10 GMT+0700 (Indochina Time) : INFO : update status by midtrans success with transactionId GRC-zRzh-jiO
Tue Mar 12 2024 20:16:10 GMT+0700 (Indochina Time) : INFO : update transaction payment proof success with transaction id GRC-zRzh-jiO
Tue Mar 12 2024 20:16:10 GMT+0700 (Indochina Time) : INFO : get journals by branch id 2 was success
Tue Mar 12 2024 20:16:11 GMT+0700 (Indochina Time) : INFO : update status by midtrans success with transactionId GRC-zRzh-jiO
Tue Mar 12 2024 20:16:11 GMT+0700 (Indochina Time) : INFO : get branchs success
Tue Mar 12 2024 20:16:12 GMT+0700 (Indochina Time) : INFO : get branchs by Geolocation success
Tue Mar 12 2024 20:16:12 GMT+0700 (Indochina Time) : INFO : get transactions success
Tue Mar 12 2024 20:16:12 GMT+0700 (Indochina Time) : INFO : get journals success
Tue Mar 12 2024 20:16:12 GMT+0700 (Indochina Time) : INFO : get transaction with id GRC-zRzh-jiO was success
Tue Mar 12 2024 20:16:13 GMT+0700 (Indochina Time) : INFO : get product by id 1 was success
Tue Mar 12 2024 20:19:59 GMT+0700 (Indochina Time) : INFO : get journals by branch id 2 was success
Tue Mar 12 2024 20:19:59 GMT+0700 (Indochina Time) : INFO : get transaction with date 12-12-2023 was success
Tue Mar 12 2024 20:19:59 GMT+0700 (Indochina Time) : INFO : update transaction payment proof success with transaction id GRC-zRzh-jiO
Tue Mar 12 2024 20:19:59 GMT+0700 (Indochina Time) : INFO : get transaction by branch id 2 was success
Tue Mar 12 2024 20:19:59 GMT+0700 (Indochina Time) : INFO : update status by midtrans success with transactionId GRC-zRzh-jiO
Tue Mar 12 2024 20:20:00 GMT+0700 (Indochina Time) : ERROR : transaction with id nonExistentTransactionId not found
Tue Mar 12 2024 20:20:00 GMT+0700 (Indochina Time) : INFO : update status by midtrans success with transactionId GRC-zRzh-jiO
Tue Mar 12 2024 20:20:00 GMT+0700 (Indochina Time) : INFO : get branchs success
Tue Mar 12 2024 20:20:01 GMT+0700 (Indochina Time) : INFO : get branchs by Geolocation success
Tue Mar 12 2024 20:20:01 GMT+0700 (Indochina Time) : INFO : get product by id 1 was success
Tue Mar 12 2024 20:20:01 GMT+0700 (Indochina Time) : INFO : get transactions success
Tue Mar 12 2024 20:20:01 GMT+0700 (Indochina Time) : INFO : get journals success
Tue Mar 12 2024 20:20:02 GMT+0700 (Indochina Time) : INFO : get transaction with id GRC-zRzh-jiO was success
Tue Mar 12 2024 21:26:18 GMT+0700 (Indochina Time) : INFO : get branchs success
Tue Mar 12 2024 21:26:18 GMT+0700 (Indochina Time) : INFO : update transaction payment proof success with transaction id GRC-zRzh-jiO
Tue Mar 12 2024 21:26:18 GMT+0700 (Indochina Time) : INFO : update status by midtrans success with transactionId GRC-zRzh-jiO
Tue Mar 12 2024 21:26:18 GMT+0700 (Indochina Time) : INFO : get journals by branch id 2 was success
Tue Mar 12 2024 21:26:18 GMT+0700 (Indochina Time) : INFO : get transaction by branch id 2 was success
Tue Mar 12 2024 21:26:18 GMT+0700 (Indochina Time) : INFO : get transaction with date 12-12-2023 was success
Tue Mar 12 2024 21:26:19 GMT+0700 (Indochina Time) : ERROR : transaction with id nonExistentTransactionId not found
Tue Mar 12 2024 21:26:19 GMT+0700 (Indochina Time) : INFO : update status by midtrans success with transactionId GRC-zRzh-jiO
Tue Mar 12 2024 21:26:21 GMT+0700 (Indochina Time) : INFO : get product by id 1 was success
Tue Mar 12 2024 21:26:21 GMT+0700 (Indochina Time) : INFO : get transactions success
Tue Mar 12 2024 21:26:21 GMT+0700 (Indochina Time) : INFO : get journals success
Tue Mar 12 2024 21:26:21 GMT+0700 (Indochina Time) : INFO : get transaction with id GRC-zRzh-jiO was success
Tue Mar 12 2024 21:26:21 GMT+0700 (Indochina Time) : INFO : get branchs by Geolocation success
Tue Mar 12 2024 21:29:11 GMT+0700 (Indochina Time) : INFO : update transaction payment proof success with transaction id GRC-zRzh-jiO
Tue Mar 12 2024 21:29:11 GMT+0700 (Indochina Time) : INFO : update status by midtrans success with transactionId GRC-zRzh-jiO
Tue Mar 12 2024 21:29:11 GMT+0700 (Indochina Time) : INFO : get transactions success
Tue Mar 12 2024 21:29:12 GMT+0700 (Indochina Time) : ERROR : transaction with id nonExistentTransactionId not found
Tue Mar 12 2024 21:29:12 GMT+0700 (Indochina Time) : INFO : update status by midtrans success with transactionId GRC-zRzh-jiO
Tue Mar 12 2024 21:29:12 GMT+0700 (Indochina Time) : INFO : get transaction with date 12-12-2023 was success
Tue Mar 12 2024 21:29:12 GMT+0700 (Indochina Time) : INFO : get transaction with id GRC-zRzh-jiO was success
Tue Mar 12 2024 21:29:13 GMT+0700 (Indochina Time) : INFO : get transaction by branch id 2 was success
Tue Mar 12 2024 21:29:13 GMT+0700 (Indochina Time) : INFO : get product by id 1 was success
Tue Mar 12 2024 21:29:13 GMT+0700 (Indochina Time) : INFO : get branchs success
Tue Mar 12 2024 21:29:13 GMT+0700 (Indochina Time) : INFO : get journals success
Tue Mar 12 2024 21:29:14 GMT+0700 (Indochina Time) : INFO : get branchs by Geolocation success
Tue Mar 12 2024 21:29:14 GMT+0700 (Indochina Time) : INFO : get journals by branch id 2 was success
Tue Mar 12 2024 21:29:54 GMT+0700 (Indochina Time) : INFO : update transaction payment proof success with transaction id GRC-zRzh-jiO
Tue Mar 12 2024 21:29:54 GMT+0700 (Indochina Time) : INFO : get transaction with id GRC-zRzh-jiO was success
Tue Mar 12 2024 21:29:54 GMT+0700 (Indochina Time) : INFO : get transactions success
Tue Mar 12 2024 21:29:54 GMT+0700 (Indochina Time) : INFO : update status by midtrans success with transactionId GRC-zRzh-jiO
Tue Mar 12 2024 21:29:54 GMT+0700 (Indochina Time) : INFO : get transaction with date 12-12-2023 was success
Tue Mar 12 2024 21:29:54 GMT+0700 (Indochina Time) : INFO : update transaction payment proof success with transaction id nonExistentTransactionId
Tue Mar 12 2024 21:29:55 GMT+0700 (Indochina Time) : INFO : update status by midtrans success with transactionId GRC-zRzh-jiO
Tue Mar 12 2024 21:29:55 GMT+0700 (Indochina Time) : INFO : get transaction by branch id 2 was success
Tue Mar 12 2024 21:29:56 GMT+0700 (Indochina Time) : INFO : get product by id 1 was success
Tue Mar 12 2024 21:29:56 GMT+0700 (Indochina Time) : INFO : get branchs success
Tue Mar 12 2024 21:29:56 GMT+0700 (Indochina Time) : INFO : get branchs by Geolocation success
Tue Mar 12 2024 21:29:56 GMT+0700 (Indochina Time) : INFO : get journals by branch id 2 was success
Tue Mar 12 2024 21:29:56 GMT+0700 (Indochina Time) : INFO : get journals success
Tue Mar 12 2024 21:32:26 GMT+0700 (Indochina Time) : INFO : update status by midtrans success with transactionId GRC-zRzh-jiO
Tue Mar 12 2024 21:32:26 GMT+0700 (Indochina Time) : INFO : get transaction with id GRC-zRzh-jiO was success
Tue Mar 12 2024 21:32:26 GMT+0700 (Indochina Time) : INFO : update transaction payment proof success with transaction id GRC-zRzh-jiO
Tue Mar 12 2024 21:32:26 GMT+0700 (Indochina Time) : INFO : get transaction with date 12-12-2023 was success
Tue Mar 12 2024 21:32:26 GMT+0700 (Indochina Time) : INFO : get transactions success
Tue Mar 12 2024 21:32:27 GMT+0700 (Indochina Time) : INFO : update status by midtrans success with transactionId GRC-zRzh-jiO
Tue Mar 12 2024 21:32:27 GMT+0700 (Indochina Time) : ERROR : transaction with id nonExistentTransactionId not found
Tue Mar 12 2024 21:32:27 GMT+0700 (Indochina Time) : INFO : get transaction by branch id 2 was success
Tue Mar 12 2024 21:32:28 GMT+0700 (Indochina Time) : INFO : get journals success
Tue Mar 12 2024 21:32:28 GMT+0700 (Indochina Time) : INFO : get product by id 1 was success
Tue Mar 12 2024 21:32:28 GMT+0700 (Indochina Time) : INFO : get branchs by Geolocation success
Tue Mar 12 2024 21:32:28 GMT+0700 (Indochina Time) : INFO : get branchs success
Tue Mar 12 2024 21:32:29 GMT+0700 (Indochina Time) : INFO : get journals by branch id 2 was success
Tue Mar 12 2024 21:37:32 GMT+0700 (Indochina Time) : INFO : update transaction payment proof success with transaction id GRC-zRzh-jiO
Tue Mar 12 2024 21:37:32 GMT+0700 (Indochina Time) : INFO : get transactions success
Tue Mar 12 2024 21:37:32 GMT+0700 (Indochina Time) : INFO : get transaction with id GRC-zRzh-jiO was success
Tue Mar 12 2024 21:37:32 GMT+0700 (Indochina Time) : INFO : get transaction with date 12-12-2023 was success
Tue Mar 12 2024 21:37:32 GMT+0700 (Indochina Time) : INFO : update status by midtrans success with transactionId GRC-zRzh-jiO
Tue Mar 12 2024 21:37:33 GMT+0700 (Indochina Time) : ERROR : transaction with id GRC-zRzh-jiO not found
Tue Mar 12 2024 21:37:33 GMT+0700 (Indochina Time) : INFO : get transaction by branch id 2 was success
Tue Mar 12 2024 21:37:33 GMT+0700 (Indochina Time) : INFO : update status by midtrans success with transactionId GRC-zRzh-jiO
Tue Mar 12 2024 21:37:34 GMT+0700 (Indochina Time) : INFO : get journals success
Tue Mar 12 2024 21:37:34 GMT+0700 (Indochina Time) : INFO : get product by id 1 was success
Tue Mar 12 2024 21:37:34 GMT+0700 (Indochina Time) : INFO : get branchs by Geolocation success
Tue Mar 12 2024 21:37:34 GMT+0700 (Indochina Time) : INFO : get branchs success
Tue Mar 12 2024 21:37:34 GMT+0700 (Indochina Time) : INFO : get journals by branch id 2 was success
Tue Mar 12 2024 21:43:55 GMT+0700 (Indochina Time) : INFO : get transactions success
Tue Mar 12 2024 21:43:55 GMT+0700 (Indochina Time) : INFO : update transaction payment proof success with transaction id GRC-zRzh-jiO
Tue Mar 12 2024 21:43:55 GMT+0700 (Indochina Time) : INFO : get transaction with date 12-12-2023 was success
Tue Mar 12 2024 21:43:55 GMT+0700 (Indochina Time) : INFO : get transaction with id GRC-zRzh-jiO was success
Tue Mar 12 2024 21:43:55 GMT+0700 (Indochina Time) : INFO : update status by midtrans success with transactionId GRC-zRzh-jiO
Tue Mar 12 2024 21:43:56 GMT+0700 (Indochina Time) : ERROR : transaction with id GRC-zRzh-jiO not found
Tue Mar 12 2024 21:43:56 GMT+0700 (Indochina Time) : INFO : update status by midtrans success with transactionId GRC-zRzh-jiO
Tue Mar 12 2024 21:43:56 GMT+0700 (Indochina Time) : INFO : get transaction by branch id 2 was success
Tue Mar 12 2024 21:43:57 GMT+0700 (Indochina Time) : INFO : get journals by branch id 2 was success
Tue Mar 12 2024 21:43:57 GMT+0700 (Indochina Time) : INFO : get journals success
Tue Mar 12 2024 21:43:57 GMT+0700 (Indochina Time) : INFO : get branchs by Geolocation success
Tue Mar 12 2024 21:43:57 GMT+0700 (Indochina Time) : INFO : get branchs success
Tue Mar 12 2024 21:43:57 GMT+0700 (Indochina Time) : INFO : get product by id 1 was success
Tue Mar 12 2024 21:45:13 GMT+0700 (Indochina Time) : INFO : get transaction with id GRC-zRzh-jiO was success
Tue Mar 12 2024 21:45:13 GMT+0700 (Indochina Time) : INFO : get transactions success
Tue Mar 12 2024 21:45:13 GMT+0700 (Indochina Time) : INFO : update transaction payment proof success with transaction id GRC-zRzh-jiO
Tue Mar 12 2024 21:45:13 GMT+0700 (Indochina Time) : INFO : update status by midtrans success with transactionId GRC-zRzh-jiO
Tue Mar 12 2024 21:45:13 GMT+0700 (Indochina Time) : INFO : get transaction with date 12-12-2023 was success
Tue Mar 12 2024 21:45:14 GMT+0700 (Indochina Time) : ERROR : transaction with id GRC-zRzh-jiO not found
Tue Mar 12 2024 21:45:14 GMT+0700 (Indochina Time) : INFO : update status by midtrans success with transactionId GRC-zRzh-jiO
Tue Mar 12 2024 21:45:14 GMT+0700 (Indochina Time) : INFO : get transaction by branch id 2 was success
Tue Mar 12 2024 21:45:15 GMT+0700 (Indochina Time) : INFO : get journals by branch id 2 was success
Tue Mar 12 2024 21:45:15 GMT+0700 (Indochina Time) : INFO : get product by id 1 was success
Tue Mar 12 2024 21:45:15 GMT+0700 (Indochina Time) : INFO : get journals success
Tue Mar 12 2024 21:45:15 GMT+0700 (Indochina Time) : INFO : get branchs success
Tue Mar 12 2024 21:45:16 GMT+0700 (Indochina Time) : INFO : get branchs by Geolocation success
Tue Mar 12 2024 21:48:19 GMT+0700 (Indochina Time) : INFO : update transaction payment proof success with transaction id GRC-zRzh-jiO
Tue Mar 12 2024 21:48:19 GMT+0700 (Indochina Time) : INFO : get transaction with date 12-12-2023 was success
Tue Mar 12 2024 21:48:19 GMT+0700 (Indochina Time) : INFO : update status by midtrans success with transactionId GRC-zRzh-jiO
Tue Mar 12 2024 21:48:19 GMT+0700 (Indochina Time) : INFO : get transactions success
Tue Mar 12 2024 21:48:19 GMT+0700 (Indochina Time) : ERROR : transaction with id GRC-zRzh-jiO not found
Tue Mar 12 2024 21:48:19 GMT+0700 (Indochina Time) : INFO : get transaction with id GRC-zRzh-jiO was success
Tue Mar 12 2024 21:48:20 GMT+0700 (Indochina Time) : INFO : update status by midtrans success with transactionId GRC-zRzh-jiO
Tue Mar 12 2024 21:48:21 GMT+0700 (Indochina Time) : INFO : get transaction by branch id 2 was success
Tue Mar 12 2024 21:48:21 GMT+0700 (Indochina Time) : INFO : get journals by branch id 2 was success
Tue Mar 12 2024 21:48:21 GMT+0700 (Indochina Time) : INFO : get product by id 1 was success
Tue Mar 12 2024 21:48:21 GMT+0700 (Indochina Time) : INFO : get journals success
Tue Mar 12 2024 21:48:21 GMT+0700 (Indochina Time) : INFO : get branchs success
Tue Mar 12 2024 21:48:22 GMT+0700 (Indochina Time) : INFO : get branchs by Geolocation success
Tue Mar 12 2024 21:49:27 GMT+0700 (Indochina Time) : INFO : update transaction payment proof success with transaction id GRC-zRzh-jiO
Tue Mar 12 2024 21:49:27 GMT+0700 (Indochina Time) : INFO : update status by midtrans success with transactionId GRC-zRzh-jiO
Tue Mar 12 2024 21:49:27 GMT+0700 (Indochina Time) : INFO : get transactions success
Tue Mar 12 2024 21:49:27 GMT+0700 (Indochina Time) : INFO : get transaction with date 12-12-2023 was success
Tue Mar 12 2024 21:49:27 GMT+0700 (Indochina Time) : INFO : get transaction with id GRC-zRzh-jiO was success
Tue Mar 12 2024 21:49:28 GMT+0700 (Indochina Time) : INFO : update status by midtrans success with transactionId GRC-zRzh-jiO
Tue Mar 12 2024 21:49:29 GMT+0700 (Indochina Time) : INFO : get transaction by branch id 2 was success
Tue Mar 12 2024 21:49:29 GMT+0700 (Indochina Time) : INFO : get journals by branch id 2 was success
Tue Mar 12 2024 21:49:29 GMT+0700 (Indochina Time) : INFO : get product by id 1 was success
Tue Mar 12 2024 21:49:30 GMT+0700 (Indochina Time) : INFO : get journals success
Tue Mar 12 2024 21:49:30 GMT+0700 (Indochina Time) : INFO : get branchs success
Tue Mar 12 2024 21:49:30 GMT+0700 (Indochina Time) : INFO : get branchs by Geolocation success
Tue Mar 12 2024 21:51:07 GMT+0700 (Indochina Time) : INFO : update transaction payment proof success with transaction id GRC-zRzh-jiO
Tue Mar 12 2024 21:51:07 GMT+0700 (Indochina Time) : INFO : get transaction with id GRC-zRzh-jiO was success
Tue Mar 12 2024 21:51:07 GMT+0700 (Indochina Time) : INFO : get transactions success
Tue Mar 12 2024 21:51:07 GMT+0700 (Indochina Time) : INFO : get transaction with date 12-12-2023 was success
Tue Mar 12 2024 21:51:07 GMT+0700 (Indochina Time) : INFO : update status by midtrans success with transactionId GRC-zRzh-jiO
Tue Mar 12 2024 21:51:07 GMT+0700 (Indochina Time) : ERROR : transaction with id GRC-zRzh-jiO not found
Tue Mar 12 2024 21:51:08 GMT+0700 (Indochina Time) : INFO : update status by midtrans success with transactionId GRC-zRzh-jiO
Tue Mar 12 2024 21:51:08 GMT+0700 (Indochina Time) : INFO : get transaction by branch id 2 was success
Tue Mar 12 2024 21:51:09 GMT+0700 (Indochina Time) : INFO : get journals by branch id 2 was success
Tue Mar 12 2024 21:51:09 GMT+0700 (Indochina Time) : INFO : get product by id 1 was success
Tue Mar 12 2024 21:51:09 GMT+0700 (Indochina Time) : INFO : get journals success
Tue Mar 12 2024 21:51:09 GMT+0700 (Indochina Time) : INFO : get branchs success
Tue Mar 12 2024 21:51:09 GMT+0700 (Indochina Time) : INFO : get branchs by Geolocation success
Tue Mar 12 2024 21:52:47 GMT+0700 (Indochina Time) : INFO : get transaction with id GRC-zRzh-jiO was success
Tue Mar 12 2024 21:52:47 GMT+0700 (Indochina Time) : INFO : update status by midtrans success with transactionId GRC-zRzh-jiO
Tue Mar 12 2024 21:52:48 GMT+0700 (Indochina Time) : INFO : get transactions success
Tue Mar 12 2024 21:52:48 GMT+0700 (Indochina Time) : INFO : get transaction with date 12-12-2023 was success
Tue Mar 12 2024 21:52:48 GMT+0700 (Indochina Time) : INFO : update status by midtrans success with transactionId GRC-zRzh-jiO
Tue Mar 12 2024 21:52:48 GMT+0700 (Indochina Time) : INFO : update transaction payment proof success with transaction id GRC-zRzh-jiO
Tue Mar 12 2024 21:52:48 GMT+0700 (Indochina Time) : INFO : get transaction by branch id 2 was success
Tue Mar 12 2024 21:52:49 GMT+0700 (Indochina Time) : ERROR : transaction with id nonExistentTransactionId not found
Tue Mar 12 2024 21:52:49 GMT+0700 (Indochina Time) : INFO : get journals by branch id 2 was success
Tue Mar 12 2024 21:52:49 GMT+0700 (Indochina Time) : INFO : get branchs by Geolocation success
Tue Mar 12 2024 21:52:49 GMT+0700 (Indochina Time) : INFO : get product by id 1 was success
Tue Mar 12 2024 21:52:50 GMT+0700 (Indochina Time) : INFO : get journals success
Tue Mar 12 2024 21:52:50 GMT+0700 (Indochina Time) : INFO : get branchs success
Tue Mar 12 2024 21:53:52 GMT+0700 (Indochina Time) : INFO : update transaction payment proof success with transaction id GRC-zRzh-jiO
Tue Mar 12 2024 21:53:52 GMT+0700 (Indochina Time) : INFO : get transaction with id GRC-zRzh-jiO was success
Tue Mar 12 2024 21:53:52 GMT+0700 (Indochina Time) : INFO : get transactions success
Tue Mar 12 2024 21:53:52 GMT+0700 (Indochina Time) : INFO : update status by midtrans success with transactionId GRC-zRzh-jiO
Tue Mar 12 2024 21:53:52 GMT+0700 (Indochina Time) : INFO : get transaction with date 12-12-2023 was success
Tue Mar 12 2024 21:53:53 GMT+0700 (Indochina Time) : ERROR : transaction with id nonExistentTransactionId not found
Tue Mar 12 2024 21:53:53 GMT+0700 (Indochina Time) : INFO : update status by midtrans success with transactionId GRC-zRzh-jiO
Tue Mar 12 2024 21:53:53 GMT+0700 (Indochina Time) : INFO : get transaction by branch id 2 was success
Tue Mar 12 2024 21:53:54 GMT+0700 (Indochina Time) : INFO : get product by id 1 was success
Tue Mar 12 2024 21:53:54 GMT+0700 (Indochina Time) : INFO : get branchs by Geolocation success
Tue Mar 12 2024 21:53:54 GMT+0700 (Indochina Time) : INFO : get journals by branch id 2 was success
Tue Mar 12 2024 21:53:54 GMT+0700 (Indochina Time) : INFO : get branchs success
Tue Mar 12 2024 21:53:54 GMT+0700 (Indochina Time) : INFO : get journals success
Tue Mar 12 2024 21:57:02 GMT+0700 (Indochina Time) : INFO : update transaction payment proof success with transaction id GRC-zRzh-jiO
Tue Mar 12 2024 21:57:02 GMT+0700 (Indochina Time) : INFO : get transaction with date 12-12-2023 was success
Tue Mar 12 2024 21:57:02 GMT+0700 (Indochina Time) : INFO : get transactions success
Tue Mar 12 2024 21:57:03 GMT+0700 (Indochina Time) : INFO : get transaction with id GRC-zRzh-jiO was success
Tue Mar 12 2024 21:57:03 GMT+0700 (Indochina Time) : INFO : update status by midtrans success with transactionId GRC-zRzh-jiO
Tue Mar 12 2024 21:57:03 GMT+0700 (Indochina Time) : ERROR : transaction with id nonExistentTransactionId not found
Tue Mar 12 2024 21:57:03 GMT+0700 (Indochina Time) : INFO : update status by midtrans success with transactionId GRC-zRzh-jiO
Tue Mar 12 2024 21:57:04 GMT+0700 (Indochina Time) : INFO : get transaction by branch id 2 was success
Tue Mar 12 2024 21:57:05 GMT+0700 (Indochina Time) : INFO : get journals success
Tue Mar 12 2024 21:57:05 GMT+0700 (Indochina Time) : INFO : get journals by branch id 2 was success
Tue Mar 12 2024 21:57:05 GMT+0700 (Indochina Time) : INFO : get branchs success
Tue Mar 12 2024 21:57:05 GMT+0700 (Indochina Time) : INFO : get product by id 1 was success
Tue Mar 12 2024 21:57:05 GMT+0700 (Indochina Time) : INFO : get branchs by Geolocation success
Tue Mar 12 2024 21:58:08 GMT+0700 (Indochina Time) : INFO : update transaction payment proof success with transaction id GRC-zRzh-jiO
Tue Mar 12 2024 21:58:08 GMT+0700 (Indochina Time) : INFO : get transactions success
Tue Mar 12 2024 21:58:08 GMT+0700 (Indochina Time) : INFO : get transaction with id GRC-zRzh-jiO was success
Tue Mar 12 2024 21:58:08 GMT+0700 (Indochina Time) : INFO : get transaction with date 12-12-2023 was success
Tue Mar 12 2024 21:58:08 GMT+0700 (Indochina Time) : INFO : update status by midtrans success with transactionId GRC-zRzh-jiO
Tue Mar 12 2024 21:58:09 GMT+0700 (Indochina Time) : ERROR : transaction with id nonExistentTransactionId not found
Tue Mar 12 2024 21:58:09 GMT+0700 (Indochina Time) : INFO : update status by midtrans success with transactionId GRC-zRzh-jiO
Tue Mar 12 2024 21:58:10 GMT+0700 (Indochina Time) : INFO : get transaction by branch id 2 was success
Tue Mar 12 2024 21:58:10 GMT+0700 (Indochina Time) : INFO : get journals success
Tue Mar 12 2024 21:58:10 GMT+0700 (Indochina Time) : INFO : get branchs by Geolocation success
Tue Mar 12 2024 21:58:11 GMT+0700 (Indochina Time) : INFO : get product by id 1 was success
Tue Mar 12 2024 21:58:11 GMT+0700 (Indochina Time) : INFO : get branchs success
Tue Mar 12 2024 21:58:11 GMT+0700 (Indochina Time) : INFO : get journals by branch id 2 was success
Tue Mar 12 2024 22:03:09 GMT+0700 (Indochina Time) : INFO : update transaction payment proof success with transaction id GRC-zRzh-jiO
Tue Mar 12 2024 22:03:10 GMT+0700 (Indochina Time) : INFO : get transactions success
Tue Mar 12 2024 22:03:10 GMT+0700 (Indochina Time) : INFO : get transaction with id GRC-zRzh-jiO was success
Tue Mar 12 2024 22:03:10 GMT+0700 (Indochina Time) : INFO : update status by midtrans success with transactionId GRC-zRzh-jiO
Tue Mar 12 2024 22:03:10 GMT+0700 (Indochina Time) : INFO : get transaction with date 12-12-2023 was success
Tue Mar 12 2024 22:03:10 GMT+0700 (Indochina Time) : ERROR : transaction with id GRC-zRzh-jiO not found
Tue Mar 12 2024 22:03:10 GMT+0700 (Indochina Time) : INFO : update transaction payment proof success with transaction id GRC-zRzh-jiO
Tue Mar 12 2024 22:03:11 GMT+0700 (Indochina Time) : INFO : update status by midtrans success with transactionId GRC-zRzh-jiO
Tue Mar 12 2024 22:03:11 GMT+0700 (Indochina Time) : INFO : get transaction by branch id 2 was success
Tue Mar 12 2024 22:03:12 GMT+0700 (Indochina Time) : INFO : get product by id 1 was success
Tue Mar 12 2024 22:03:12 GMT+0700 (Indochina Time) : INFO : get journals success
Tue Mar 12 2024 22:03:12 GMT+0700 (Indochina Time) : INFO : get branchs success
Tue Mar 12 2024 22:03:12 GMT+0700 (Indochina Time) : INFO : get journals by branch id 2 was success
Tue Mar 12 2024 22:03:12 GMT+0700 (Indochina Time) : INFO : get branchs by Geolocation success
Tue Mar 12 2024 22:04:34 GMT+0700 (Indochina Time) : INFO : get transactions success
Tue Mar 12 2024 22:04:34 GMT+0700 (Indochina Time) : INFO : get transaction with id GRC-zRzh-jiO was success
Tue Mar 12 2024 22:04:34 GMT+0700 (Indochina Time) : INFO : get transaction with date 12-12-2023 was success
Tue Mar 12 2024 22:04:34 GMT+0700 (Indochina Time) : INFO : update transaction payment proof success with transaction id GRC-zRzh-jiO
Tue Mar 12 2024 22:04:34 GMT+0700 (Indochina Time) : INFO : update status by midtrans success with transactionId GRC-zRzh-jiO
Tue Mar 12 2024 22:04:35 GMT+0700 (Indochina Time) : ERROR : transaction with id GRC-zRzh-jiO not found
Tue Mar 12 2024 22:04:35 GMT+0700 (Indochina Time) : INFO : update transaction payment proof success with transaction id GRC-zRzh-jiO
Tue Mar 12 2024 22:04:35 GMT+0700 (Indochina Time) : INFO : get transaction by branch id 2 was success
Tue Mar 12 2024 22:04:35 GMT+0700 (Indochina Time) : INFO : update status by midtrans success with transactionId GRC-zRzh-jiO
Tue Mar 12 2024 22:04:36 GMT+0700 (Indochina Time) : INFO : get journals by branch id 2 was success
Tue Mar 12 2024 22:04:36 GMT+0700 (Indochina Time) : INFO : get branchs by Geolocation success
Tue Mar 12 2024 22:04:36 GMT+0700 (Indochina Time) : INFO : get journals success
Tue Mar 12 2024 22:04:36 GMT+0700 (Indochina Time) : INFO : get product by id 1 was success
Tue Mar 12 2024 22:04:37 GMT+0700 (Indochina Time) : INFO : get branchs success
Tue Mar 12 2024 22:06:23 GMT+0700 (Indochina Time) : INFO : update transaction payment proof success with transaction id GRC-zRzh-jiO
Tue Mar 12 2024 22:06:23 GMT+0700 (Indochina Time) : INFO : get transaction with date 12-12-2023 was success
Tue Mar 12 2024 22:06:23 GMT+0700 (Indochina Time) : INFO : get transactions success
Tue Mar 12 2024 22:06:23 GMT+0700 (Indochina Time) : ERROR : transaction with id GRC-zRzh-jiO not found
Tue Mar 12 2024 22:06:23 GMT+0700 (Indochina Time) : INFO : get transaction with id GRC-zRzh-jiO was success
Tue Mar 12 2024 22:06:23 GMT+0700 (Indochina Time) : INFO : update status by midtrans success with transactionId GRC-zRzh-jiO
Tue Mar 12 2024 22:06:24 GMT+0700 (Indochina Time) : INFO : update status by midtrans success with transactionId GRC-zRzh-jiO
Tue Mar 12 2024 22:06:25 GMT+0700 (Indochina Time) : INFO : get transaction by branch id 2 was success
Tue Mar 12 2024 22:06:25 GMT+0700 (Indochina Time) : INFO : get journals success
Tue Mar 12 2024 22:06:25 GMT+0700 (Indochina Time) : INFO : get branchs success
Tue Mar 12 2024 22:06:25 GMT+0700 (Indochina Time) : INFO : get branchs by Geolocation success
Tue Mar 12 2024 22:06:25 GMT+0700 (Indochina Time) : INFO : get product by id 1 was success
Tue Mar 12 2024 22:06:25 GMT+0700 (Indochina Time) : INFO : get journals by branch id 2 was success
Tue Mar 12 2024 22:29:25 GMT+0700 (Indochina Time) : INFO : update transaction payment proof success with transaction id GRC-zRzh-jiO
Tue Mar 12 2024 22:29:25 GMT+0700 (Indochina Time) : INFO : update status by midtrans success with transactionId GRC-zRzh-jiO
Tue Mar 12 2024 22:29:25 GMT+0700 (Indochina Time) : INFO : get transaction with date 12-12-2023 was success
Tue Mar 12 2024 22:29:25 GMT+0700 (Indochina Time) : ERROR : transaction with id GRC-zRzh-jiO not found
Tue Mar 12 2024 22:29:25 GMT+0700 (Indochina Time) : INFO : get transaction with id GRC-zRzh-jiO was success
Tue Mar 12 2024 22:29:26 GMT+0700 (Indochina Time) : INFO : update status by midtrans success with transactionId GRC-zRzh-jiO
Tue Mar 12 2024 22:29:26 GMT+0700 (Indochina Time) : INFO : get transactions success
Tue Mar 12 2024 22:29:27 GMT+0700 (Indochina Time) : INFO : get transaction by branch id 2 was success
Tue Mar 12 2024 22:29:27 GMT+0700 (Indochina Time) : INFO : get journals success
Tue Mar 12 2024 22:29:27 GMT+0700 (Indochina Time) : INFO : get journals by branch id 2 was success
Tue Mar 12 2024 22:29:27 GMT+0700 (Indochina Time) : INFO : get branchs success
Tue Mar 12 2024 22:29:28 GMT+0700 (Indochina Time) : INFO : get branchs by Geolocation success
Tue Mar 12 2024 22:29:28 GMT+0700 (Indochina Time) : INFO : get product by id 1 was success
Tue Mar 12 2024 22:29:28 GMT+0700 (Indochina Time) : INFO : update transaction status with id GRC-zRzh-jiO was success
Tue Mar 12 2024 22:29:28 GMT+0700 (Indochina Time) : ERROR : transaction with id GRC-zRzh-jiO not found
Tue Mar 12 2024 22:53:46 GMT+0700 (Indochina Time) : INFO : get transaction with id GRC-zRzh-jiO was success
Tue Mar 12 2024 22:53:46 GMT+0700 (Indochina Time) : INFO : update transaction payment proof success with transaction id GRC-zRzh-jiO
Tue Mar 12 2024 22:53:46 GMT+0700 (Indochina Time) : INFO : update status by midtrans success with transactionId GRC-zRzh-jiO
Tue Mar 12 2024 22:53:46 GMT+0700 (Indochina Time) : INFO : get transaction with date 12-12-2023 was success
Tue Mar 12 2024 22:53:47 GMT+0700 (Indochina Time) : INFO : get transactions success
Tue Mar 12 2024 22:53:47 GMT+0700 (Indochina Time) : ERROR : transaction with id GRC-zRzh-jiO not found
Tue Mar 12 2024 22:53:47 GMT+0700 (Indochina Time) : INFO : update status by midtrans success with transactionId GRC-zRzh-jiO
Tue Mar 12 2024 22:53:48 GMT+0700 (Indochina Time) : INFO : get transaction by branch id 2 was success
Tue Mar 12 2024 22:53:49 GMT+0700 (Indochina Time) : INFO : get journals by branch id 2 was success
Tue Mar 12 2024 22:53:49 GMT+0700 (Indochina Time) : INFO : get branchs by Geolocation success
Tue Mar 12 2024 22:53:49 GMT+0700 (Indochina Time) : INFO : get journals success
Tue Mar 12 2024 22:53:49 GMT+0700 (Indochina Time) : INFO : get product by id 1 was success
Tue Mar 12 2024 22:53:49 GMT+0700 (Indochina Time) : INFO : get branchs success
Tue Mar 12 2024 22:53:50 GMT+0700 (Indochina Time) : ERROR : transaction with id GRC-zRzh-jiO not found
Tue Mar 12 2024 22:53:50 GMT+0700 (Indochina Time) : INFO : update transaction status with id GRC-zRzh-jiO was success
Tue Mar 12 2024 22:53:50 GMT+0700 (Indochina Time) : INFO : update transaction status with id GRC-zRzh-jiO was success
Tue Mar 12 2024 22:53:50 GMT+0700 (Indochina Time) : INFO : update transaction status with id GRC-zRzh-jiO was success
Tue Mar 12 2024 22:53:50 GMT+0700 (Indochina Time) : INFO : update transaction status with id GRC-zRzh-jiO was success
Tue Mar 12 2024 22:53:50 GMT+0700 (Indochina Time) : INFO : update transaction status with id GRC-zRzh-jiO was success
Tue Mar 12 2024 23:01:19 GMT+0700 (Indochina Time) : INFO : get transaction with date 12-12-2023 was success
Tue Mar 12 2024 23:01:19 GMT+0700 (Indochina Time) : INFO : update transaction payment proof success with transaction id GRC-zRzh-jiO
Tue Mar 12 2024 23:01:19 GMT+0700 (Indochina Time) : INFO : get transactions success
Tue Mar 12 2024 23:01:19 GMT+0700 (Indochina Time) : INFO : get transaction with id GRC-zRzh-jiO was success
Tue Mar 12 2024 23:01:19 GMT+0700 (Indochina Time) : INFO : update status by midtrans success with transactionId GRC-zRzh-jiO
Tue Mar 12 2024 23:01:20 GMT+0700 (Indochina Time) : ERROR : transaction with id GRC-zRzh-jiO not found
Tue Mar 12 2024 23:01:20 GMT+0700 (Indochina Time) : INFO : update status by midtrans success with transactionId GRC-zRzh-jiO
Tue Mar 12 2024 23:01:21 GMT+0700 (Indochina Time) : INFO : get transaction by branch id 2 was success
Tue Mar 12 2024 23:01:22 GMT+0700 (Indochina Time) : INFO : get branchs success
Tue Mar 12 2024 23:01:22 GMT+0700 (Indochina Time) : INFO : get journals by branch id 2 was success
Tue Mar 12 2024 23:01:22 GMT+0700 (Indochina Time) : INFO : get journals success
Tue Mar 12 2024 23:01:22 GMT+0700 (Indochina Time) : INFO : get product by id 1 was success
Tue Mar 12 2024 23:01:22 GMT+0700 (Indochina Time) : INFO : get branchs by Geolocation success
Tue Mar 12 2024 23:01:22 GMT+0700 (Indochina Time) : ERROR : transaction with id GRC-zRzh-jiO not found
Tue Mar 12 2024 23:01:22 GMT+0700 (Indochina Time) : ERROR : update transaction with GRC-zRzh-jiO failed
Tue Mar 12 2024 23:01:22 GMT+0700 (Indochina Time) : INFO : update transaction status with id GRC-zRzh-jiO was success
Tue Mar 12 2024 23:01:22 GMT+0700 (Indochina Time) : INFO : update transaction status with id GRC-zRzh-jiO was success
Tue Mar 12 2024 23:01:22 GMT+0700 (Indochina Time) : INFO : update transaction status with id GRC-zRzh-jiO was success
Tue Mar 12 2024 23:01:22 GMT+0700 (Indochina Time) : INFO : update transaction status with id GRC-zRzh-jiO was success
Tue Mar 12 2024 23:01:22 GMT+0700 (Indochina Time) : INFO : update transaction status with id GRC-zRzh-jiO was success
Tue Mar 12 2024 23:05:36 GMT+0700 (Indochina Time) : INFO : update transaction payment proof success with transaction id GRC-zRzh-jiO
Tue Mar 12 2024 23:05:36 GMT+0700 (Indochina Time) : INFO : get transaction with id GRC-zRzh-jiO was success
Tue Mar 12 2024 23:05:36 GMT+0700 (Indochina Time) : INFO : update status by midtrans success with transactionId GRC-zRzh-jiO
Tue Mar 12 2024 23:05:36 GMT+0700 (Indochina Time) : INFO : get transactions success
Tue Mar 12 2024 23:05:36 GMT+0700 (Indochina Time) : INFO : get transaction with date 12-12-2023 was success
Tue Mar 12 2024 23:05:36 GMT+0700 (Indochina Time) : ERROR : transaction with id GRC-zRzh-jiO not found
Tue Mar 12 2024 23:05:37 GMT+0700 (Indochina Time) : INFO : update status by midtrans success with transactionId GRC-zRzh-jiO
Tue Mar 12 2024 23:05:38 GMT+0700 (Indochina Time) : INFO : get transaction by branch id 2 was success
Tue Mar 12 2024 23:05:38 GMT+0700 (Indochina Time) : INFO : get branchs success
Tue Mar 12 2024 23:05:39 GMT+0700 (Indochina Time) : INFO : get branchs by Geolocation success
Tue Mar 12 2024 23:05:39 GMT+0700 (Indochina Time) : INFO : get journals by branch id 2 was success
Tue Mar 12 2024 23:05:39 GMT+0700 (Indochina Time) : INFO : get journals success
Tue Mar 12 2024 23:05:39 GMT+0700 (Indochina Time) : INFO : get product by id 1 was success
Tue Mar 12 2024 23:05:39 GMT+0700 (Indochina Time) : ERROR : transaction with id GRC-zRzh-jiO not found
Tue Mar 12 2024 23:05:39 GMT+0700 (Indochina Time) : ERROR : update transaction with GRC-zRzh-jiO failed
Tue Mar 12 2024 23:05:39 GMT+0700 (Indochina Time) : INFO : update transaction status with id GRC-zRzh-jiO was success
Tue Mar 12 2024 23:05:39 GMT+0700 (Indochina Time) : INFO : update transaction status with id GRC-zRzh-jiO was success
Tue Mar 12 2024 23:05:39 GMT+0700 (Indochina Time) : INFO : update transaction status with id GRC-zRzh-jiO was success
Tue Mar 12 2024 23:05:39 GMT+0700 (Indochina Time) : INFO : update transaction status with id GRC-zRzh-jiO was success
Tue Mar 12 2024 23:05:39 GMT+0700 (Indochina Time) : ERROR : transaction with id GRC-zRzh-jiO not found
Tue Mar 12 2024 23:05:39 GMT+0700 (Indochina Time) : INFO : update transaction status with id GRC-zRzh-jiO was success
Tue Mar 12 2024 23:07:30 GMT+0700 (Indochina Time) : INFO : get transaction with id GRC-zRzh-jiO was success
Tue Mar 12 2024 23:07:30 GMT+0700 (Indochina Time) : INFO : update transaction payment proof success with transaction id GRC-zRzh-jiO
Tue Mar 12 2024 23:07:30 GMT+0700 (Indochina Time) : INFO : get transactions success
Tue Mar 12 2024 23:07:31 GMT+0700 (Indochina Time) : INFO : update status by midtrans success with transactionId GRC-zRzh-jiO
Tue Mar 12 2024 23:07:31 GMT+0700 (Indochina Time) : INFO : get transaction with date 12-12-2023 was success
Tue Mar 12 2024 23:07:31 GMT+0700 (Indochina Time) : ERROR : transaction with id GRC-zRzh-jiO not found
Tue Mar 12 2024 23:07:32 GMT+0700 (Indochina Time) : INFO : update status by midtrans success with transactionId GRC-zRzh-jiO
Tue Mar 12 2024 23:07:32 GMT+0700 (Indochina Time) : INFO : get transaction by branch id 2 was success
Tue Mar 12 2024 23:07:33 GMT+0700 (Indochina Time) : INFO : get branchs by Geolocation success
Tue Mar 12 2024 23:07:33 GMT+0700 (Indochina Time) : INFO : get journals by branch id 2 was success
Tue Mar 12 2024 23:07:33 GMT+0700 (Indochina Time) : INFO : get journals success
Tue Mar 12 2024 23:07:33 GMT+0700 (Indochina Time) : INFO : get product by id 1 was success
Tue Mar 12 2024 23:07:33 GMT+0700 (Indochina Time) : INFO : get branchs success
Tue Mar 12 2024 23:07:34 GMT+0700 (Indochina Time) : ERROR : transaction with id GRC-zRzh-jiO not found
Tue Mar 12 2024 23:07:34 GMT+0700 (Indochina Time) : ERROR : update transaction with GRC-zRzh-jiO failed
Tue Mar 12 2024 23:07:34 GMT+0700 (Indochina Time) : INFO : update transaction status with id GRC-zRzh-jiO was success
Tue Mar 12 2024 23:07:34 GMT+0700 (Indochina Time) : INFO : update transaction status with id GRC-zRzh-jiO was success
Tue Mar 12 2024 23:07:34 GMT+0700 (Indochina Time) : INFO : update transaction status with id GRC-zRzh-jiO was success
Tue Mar 12 2024 23:07:34 GMT+0700 (Indochina Time) : INFO : update transaction status with id GRC-zRzh-jiO was success
Tue Mar 12 2024 23:07:34 GMT+0700 (Indochina Time) : ERROR : transaction with id GRC-zRzh-jiO not found
Tue Mar 12 2024 23:07:34 GMT+0700 (Indochina Time) : INFO : update transaction status with id GRC-zRzh-jiO was success
Tue Mar 12 2024 23:09:33 GMT+0700 (Indochina Time) : INFO : update transaction payment proof success with transaction id GRC-zRzh-jiO
Tue Mar 12 2024 23:09:34 GMT+0700 (Indochina Time) : INFO : get transactions success
Tue Mar 12 2024 23:09:34 GMT+0700 (Indochina Time) : INFO : update status by midtrans success with transactionId GRC-zRzh-jiO
Tue Mar 12 2024 23:09:34 GMT+0700 (Indochina Time) : INFO : get transaction with date 12-12-2023 was success
Tue Mar 12 2024 23:09:34 GMT+0700 (Indochina Time) : INFO : get transaction with id GRC-zRzh-jiO was success
Tue Mar 12 2024 23:09:34 GMT+0700 (Indochina Time) : INFO : get transaction by branch id 2 was success
Tue Mar 12 2024 23:09:34 GMT+0700 (Indochina Time) : ERROR : transaction with id GRC-zRzh-jiO not found
Tue Mar 12 2024 23:09:35 GMT+0700 (Indochina Time) : INFO : update status by midtrans success with transactionId GRC-zRzh-jiO
Tue Mar 12 2024 23:09:36 GMT+0700 (Indochina Time) : INFO : get branchs success
Tue Mar 12 2024 23:09:36 GMT+0700 (Indochina Time) : INFO : get branchs by Geolocation success
Tue Mar 12 2024 23:09:36 GMT+0700 (Indochina Time) : INFO : get journals success
Tue Mar 12 2024 23:09:36 GMT+0700 (Indochina Time) : INFO : get product by id 1 was success
Tue Mar 12 2024 23:09:36 GMT+0700 (Indochina Time) : ERROR : transaction with id GRC-zRzh-jiO not found
Tue Mar 12 2024 23:09:37 GMT+0700 (Indochina Time) : ERROR : update transaction with GRC-zRzh-jiO failed
Tue Mar 12 2024 23:09:37 GMT+0700 (Indochina Time) : INFO : update transaction status with id GRC-zRzh-jiO was success
Tue Mar 12 2024 23:09:37 GMT+0700 (Indochina Time) : INFO : update transaction status with id GRC-zRzh-jiO was success
Tue Mar 12 2024 23:09:37 GMT+0700 (Indochina Time) : INFO : get journals by branch id 2 was success
Tue Mar 12 2024 23:09:37 GMT+0700 (Indochina Time) : INFO : update transaction status with id GRC-zRzh-jiO was success
Tue Mar 12 2024 23:09:37 GMT+0700 (Indochina Time) : INFO : update transaction status with id GRC-zRzh-jiO was success
Tue Mar 12 2024 23:09:37 GMT+0700 (Indochina Time) : ERROR : transaction with id GRC-zRzh-jiO not found
Tue Mar 12 2024 23:09:37 GMT+0700 (Indochina Time) : INFO : update transaction status with id GRC-zRzh-jiO was success
Tue Mar 12 2024 23:13:48 GMT+0700 (Indochina Time) : INFO : update transaction payment proof success with transaction id GRC-zRzh-jiO
Tue Mar 12 2024 23:13:48 GMT+0700 (Indochina Time) : INFO : get transactions success
Tue Mar 12 2024 23:13:48 GMT+0700 (Indochina Time) : INFO : get transaction with id GRC-zRzh-jiO was success
Tue Mar 12 2024 23:13:48 GMT+0700 (Indochina Time) : INFO : get transaction with date 12-12-2023 was success
Tue Mar 12 2024 23:13:48 GMT+0700 (Indochina Time) : INFO : update status by midtrans success with transactionId GRC-zRzh-jiO
Tue Mar 12 2024 23:13:48 GMT+0700 (Indochina Time) : ERROR : transaction with id GRC-zRzh-jiO not found
Tue Mar 12 2024 23:13:49 GMT+0700 (Indochina Time) : INFO : update status by midtrans success with transactionId GRC-zRzh-jiO
Tue Mar 12 2024 23:13:49 GMT+0700 (Indochina Time) : INFO : get transaction by branch id 2 was success
Tue Mar 12 2024 23:13:50 GMT+0700 (Indochina Time) : INFO : get branchs success
Tue Mar 12 2024 23:13:50 GMT+0700 (Indochina Time) : INFO : get journals by branch id 2 was success
Tue Mar 12 2024 23:13:50 GMT+0700 (Indochina Time) : INFO : get journals success
Tue Mar 12 2024 23:13:50 GMT+0700 (Indochina Time) : INFO : get product by id 1 was success
Tue Mar 12 2024 23:13:51 GMT+0700 (Indochina Time) : INFO : get branchs by Geolocation success
Tue Mar 12 2024 23:13:51 GMT+0700 (Indochina Time) : ERROR : transaction with id GRC-zRzh-jiO not found
Tue Mar 12 2024 23:13:51 GMT+0700 (Indochina Time) : ERROR : update transaction with GRC-zRzh-jiO failed
Tue Mar 12 2024 23:13:51 GMT+0700 (Indochina Time) : INFO : update transaction status with id GRC-zRzh-jiO was success
Tue Mar 12 2024 23:13:51 GMT+0700 (Indochina Time) : INFO : update transaction status with id GRC-zRzh-jiO was success
Tue Mar 12 2024 23:13:51 GMT+0700 (Indochina Time) : INFO : update transaction status with id GRC-zRzh-jiO was success
Tue Mar 12 2024 23:13:51 GMT+0700 (Indochina Time) : INFO : update transaction status with id GRC-zRzh-jiO was success
Tue Mar 12 2024 23:13:51 GMT+0700 (Indochina Time) : ERROR : transaction with id GRC-zRzh-jiO not found
Tue Mar 12 2024 23:13:51 GMT+0700 (Indochina Time) : INFO : update transaction status with id GRC-zRzh-jiO was success
Tue Mar 12 2024 23:13:51 GMT+0700 (Indochina Time) : INFO : update transaction status with id GRC-zRzh-jiO was success
Tue Mar 12 2024 23:16:38 GMT+0700 (Indochina Time) : INFO : update status by midtrans success with transactionId GRC-zRzh-jiO
Tue Mar 12 2024 23:16:38 GMT+0700 (Indochina Time) : ERROR : transaction with id GRC-zRzh-jiO not found
Tue Mar 12 2024 23:16:38 GMT+0700 (Indochina Time) : INFO : get transactions success
Tue Mar 12 2024 23:16:38 GMT+0700 (Indochina Time) : INFO : get transaction with date 12-12-2023 was success
Tue Mar 12 2024 23:16:38 GMT+0700 (Indochina Time) : INFO : get transaction with id GRC-zRzh-jiO was success
Tue Mar 12 2024 23:16:39 GMT+0700 (Indochina Time) : INFO : update status by midtrans success with transactionId GRC-zRzh-jiO
Tue Mar 12 2024 23:16:39 GMT+0700 (Indochina Time) : ERROR : update transaction with GRC-zRzh-jiO failed
Tue Mar 12 2024 23:16:39 GMT+0700 (Indochina Time) : INFO : update transaction status with id GRC-zRzh-jiO was success
Tue Mar 12 2024 23:16:39 GMT+0700 (Indochina Time) : INFO : update transaction status with id GRC-zRzh-jiO was success
Tue Mar 12 2024 23:16:39 GMT+0700 (Indochina Time) : INFO : update transaction payment proof success with transaction id GRC-zRzh-jiO
Tue Mar 12 2024 23:16:39 GMT+0700 (Indochina Time) : INFO : update transaction status with id GRC-zRzh-jiO was success
Tue Mar 12 2024 23:16:39 GMT+0700 (Indochina Time) : INFO : update transaction status with id GRC-zRzh-jiO was success
Tue Mar 12 2024 23:16:39 GMT+0700 (Indochina Time) : INFO : update transaction status with id GRC-zRzh-jiO was success
Tue Mar 12 2024 23:16:39 GMT+0700 (Indochina Time) : ERROR : transaction with id GRC-zRzh-jiO not found
Tue Mar 12 2024 23:16:40 GMT+0700 (Indochina Time) : INFO : get transaction by branch id 2 was success
Tue Mar 12 2024 23:16:40 GMT+0700 (Indochina Time) : INFO : get branchs by Geolocation success
Tue Mar 12 2024 23:16:40 GMT+0700 (Indochina Time) : INFO : get journals by branch id 2 was success
Tue Mar 12 2024 23:16:40 GMT+0700 (Indochina Time) : INFO : get journals success
Tue Mar 12 2024 23:16:40 GMT+0700 (Indochina Time) : INFO : get branchs success
Tue Mar 12 2024 23:16:41 GMT+0700 (Indochina Time) : INFO : get product by id 1 was success
