Sun Mar 17 2024 10:00:19 GMT+0700 (Indochina Time) : ERROR : admin132 invalid
Sun Mar 17 2024 10:00:22 GMT+0700 (Indochina Time) : INFO : login success with usernameOrEmail suyantolearn09@gmail.com
Sun Mar 17 2024 10:00:23 GMT+0700 (Indochina Time) : INFO : keep login with email suyantolearn09@gmail.com success
Sun Mar 17 2024 10:00:23 GMT+0700 (Indochina Time) : INFO : keep login with email suyantolearn09@gmail.com success
Sun Mar 17 2024 10:00:37 GMT+0700 (Indochina Time) : INFO : keep login with email suyantolearn09@gmail.com success
Sun Mar 17 2024 10:00:37 GMT+0700 (Indochina Time) : INFO : get product by id 1 was success
Sun Mar 17 2024 10:00:37 GMT+0700 (Indochina Time) : INFO : keep login with email suyantolearn09@gmail.com success
Sun Mar 17 2024 10:00:37 GMT+0700 (Indochina Time) : INFO : get product by id 1 was success
Sun Mar 17 2024 10:00:37 GMT+0700 (Indochina Time) : INFO : keep login with email suyantolearn09@gmail.com success
Sun Mar 17 2024 10:00:44 GMT+0700 (Indochina Time) : INFO : get product by id 5 was success
Sun Mar 17 2024 10:00:44 GMT+0700 (Indochina Time) : INFO : keep login with email suyantolearn09@gmail.com success
Sun Mar 17 2024 10:00:44 GMT+0700 (Indochina Time) : INFO : get product by id 5 was success
Sun Mar 17 2024 10:00:44 GMT+0700 (Indochina Time) : INFO : keep login with email suyantolearn09@gmail.com success
Sun Mar 17 2024 10:00:44 GMT+0700 (Indochina Time) : INFO : keep login with email suyantolearn09@gmail.com success
Sun Mar 17 2024 10:00:49 GMT+0700 (Indochina Time) : INFO : keep login with email suyantolearn09@gmail.com success
Sun Mar 17 2024 10:00:49 GMT+0700 (Indochina Time) : INFO : get product by id 12 was success
Sun Mar 17 2024 10:00:49 GMT+0700 (Indochina Time) : INFO : keep login with email suyantolearn09@gmail.com success
Sun Mar 17 2024 10:00:49 GMT+0700 (Indochina Time) : INFO : get product by id 12 was success
Sun Mar 17 2024 10:00:49 GMT+0700 (Indochina Time) : INFO : keep login with email suyantolearn09@gmail.com success
Sun Mar 17 2024 10:49:00 GMT+0700 (Indochina Time) : INFO : keep login with email suyantolearn09@gmail.com success
Sun Mar 17 2024 10:49:00 GMT+0700 (Indochina Time) : INFO : get product by id 12 was success
Sun Mar 17 2024 10:49:00 GMT+0700 (Indochina Time) : INFO : keep login with email suyantolearn09@gmail.com success
Sun Mar 17 2024 10:49:00 GMT+0700 (Indochina Time) : INFO : get product by id 12 was success
Sun Mar 17 2024 10:49:00 GMT+0700 (Indochina Time) : INFO : keep login with email suyantolearn09@gmail.com success
Sun Mar 17 2024 10:49:10 GMT+0700 (Indochina Time) : INFO : keep login with email suyantolearn09@gmail.com success
Sun Mar 17 2024 10:49:10 GMT+0700 (Indochina Time) : INFO : keep login with email suyantolearn09@gmail.com success
Sun Mar 17 2024 10:49:14 GMT+0700 (Indochina Time) : INFO : keep login with email suyantolearn09@gmail.com success
Sun Mar 17 2024 10:49:14 GMT+0700 (Indochina Time) : INFO : get customer by id 2 was success
Sun Mar 17 2024 10:49:14 GMT+0700 (Indochina Time) : INFO : keep login with email suyantolearn09@gmail.com success
Sun Mar 17 2024 10:49:14 GMT+0700 (Indochina Time) : INFO : get customer by id 2 was success
Sun Mar 17 2024 10:49:15 GMT+0700 (Indochina Time) : INFO : get branchs by Geolocation success
Sun Mar 17 2024 10:49:21 GMT+0700 (Indochina Time) : INFO : create transaction with id GRC-mHPF-Whp was success
Sun Mar 17 2024 10:49:25 GMT+0700 (Indochina Time) : INFO : get transaction with id GRC-mHPF-Whp was success
Sun Mar 17 2024 10:49:25 GMT+0700 (Indochina Time) : INFO : keep login with email suyantolearn09@gmail.com success
Sun Mar 17 2024 10:49:25 GMT+0700 (Indochina Time) : INFO : get transaction with id GRC-mHPF-Whp was success
Sun Mar 17 2024 10:49:25 GMT+0700 (Indochina Time) : INFO : keep login with email suyantolearn09@gmail.com success
Sun Mar 17 2024 10:57:05 GMT+0700 (Indochina Time) : INFO : keep login with email suyantolearn09@gmail.com success
Sun Mar 17 2024 10:57:05 GMT+0700 (Indochina Time) : INFO : get customer by id 2 was success
Sun Mar 17 2024 10:57:05 GMT+0700 (Indochina Time) : INFO : keep login with email suyantolearn09@gmail.com success
Sun Mar 17 2024 10:57:05 GMT+0700 (Indochina Time) : INFO : get customer by id 2 was success
Sun Mar 17 2024 10:57:05 GMT+0700 (Indochina Time) : INFO : keep login with email suyantolearn09@gmail.com success
Sun Mar 17 2024 10:57:05 GMT+0700 (Indochina Time) : INFO : keep login with email suyantolearn09@gmail.com success
Sun Mar 17 2024 10:57:20 GMT+0700 (Indochina Time) : INFO : keep login with email suyantolearn09@gmail.com success
Sun Mar 17 2024 10:57:20 GMT+0700 (Indochina Time) : INFO : get product by id 1 was success
Sun Mar 17 2024 10:57:20 GMT+0700 (Indochina Time) : INFO : keep login with email suyantolearn09@gmail.com success
Sun Mar 17 2024 10:57:20 GMT+0700 (Indochina Time) : INFO : get product by id 1 was success
Sun Mar 17 2024 10:57:20 GMT+0700 (Indochina Time) : INFO : keep login with email suyantolearn09@gmail.com success
Sun Mar 17 2024 10:57:25 GMT+0700 (Indochina Time) : INFO : keep login with email suyantolearn09@gmail.com success
Sun Mar 17 2024 10:57:25 GMT+0700 (Indochina Time) : INFO : keep login with email suyantolearn09@gmail.com success
Sun Mar 17 2024 10:57:27 GMT+0700 (Indochina Time) : INFO : keep login with email suyantolearn09@gmail.com success
Sun Mar 17 2024 10:57:27 GMT+0700 (Indochina Time) : INFO : get customer by id 2 was success
Sun Mar 17 2024 10:57:27 GMT+0700 (Indochina Time) : INFO : keep login with email suyantolearn09@gmail.com success
Sun Mar 17 2024 10:57:27 GMT+0700 (Indochina Time) : INFO : get customer by id 2 was success
Sun Mar 17 2024 10:57:29 GMT+0700 (Indochina Time) : INFO : get branchs by Geolocation success
Sun Mar 17 2024 10:58:08 GMT+0700 (Indochina Time) : INFO : create transaction with id GRC-PmsU-2_d was success
Sun Mar 17 2024 10:58:09 GMT+0700 (Indochina Time) : INFO : get transaction with id GRC-PmsU-2_d was success
Sun Mar 17 2024 10:58:09 GMT+0700 (Indochina Time) : INFO : get transaction with id GRC-PmsU-2_d was success
Sun Mar 17 2024 10:58:09 GMT+0700 (Indochina Time) : INFO : keep login with email suyantolearn09@gmail.com success
Sun Mar 17 2024 10:58:09 GMT+0700 (Indochina Time) : INFO : keep login with email suyantolearn09@gmail.com success
Sun Mar 17 2024 11:11:49 GMT+0700 (Indochina Time) : INFO : get customer by id 2 was success
Sun Mar 17 2024 11:11:49 GMT+0700 (Indochina Time) : INFO : get customer by id 2 was success
Sun Mar 17 2024 11:11:55 GMT+0700 (Indochina Time) : INFO : get product by id 1 was success
Sun Mar 17 2024 11:11:55 GMT+0700 (Indochina Time) : INFO : get product by id 1 was success
Sun Mar 17 2024 11:12:05 GMT+0700 (Indochina Time) : INFO : get product by id 2 was success
Sun Mar 17 2024 11:12:05 GMT+0700 (Indochina Time) : INFO : get product by id 2 was success
Sun Mar 17 2024 11:12:19 GMT+0700 (Indochina Time) : INFO : get product by id 11 was success
Sun Mar 17 2024 11:12:19 GMT+0700 (Indochina Time) : INFO : get product by id 11 was success
Sun Mar 17 2024 11:12:40 GMT+0700 (Indochina Time) : INFO : get product by id 11 was success
Sun Mar 17 2024 11:12:40 GMT+0700 (Indochina Time) : INFO : get product by id 11 was success
Sun Mar 17 2024 11:12:48 GMT+0700 (Indochina Time) : INFO : get product by id 4 was success
Sun Mar 17 2024 11:12:48 GMT+0700 (Indochina Time) : INFO : get product by id 4 was success
Sun Mar 17 2024 11:13:03 GMT+0700 (Indochina Time) : INFO : login success with usernameOrEmail suyantolearn09@gmail.com
Sun Mar 17 2024 11:13:04 GMT+0700 (Indochina Time) : INFO : keep login with email suyantolearn09@gmail.com success
Sun Mar 17 2024 11:13:04 GMT+0700 (Indochina Time) : INFO : keep login with email suyantolearn09@gmail.com success
Sun Mar 17 2024 11:13:07 GMT+0700 (Indochina Time) : INFO : keep login with email suyantolearn09@gmail.com success
Sun Mar 17 2024 11:13:07 GMT+0700 (Indochina Time) : INFO : keep login with email suyantolearn09@gmail.com success
Sun Mar 17 2024 11:13:07 GMT+0700 (Indochina Time) : INFO : get product by id 1 was success
Sun Mar 17 2024 11:13:07 GMT+0700 (Indochina Time) : INFO : get product by id 1 was success
Sun Mar 17 2024 11:13:07 GMT+0700 (Indochina Time) : INFO : keep login with email suyantolearn09@gmail.com success
Sun Mar 17 2024 11:13:11 GMT+0700 (Indochina Time) : INFO : get product by id 11 was success
Sun Mar 17 2024 11:13:11 GMT+0700 (Indochina Time) : INFO : get product by id 11 was success
Sun Mar 17 2024 11:13:11 GMT+0700 (Indochina Time) : INFO : keep login with email suyantolearn09@gmail.com success
Sun Mar 17 2024 11:13:11 GMT+0700 (Indochina Time) : INFO : keep login with email suyantolearn09@gmail.com success
Sun Mar 17 2024 11:13:11 GMT+0700 (Indochina Time) : INFO : keep login with email suyantolearn09@gmail.com success
Sun Mar 17 2024 11:13:15 GMT+0700 (Indochina Time) : INFO : keep login with email suyantolearn09@gmail.com success
Sun Mar 17 2024 11:13:15 GMT+0700 (Indochina Time) : INFO : keep login with email suyantolearn09@gmail.com success
Sun Mar 17 2024 11:13:19 GMT+0700 (Indochina Time) : INFO : get customer by id 2 was success
Sun Mar 17 2024 11:13:19 GMT+0700 (Indochina Time) : INFO : get customer by id 2 was success
Sun Mar 17 2024 11:13:19 GMT+0700 (Indochina Time) : INFO : keep login with email suyantolearn09@gmail.com success
Sun Mar 17 2024 11:13:19 GMT+0700 (Indochina Time) : INFO : keep login with email suyantolearn09@gmail.com success
Sun Mar 17 2024 11:13:20 GMT+0700 (Indochina Time) : INFO : get branchs by Geolocation success
Sun Mar 17 2024 11:13:26 GMT+0700 (Indochina Time) : INFO : create transaction with id GRC-HVDn-dsz was success
Sun Mar 17 2024 11:13:26 GMT+0700 (Indochina Time) : INFO : get transaction with id GRC-HVDn-dsz was success
Sun Mar 17 2024 11:13:26 GMT+0700 (Indochina Time) : INFO : keep login with email suyantolearn09@gmail.com success
Sun Mar 17 2024 11:13:26 GMT+0700 (Indochina Time) : INFO : get transaction with id GRC-HVDn-dsz was success
Sun Mar 17 2024 11:13:26 GMT+0700 (Indochina Time) : INFO : keep login with email suyantolearn09@gmail.com success
Sun Mar 17 2024 15:26:32 GMT+0700 (Indochina Time) : INFO : login success with usernameOrEmail suyantolearn09@gmail.com
Sun Mar 17 2024 15:26:38 GMT+0700 (Indochina Time) : INFO : keep login with email suyantolearn09@gmail.com success
Sun Mar 17 2024 15:26:38 GMT+0700 (Indochina Time) : INFO : keep login with email suyantolearn09@gmail.com success
Sun Mar 17 2024 21:31:44 GMT+0700 (Indochina Time) : INFO : login success with usernameOrEmail suyantolearn09@gmail.com
Sun Mar 17 2024 21:31:49 GMT+0700 (Indochina Time) : INFO : keep login with email suyantolearn09@gmail.com success
Sun Mar 17 2024 21:31:49 GMT+0700 (Indochina Time) : INFO : keep login with email suyantolearn09@gmail.com success
Sun Mar 17 2024 21:31:58 GMT+0700 (Indochina Time) : INFO : get product by id 10 was success
Sun Mar 17 2024 21:31:58 GMT+0700 (Indochina Time) : INFO : keep login with email suyantolearn09@gmail.com success
Sun Mar 17 2024 21:31:58 GMT+0700 (Indochina Time) : INFO : keep login with email suyantolearn09@gmail.com success
Sun Mar 17 2024 21:31:58 GMT+0700 (Indochina Time) : INFO : get product by id 10 was success
Sun Mar 17 2024 21:31:58 GMT+0700 (Indochina Time) : INFO : keep login with email suyantolearn09@gmail.com success
Sun Mar 17 2024 21:32:08 GMT+0700 (Indochina Time) : INFO : keep login with email suyantolearn09@gmail.com success
Sun Mar 17 2024 21:32:08 GMT+0700 (Indochina Time) : INFO : keep login with email suyantolearn09@gmail.com success
Sun Mar 17 2024 21:32:11 GMT+0700 (Indochina Time) : INFO : keep login with email suyantolearn09@gmail.com success
Sun Mar 17 2024 21:32:11 GMT+0700 (Indochina Time) : INFO : get customer by id 2 was success
Sun Mar 17 2024 21:32:11 GMT+0700 (Indochina Time) : INFO : keep login with email suyantolearn09@gmail.com success
Sun Mar 17 2024 21:32:11 GMT+0700 (Indochina Time) : INFO : get customer by id 2 was success
Sun Mar 17 2024 21:32:15 GMT+0700 (Indochina Time) : INFO : get branchs by Geolocation success
Sun Mar 17 2024 21:32:36 GMT+0700 (Indochina Time) : INFO : get branchs by Geolocation success
Sun Mar 17 2024 21:39:28 GMT+0700 (Indochina Time) : INFO : get branchs by Geolocation success
Sun Mar 17 2024 21:39:29 GMT+0700 (Indochina Time) : INFO : get branchs by Geolocation success
Sun Mar 17 2024 21:39:30 GMT+0700 (Indochina Time) : INFO : get branchs by Geolocation success
Sun Mar 17 2024 21:39:34 GMT+0700 (Indochina Time) : INFO : get branchs by Geolocation success
Sun Mar 17 2024 21:39:36 GMT+0700 (Indochina Time) : INFO : get branchs by Geolocation success
Sun Mar 17 2024 21:39:39 GMT+0700 (Indochina Time) : INFO : get branchs by Geolocation success
Sun Mar 17 2024 21:39:41 GMT+0700 (Indochina Time) : INFO : get branchs by Geolocation success
Sun Mar 17 2024 22:10:14 GMT+0700 (Indochina Time) : INFO : get branchs success
Sun Mar 17 2024 22:10:14 GMT+0700 (Indochina Time) : INFO : get branchs success
Sun Mar 17 2024 22:10:14 GMT+0700 (Indochina Time) : INFO : get transaction by branch id 0 was success
Sun Mar 17 2024 22:10:14 GMT+0700 (Indochina Time) : INFO : get transaction by branch id 0 was success
Sun Mar 17 2024 22:10:23 GMT+0700 (Indochina Time) : INFO : login admin success with usernameOrEmail budisuperadmin@mail.com
Sun Mar 17 2024 22:10:23 GMT+0700 (Indochina Time) : INFO : get branchs success
Sun Mar 17 2024 22:10:23 GMT+0700 (Indochina Time) : INFO : keep login admin with email budisuperadmin@mail.com success
Sun Mar 17 2024 22:10:23 GMT+0700 (Indochina Time) : INFO : get branchs success
Sun Mar 17 2024 22:10:23 GMT+0700 (Indochina Time) : INFO : keep login admin with email budisuperadmin@mail.com success
Sun Mar 17 2024 22:10:23 GMT+0700 (Indochina Time) : INFO : get transactions success
Sun Mar 17 2024 22:10:23 GMT+0700 (Indochina Time) : INFO : get transactions success
Sun Mar 17 2024 22:10:23 GMT+0700 (Indochina Time) : INFO : get transactions success
Sun Mar 17 2024 22:10:23 GMT+0700 (Indochina Time) : INFO : get transactions success
Sun Mar 17 2024 22:10:25 GMT+0700 (Indochina Time) : INFO : get transaction with id GRC-PmsU-2_d was success
Sun Mar 17 2024 22:10:30 GMT+0700 (Indochina Time) : INFO : get transaction with id GRC-q71T-UEY was success
Sun Mar 17 2024 22:10:36 GMT+0700 (Indochina Time) : INFO : update transaction status with id GRC-q71T-UEY was success
Sun Mar 17 2024 22:16:10 GMT+0700 (Indochina Time) : INFO : get transaction with id GRC-mHPF-Whp was success
Sun Mar 17 2024 22:18:05 GMT+0700 (Indochina Time) : INFO : get customer by id 0 was success
Sun Mar 17 2024 22:18:05 GMT+0700 (Indochina Time) : INFO : keep login with email suyantolearn09@gmail.com success
Sun Mar 17 2024 22:18:05 GMT+0700 (Indochina Time) : INFO : get customer by id 0 was success
Sun Mar 17 2024 22:18:06 GMT+0700 (Indochina Time) : INFO : keep login with email suyantolearn09@gmail.com success
Sun Mar 17 2024 22:18:07 GMT+0700 (Indochina Time) : INFO : keep login with email suyantolearn09@gmail.com success
Sun Mar 17 2024 22:18:07 GMT+0700 (Indochina Time) : INFO : keep login with email suyantolearn09@gmail.com success
Sun Mar 17 2024 22:18:11 GMT+0700 (Indochina Time) : INFO : keep login with email suyantolearn09@gmail.com success
Sun Mar 17 2024 22:18:11 GMT+0700 (Indochina Time) : INFO : keep login with email suyantolearn09@gmail.com success
Sun Mar 17 2024 22:18:47 GMT+0700 (Indochina Time) : INFO : get customer by id 2 was success
Sun Mar 17 2024 22:18:47 GMT+0700 (Indochina Time) : INFO : keep login with email suyantolearn09@gmail.com success
Sun Mar 17 2024 22:18:47 GMT+0700 (Indochina Time) : INFO : get customer by id 2 was success
Sun Mar 17 2024 22:18:47 GMT+0700 (Indochina Time) : INFO : keep login with email suyantolearn09@gmail.com success
Sun Mar 17 2024 22:18:49 GMT+0700 (Indochina Time) : INFO : get branchs by Geolocation success
Sun Mar 17 2024 22:18:55 GMT+0700 (Indochina Time) : INFO : create transaction with id GRC-5omb-AqJ was success
Sun Mar 17 2024 22:18:59 GMT+0700 (Indochina Time) : INFO : keep login with email suyantolearn09@gmail.com success
Sun Mar 17 2024 22:18:59 GMT+0700 (Indochina Time) : INFO : get transaction with id GRC-5omb-AqJ was success
Sun Mar 17 2024 22:18:59 GMT+0700 (Indochina Time) : INFO : keep login with email suyantolearn09@gmail.com success
Sun Mar 17 2024 22:18:59 GMT+0700 (Indochina Time) : INFO : get transaction with id GRC-5omb-AqJ was success
Sun Mar 17 2024 22:19:16 GMT+0700 (Indochina Time) : INFO : update transaction payment proof success with transaction id GRC-5omb-AqJ
Sun Mar 17 2024 22:19:16 GMT+0700 (Indochina Time) : INFO : get transaction with id GRC-5omb-AqJ was success
Sun Mar 17 2024 22:21:26 GMT+0700 (Indochina Time) : INFO : get branchs success
Sun Mar 17 2024 22:21:26 GMT+0700 (Indochina Time) : INFO : keep login admin with email budisuperadmin@mail.com success
Sun Mar 17 2024 22:21:26 GMT+0700 (Indochina Time) : INFO : get transaction by branch id 0 was success
Sun Mar 17 2024 22:21:26 GMT+0700 (Indochina Time) : INFO : get branchs success
Sun Mar 17 2024 22:21:26 GMT+0700 (Indochina Time) : INFO : keep login admin with email budisuperadmin@mail.com success
Sun Mar 17 2024 22:21:26 GMT+0700 (Indochina Time) : INFO : get transaction by branch id 0 was success
Sun Mar 17 2024 22:21:26 GMT+0700 (Indochina Time) : INFO : keep login admin with email budisuperadmin@mail.com success
Sun Mar 17 2024 22:21:26 GMT+0700 (Indochina Time) : INFO : get branchs success
Sun Mar 17 2024 22:21:26 GMT+0700 (Indochina Time) : INFO : get transactions success
Sun Mar 17 2024 22:21:27 GMT+0700 (Indochina Time) : INFO : get transaction with id GRC-5omb-AqJ was success
Sun Mar 17 2024 22:21:29 GMT+0700 (Indochina Time) : INFO : update transaction status with id GRC-5omb-AqJ was success
Sun Mar 17 2024 22:21:29 GMT+0700 (Indochina Time) : INFO : get branchs success
Sun Mar 17 2024 22:21:29 GMT+0700 (Indochina Time) : INFO : get transactions success
Sun Mar 17 2024 22:21:38 GMT+0700 (Indochina Time) : INFO : get transaction with id GRC-5omb-AqJ was success
Sun Mar 17 2024 22:21:38 GMT+0700 (Indochina Time) : INFO : keep login with email suyantolearn09@gmail.com success
Sun Mar 17 2024 22:21:38 GMT+0700 (Indochina Time) : INFO : get transaction with id GRC-5omb-AqJ was success
Sun Mar 17 2024 22:21:38 GMT+0700 (Indochina Time) : INFO : keep login with email suyantolearn09@gmail.com success
Sun Mar 17 2024 22:21:38 GMT+0700 (Indochina Time) : INFO : keep login with email suyantolearn09@gmail.com success
